[0.017s] Invoking command in '/home/pranav/ws/build/my_robot_interfaces': CMAKE_PREFIX_PATH=/home/pranav/ws/install/mypkg:/home/pranav/learning_ws/install/mypkg:/opt/ros/humble /usr/bin/cmake /home/pranav/ws/src/my_robot_interfaces -DCMAKE_INSTALL_PREFIX=/home/pranav/ws/install/my_robot_interfaces
[0.070s] -- Found ament_cmake: 1.3.9 (/opt/ros/humble/share/ament_cmake/cmake)
[0.340s] -- Found rosidl_default_generators: 1.2.0 (/opt/ros/humble/share/rosidl_default_generators/cmake)
[0.343s] -- Using all available rosidl_typesupport_c: rosidl_typesupport_fastrtps_c;rosidl_typesupport_introspection_c
[0.349s] -- Found rosidl_adapter: 3.1.5 (/opt/ros/humble/share/rosidl_adapter/cmake)
[0.402s] -- Using all available rosidl_typesupport_cpp: rosidl_typesupport_fastrtps_cpp;rosidl_typesupport_introspection_cpp
[0.721s] -- Found ament_cmake_ros: 0.10.0 (/opt/ros/humble/share/ament_cmake_ros/cmake)
[0.948s] -- Using all available rosidl_typesupport_c: rosidl_typesupport_fastrtps_c;rosidl_typesupport_introspection_c
[1.217s] -- Using all available rosidl_typesupport_cpp: rosidl_typesupport_fastrtps_cpp;rosidl_typesupport_introspection_cpp
[1.241s] -- Found PythonInterp: /usr/bin/python3 (found suitable version "3.10.12", minimum required is "3.6") 
[1.243s] -- Found python_cmake_module: 0.10.0 (/opt/ros/humble/share/python_cmake_module/cmake)
[1.270s] -- Found PythonLibs: /usr/lib/x86_64-linux-gnu/libpython3.10.so (found suitable version "3.10.12", minimum required is "3.5") 
[1.271s] -- Using PYTHON_EXECUTABLE: /usr/bin/python3
[1.271s] -- Using PYTHON_INCLUDE_DIRS: /usr/include/python3.10
[1.271s] -- Using PYTHON_LIBRARIES: /usr/lib/x86_64-linux-gnu/libpython3.10.so
[1.291s] -- Found PythonExtra: .so  
[1.335s] -- Configuring done
[1.376s] -- Generating done
[1.378s] -- Build files have been written to: /home/pranav/ws/build/my_robot_interfaces
[1.384s] Invoked command in '/home/pranav/ws/build/my_robot_interfaces' returned '0': CMAKE_PREFIX_PATH=/home/pranav/ws/install/mypkg:/home/pranav/learning_ws/install/mypkg:/opt/ros/humble /usr/bin/cmake /home/pranav/ws/src/my_robot_interfaces -DCMAKE_INSTALL_PREFIX=/home/pranav/ws/install/my_robot_interfaces
[1.386s] Invoking command in '/home/pranav/ws/build/my_robot_interfaces': CMAKE_PREFIX_PATH=/home/pranav/ws/install/mypkg:/home/pranav/learning_ws/install/mypkg:/opt/ros/humble /usr/bin/cmake --build /home/pranav/ws/build/my_robot_interfaces -- -j4 -l4
[1.430s] [  1%] [34m[1mGenerating C code for ROS interfaces[0m
[1.442s] [  3%] [34m[1mGenerating C++ code for ROS interfaces[0m
[1.449s] [  3%] Built target ament_cmake_python_copy_my_robot_interfaces
[1.831s] running egg_info
[1.831s] creating my_robot_interfaces.egg-info
[1.831s] writing my_robot_interfaces.egg-info/PKG-INFO
[1.832s] writing dependency_links to my_robot_interfaces.egg-info/dependency_links.txt
[1.832s] writing top-level names to my_robot_interfaces.egg-info/top_level.txt
[1.832s] writing manifest file 'my_robot_interfaces.egg-info/SOURCES.txt'
[1.834s] reading manifest file 'my_robot_interfaces.egg-info/SOURCES.txt'
[1.834s] writing manifest file 'my_robot_interfaces.egg-info/SOURCES.txt'
[1.870s] [  3%] Built target ament_cmake_python_build_my_robot_interfaces_egg
[1.947s] [  5%] [32mBuilding C object CMakeFiles/my_robot_interfaces__rosidl_generator_c.dir/rosidl_generator_c/my_robot_interfaces/msg/detail/hardware_status__functions.c.o[0m
[1.952s] [  7%] [32mBuilding C object CMakeFiles/my_robot_interfaces__rosidl_generator_c.dir/rosidl_generator_c/my_robot_interfaces/msg/detail/led_state_array__functions.c.o[0m
[1.995s] [  9%] [32mBuilding C object CMakeFiles/my_robot_interfaces__rosidl_generator_c.dir/rosidl_generator_c/my_robot_interfaces/srv/detail/compute_rectangle_area__functions.c.o[0m
[1.996s] [  9%] Built target my_robot_interfaces__cpp
[2.010s] [ 10%] [34m[1mGenerating C++ type support dispatch for ROS interfaces[0m
[2.061s] [ 12%] [32mBuilding C object CMakeFiles/my_robot_interfaces__rosidl_generator_c.dir/rosidl_generator_c/my_robot_interfaces/srv/detail/set_led__functions.c.o[0m
[2.062s] [ 14%] [34m[1mGenerating C++ type support for eProsima Fast-RTPS[0m
[2.081s] [ 16%] [34m[1mGenerating C++ introspection for ROS interfaces[0m
[2.135s] [ 18%] [32m[1mLinking C shared library libmy_robot_interfaces__rosidl_generator_c.so[0m
[2.225s] [ 18%] Built target my_robot_interfaces__rosidl_generator_c
[2.240s] [ 20%] [34m[1mGenerating C type support for eProsima Fast-RTPS[0m
[2.412s] [ 21%] [32mBuilding CXX object CMakeFiles/my_robot_interfaces__rosidl_typesupport_cpp.dir/rosidl_typesupport_cpp/my_robot_interfaces/msg/hardware_status__type_support.cpp.o[0m
[2.634s] [ 23%] [32mBuilding CXX object CMakeFiles/my_robot_interfaces__rosidl_typesupport_fastrtps_cpp.dir/rosidl_typesupport_fastrtps_cpp/my_robot_interfaces/msg/detail/dds_fastrtps/hardware_status__type_support.cpp.o[0m
[2.646s] [ 25%] [32mBuilding CXX object CMakeFiles/my_robot_interfaces__rosidl_typesupport_introspection_cpp.dir/rosidl_typesupport_introspection_cpp/my_robot_interfaces/msg/detail/hardware_status__type_support.cpp.o[0m
[2.804s] [ 27%] [32mBuilding CXX object CMakeFiles/my_robot_interfaces__rosidl_typesupport_fastrtps_c.dir/rosidl_typesupport_fastrtps_c/my_robot_interfaces/msg/detail/hardware_status__type_support_c.cpp.o[0m
[3.157s] [ 29%] [32mBuilding CXX object CMakeFiles/my_robot_interfaces__rosidl_typesupport_cpp.dir/rosidl_typesupport_cpp/my_robot_interfaces/msg/led_state_array__type_support.cpp.o[0m
[3.642s] [ 30%] [32mBuilding CXX object CMakeFiles/my_robot_interfaces__rosidl_typesupport_fastrtps_cpp.dir/rosidl_typesupport_fastrtps_cpp/my_robot_interfaces/msg/detail/dds_fastrtps/led_state_array__type_support.cpp.o[0m
[3.648s] [ 32%] [32mBuilding CXX object CMakeFiles/my_robot_interfaces__rosidl_typesupport_introspection_cpp.dir/rosidl_typesupport_introspection_cpp/my_robot_interfaces/msg/detail/led_state_array__type_support.cpp.o[0m
[3.696s] [ 34%] [32mBuilding CXX object CMakeFiles/my_robot_interfaces__rosidl_typesupport_fastrtps_c.dir/rosidl_typesupport_fastrtps_c/my_robot_interfaces/msg/detail/led_state_array__type_support_c.cpp.o[0m
[3.748s] [ 36%] [32mBuilding CXX object CMakeFiles/my_robot_interfaces__rosidl_typesupport_cpp.dir/rosidl_typesupport_cpp/my_robot_interfaces/srv/compute_rectangle_area__type_support.cpp.o[0m
[4.057s] [ 38%] [32mBuilding CXX object CMakeFiles/my_robot_interfaces__rosidl_typesupport_fastrtps_c.dir/rosidl_typesupport_fastrtps_c/my_robot_interfaces/srv/detail/compute_rectangle_area__type_support_c.cpp.o[0m
[4.100s] [ 40%] [32mBuilding CXX object CMakeFiles/my_robot_interfaces__rosidl_typesupport_cpp.dir/rosidl_typesupport_cpp/my_robot_interfaces/srv/set_led__type_support.cpp.o[0m
[4.137s] [ 41%] [32mBuilding CXX object CMakeFiles/my_robot_interfaces__rosidl_typesupport_introspection_cpp.dir/rosidl_typesupport_introspection_cpp/my_robot_interfaces/srv/detail/compute_rectangle_area__type_support.cpp.o[0m
[4.142s] [ 43%] [32mBuilding CXX object CMakeFiles/my_robot_interfaces__rosidl_typesupport_fastrtps_cpp.dir/rosidl_typesupport_fastrtps_cpp/my_robot_interfaces/srv/detail/dds_fastrtps/compute_rectangle_area__type_support.cpp.o[0m
[4.401s] [ 45%] [32m[1mLinking CXX shared library libmy_robot_interfaces__rosidl_typesupport_cpp.so[0m
[4.429s] [ 47%] [32mBuilding CXX object CMakeFiles/my_robot_interfaces__rosidl_typesupport_fastrtps_c.dir/rosidl_typesupport_fastrtps_c/my_robot_interfaces/srv/detail/set_led__type_support_c.cpp.o[0m
[4.462s] [ 47%] Built target my_robot_interfaces__rosidl_typesupport_cpp
[4.473s] [ 49%] [34m[1mGenerating C introspection for ROS interfaces[0m
[4.555s] [ 50%] [32mBuilding CXX object CMakeFiles/my_robot_interfaces__rosidl_typesupport_introspection_cpp.dir/rosidl_typesupport_introspection_cpp/my_robot_interfaces/srv/detail/set_led__type_support.cpp.o[0m
[4.600s] [ 52%] [32mBuilding CXX object CMakeFiles/my_robot_interfaces__rosidl_typesupport_fastrtps_cpp.dir/rosidl_typesupport_fastrtps_cpp/my_robot_interfaces/srv/detail/dds_fastrtps/set_led__type_support.cpp.o[0m
[4.812s] [ 54%] [32m[1mLinking CXX shared library libmy_robot_interfaces__rosidl_typesupport_fastrtps_c.so[0m
[4.913s] [ 54%] Built target my_robot_interfaces__rosidl_typesupport_fastrtps_c
[4.930s] [ 56%] [34m[1mGenerating C type support dispatch for ROS interfaces[0m
[5.002s] [ 58%] [32mBuilding C object CMakeFiles/my_robot_interfaces__rosidl_typesupport_introspection_c.dir/rosidl_typesupport_introspection_c/my_robot_interfaces/msg/detail/hardware_status__type_support.c.o[0m
[5.007s] [ 60%] [32m[1mLinking CXX shared library libmy_robot_interfaces__rosidl_typesupport_introspection_cpp.so[0m
[5.056s] [ 61%] [32mBuilding C object CMakeFiles/my_robot_interfaces__rosidl_typesupport_introspection_c.dir/rosidl_typesupport_introspection_c/my_robot_interfaces/msg/detail/led_state_array__type_support.c.o[0m
[5.076s] [ 63%] [32m[1mLinking CXX shared library libmy_robot_interfaces__rosidl_typesupport_fastrtps_cpp.so[0m
[5.107s] [ 65%] [32mBuilding C object CMakeFiles/my_robot_interfaces__rosidl_typesupport_introspection_c.dir/rosidl_typesupport_introspection_c/my_robot_interfaces/srv/detail/compute_rectangle_area__type_support.c.o[0m
[5.116s] [ 65%] Built target my_robot_interfaces__rosidl_typesupport_introspection_cpp
[5.135s] [ 67%] [32mBuilding C object CMakeFiles/my_robot_interfaces__rosidl_typesupport_introspection_c.dir/rosidl_typesupport_introspection_c/my_robot_interfaces/srv/detail/set_led__type_support.c.o[0m
[5.175s] [ 69%] [32m[1mLinking C shared library libmy_robot_interfaces__rosidl_typesupport_introspection_c.so[0m
[5.175s] [ 69%] Built target my_robot_interfaces__rosidl_typesupport_fastrtps_cpp
[5.215s] [ 69%] Built target my_robot_interfaces__rosidl_typesupport_introspection_c
[5.270s] [ 70%] [32mBuilding CXX object CMakeFiles/my_robot_interfaces__rosidl_typesupport_c.dir/rosidl_typesupport_c/my_robot_interfaces/srv/compute_rectangle_area__type_support.cpp.o[0m
[5.270s] [ 72%] [32mBuilding CXX object CMakeFiles/my_robot_interfaces__rosidl_typesupport_c.dir/rosidl_typesupport_c/my_robot_interfaces/msg/hardware_status__type_support.cpp.o[0m
[5.271s] [ 74%] [32mBuilding CXX object CMakeFiles/my_robot_interfaces__rosidl_typesupport_c.dir/rosidl_typesupport_c/my_robot_interfaces/srv/set_led__type_support.cpp.o[0m
[5.271s] [ 76%] [32mBuilding CXX object CMakeFiles/my_robot_interfaces__rosidl_typesupport_c.dir/rosidl_typesupport_c/my_robot_interfaces/msg/led_state_array__type_support.cpp.o[0m
[5.311s] [ 78%] [32m[1mLinking CXX shared library libmy_robot_interfaces__rosidl_typesupport_c.so[0m
[5.369s] [ 78%] Built target my_robot_interfaces__rosidl_typesupport_c
[5.395s] [ 78%] Built target my_robot_interfaces
[5.421s] [ 80%] [34m[1mGenerating Python code for ROS interfaces[0m
[6.008s] [ 80%] Built target my_robot_interfaces__py
[6.035s] [ 85%] [32mBuilding C object CMakeFiles/my_robot_interfaces__rosidl_generator_py.dir/rosidl_generator_py/my_robot_interfaces/msg/_hardware_status_s.c.o[0m
[6.035s] [ 85%] [32mBuilding C object CMakeFiles/my_robot_interfaces__rosidl_generator_py.dir/rosidl_generator_py/my_robot_interfaces/srv/_compute_rectangle_area_s.c.o[0m
[6.035s] [ 85%] [32mBuilding C object CMakeFiles/my_robot_interfaces__rosidl_generator_py.dir/rosidl_generator_py/my_robot_interfaces/msg/_led_state_array_s.c.o[0m
[6.036s] [ 87%] [32mBuilding C object CMakeFiles/my_robot_interfaces__rosidl_generator_py.dir/rosidl_generator_py/my_robot_interfaces/srv/_set_led_s.c.o[0m
[6.211s] [ 89%] [32m[1mLinking C shared library rosidl_generator_py/my_robot_interfaces/libmy_robot_interfaces__rosidl_generator_py.so[0m
[6.255s] [ 89%] Built target my_robot_interfaces__rosidl_generator_py
[6.282s] [ 90%] [32mBuilding C object CMakeFiles/my_robot_interfaces__rosidl_typesupport_fastrtps_c__pyext.dir/rosidl_generator_py/my_robot_interfaces/_my_robot_interfaces_s.ep.rosidl_typesupport_fastrtps_c.c.o[0m
[6.282s] [ 94%] [32mBuilding C object CMakeFiles/my_robot_interfaces__rosidl_typesupport_c__pyext.dir/rosidl_generator_py/my_robot_interfaces/_my_robot_interfaces_s.ep.rosidl_typesupport_c.c.o[0m
[6.283s] [ 94%] [32mBuilding C object CMakeFiles/my_robot_interfaces__rosidl_typesupport_introspection_c__pyext.dir/rosidl_generator_py/my_robot_interfaces/_my_robot_interfaces_s.ep.rosidl_typesupport_introspection_c.c.o[0m
[6.401s] [ 96%] [32m[1mLinking C shared library rosidl_generator_py/my_robot_interfaces/my_robot_interfaces_s__rosidl_typesupport_c.cpython-310-x86_64-linux-gnu.so[0m
[6.402s] [ 98%] [32m[1mLinking C shared library rosidl_generator_py/my_robot_interfaces/my_robot_interfaces_s__rosidl_typesupport_introspection_c.cpython-310-x86_64-linux-gnu.so[0m
[6.419s] [100%] [32m[1mLinking C shared library rosidl_generator_py/my_robot_interfaces/my_robot_interfaces_s__rosidl_typesupport_fastrtps_c.cpython-310-x86_64-linux-gnu.so[0m
[6.445s] [100%] Built target my_robot_interfaces__rosidl_typesupport_c__pyext
[6.451s] [100%] Built target my_robot_interfaces__rosidl_typesupport_introspection_c__pyext
[6.462s] [100%] Built target my_robot_interfaces__rosidl_typesupport_fastrtps_c__pyext
[6.476s] Invoked command in '/home/pranav/ws/build/my_robot_interfaces' returned '0': CMAKE_PREFIX_PATH=/home/pranav/ws/install/mypkg:/home/pranav/learning_ws/install/mypkg:/opt/ros/humble /usr/bin/cmake --build /home/pranav/ws/build/my_robot_interfaces -- -j4 -l4
[6.628s] Invoking command in '/home/pranav/ws/build/my_robot_interfaces': CMAKE_PREFIX_PATH=/home/pranav/ws/install/mypkg:/home/pranav/learning_ws/install/mypkg:/opt/ros/humble /usr/bin/cmake --install /home/pranav/ws/build/my_robot_interfaces
[6.638s] -- Install configuration: ""
[6.638s] -- Installing: /home/pranav/ws/install/my_robot_interfaces/share/ament_index/resource_index/rosidl_interfaces/my_robot_interfaces
[6.639s] -- Installing: /home/pranav/ws/install/my_robot_interfaces/include/my_robot_interfaces/my_robot_interfaces
[6.639s] -- Installing: /home/pranav/ws/install/my_robot_interfaces/include/my_robot_interfaces/my_robot_interfaces/srv
[6.639s] -- Installing: /home/pranav/ws/install/my_robot_interfaces/include/my_robot_interfaces/my_robot_interfaces/srv/detail
[6.639s] -- Installing: /home/pranav/ws/install/my_robot_interfaces/include/my_robot_interfaces/my_robot_interfaces/srv/detail/compute_rectangle_area__functions.h
[6.640s] -- Installing: /home/pranav/ws/install/my_robot_interfaces/include/my_robot_interfaces/my_robot_interfaces/srv/detail/set_led__functions.c
[6.640s] -- Installing: /home/pranav/ws/install/my_robot_interfaces/include/my_robot_interfaces/my_robot_interfaces/srv/detail/set_led__functions.h
[6.640s] -- Installing: /home/pranav/ws/install/my_robot_interfaces/include/my_robot_interfaces/my_robot_interfaces/srv/detail/compute_rectangle_area__struct.h
[6.641s] -- Installing: /home/pranav/ws/install/my_robot_interfaces/include/my_robot_interfaces/my_robot_interfaces/srv/detail/compute_rectangle_area__functions.c
[6.641s] -- Installing: /home/pranav/ws/install/my_robot_interfaces/include/my_robot_interfaces/my_robot_interfaces/srv/detail/set_led__type_support.h
[6.641s] -- Installing: /home/pranav/ws/install/my_robot_interfaces/include/my_robot_interfaces/my_robot_interfaces/srv/detail/set_led__struct.h
[6.642s] -- Installing: /home/pranav/ws/install/my_robot_interfaces/include/my_robot_interfaces/my_robot_interfaces/srv/detail/compute_rectangle_area__type_support.h
[6.642s] -- Installing: /home/pranav/ws/install/my_robot_interfaces/include/my_robot_interfaces/my_robot_interfaces/srv/set_led.h
[6.642s] -- Installing: /home/pranav/ws/install/my_robot_interfaces/include/my_robot_interfaces/my_robot_interfaces/srv/compute_rectangle_area.h
[6.642s] -- Installing: /home/pranav/ws/install/my_robot_interfaces/include/my_robot_interfaces/my_robot_interfaces/msg
[6.642s] -- Installing: /home/pranav/ws/install/my_robot_interfaces/include/my_robot_interfaces/my_robot_interfaces/msg/detail
[6.643s] -- Installing: /home/pranav/ws/install/my_robot_interfaces/include/my_robot_interfaces/my_robot_interfaces/msg/detail/hardware_status__functions.c
[6.643s] -- Installing: /home/pranav/ws/install/my_robot_interfaces/include/my_robot_interfaces/my_robot_interfaces/msg/detail/led_state_array__functions.c
[6.643s] -- Installing: /home/pranav/ws/install/my_robot_interfaces/include/my_robot_interfaces/my_robot_interfaces/msg/detail/hardware_status__type_support.h
[6.643s] -- Installing: /home/pranav/ws/install/my_robot_interfaces/include/my_robot_interfaces/my_robot_interfaces/msg/detail/led_state_array__type_support.h
[6.644s] -- Installing: /home/pranav/ws/install/my_robot_interfaces/include/my_robot_interfaces/my_robot_interfaces/msg/detail/led_state_array__functions.h
[6.644s] -- Installing: /home/pranav/ws/install/my_robot_interfaces/include/my_robot_interfaces/my_robot_interfaces/msg/detail/led_state_array__struct.h
[6.644s] -- Installing: /home/pranav/ws/install/my_robot_interfaces/include/my_robot_interfaces/my_robot_interfaces/msg/detail/hardware_status__functions.h
[6.645s] -- Installing: /home/pranav/ws/install/my_robot_interfaces/include/my_robot_interfaces/my_robot_interfaces/msg/detail/hardware_status__struct.h
[6.645s] -- Installing: /home/pranav/ws/install/my_robot_interfaces/include/my_robot_interfaces/my_robot_interfaces/msg/rosidl_generator_c__visibility_control.h
[6.645s] -- Installing: /home/pranav/ws/install/my_robot_interfaces/include/my_robot_interfaces/my_robot_interfaces/msg/hardware_status.h
[6.645s] -- Installing: /home/pranav/ws/install/my_robot_interfaces/include/my_robot_interfaces/my_robot_interfaces/msg/led_state_array.h
[6.646s] -- Installing: /home/pranav/ws/install/my_robot_interfaces/share/my_robot_interfaces/environment/library_path.sh
[6.646s] -- Installing: /home/pranav/ws/install/my_robot_interfaces/share/my_robot_interfaces/environment/library_path.dsv
[6.646s] -- Installing: /home/pranav/ws/install/my_robot_interfaces/lib/libmy_robot_interfaces__rosidl_generator_c.so
[6.647s] -- Set runtime path of "/home/pranav/ws/install/my_robot_interfaces/lib/libmy_robot_interfaces__rosidl_generator_c.so" to ""
[6.647s] -- Up-to-date: /home/pranav/ws/install/my_robot_interfaces/include/my_robot_interfaces/my_robot_interfaces
[6.648s] -- Up-to-date: /home/pranav/ws/install/my_robot_interfaces/include/my_robot_interfaces/my_robot_interfaces/srv
[6.648s] -- Up-to-date: /home/pranav/ws/install/my_robot_interfaces/include/my_robot_interfaces/my_robot_interfaces/srv/detail
[6.648s] -- Installing: /home/pranav/ws/install/my_robot_interfaces/include/my_robot_interfaces/my_robot_interfaces/srv/detail/set_led__rosidl_typesupport_fastrtps_c.h
[6.648s] -- Installing: /home/pranav/ws/install/my_robot_interfaces/include/my_robot_interfaces/my_robot_interfaces/srv/detail/compute_rectangle_area__rosidl_typesupport_fastrtps_c.h
[6.648s] -- Up-to-date: /home/pranav/ws/install/my_robot_interfaces/include/my_robot_interfaces/my_robot_interfaces/msg
[6.648s] -- Installing: /home/pranav/ws/install/my_robot_interfaces/include/my_robot_interfaces/my_robot_interfaces/msg/rosidl_typesupport_fastrtps_c__visibility_control.h
[6.649s] -- Up-to-date: /home/pranav/ws/install/my_robot_interfaces/include/my_robot_interfaces/my_robot_interfaces/msg/detail
[6.649s] -- Installing: /home/pranav/ws/install/my_robot_interfaces/include/my_robot_interfaces/my_robot_interfaces/msg/detail/hardware_status__rosidl_typesupport_fastrtps_c.h
[6.649s] -- Installing: /home/pranav/ws/install/my_robot_interfaces/include/my_robot_interfaces/my_robot_interfaces/msg/detail/led_state_array__rosidl_typesupport_fastrtps_c.h
[6.649s] -- Installing: /home/pranav/ws/install/my_robot_interfaces/lib/libmy_robot_interfaces__rosidl_typesupport_fastrtps_c.so
[6.650s] -- Set runtime path of "/home/pranav/ws/install/my_robot_interfaces/lib/libmy_robot_interfaces__rosidl_typesupport_fastrtps_c.so" to ""
[6.650s] -- Up-to-date: /home/pranav/ws/install/my_robot_interfaces/include/my_robot_interfaces/my_robot_interfaces
[6.651s] -- Up-to-date: /home/pranav/ws/install/my_robot_interfaces/include/my_robot_interfaces/my_robot_interfaces/srv
[6.651s] -- Up-to-date: /home/pranav/ws/install/my_robot_interfaces/include/my_robot_interfaces/my_robot_interfaces/srv/detail
[6.651s] -- Installing: /home/pranav/ws/install/my_robot_interfaces/include/my_robot_interfaces/my_robot_interfaces/srv/detail/compute_rectangle_area__rosidl_typesupport_introspection_c.h
[6.651s] -- Installing: /home/pranav/ws/install/my_robot_interfaces/include/my_robot_interfaces/my_robot_interfaces/srv/detail/compute_rectangle_area__type_support.c
[6.651s] -- Installing: /home/pranav/ws/install/my_robot_interfaces/include/my_robot_interfaces/my_robot_interfaces/srv/detail/set_led__rosidl_typesupport_introspection_c.h
[6.652s] -- Installing: /home/pranav/ws/install/my_robot_interfaces/include/my_robot_interfaces/my_robot_interfaces/srv/detail/set_led__type_support.c
[6.652s] -- Up-to-date: /home/pranav/ws/install/my_robot_interfaces/include/my_robot_interfaces/my_robot_interfaces/msg
[6.652s] -- Up-to-date: /home/pranav/ws/install/my_robot_interfaces/include/my_robot_interfaces/my_robot_interfaces/msg/detail
[6.652s] -- Installing: /home/pranav/ws/install/my_robot_interfaces/include/my_robot_interfaces/my_robot_interfaces/msg/detail/hardware_status__type_support.c
[6.652s] -- Installing: /home/pranav/ws/install/my_robot_interfaces/include/my_robot_interfaces/my_robot_interfaces/msg/detail/hardware_status__rosidl_typesupport_introspection_c.h
[6.653s] -- Installing: /home/pranav/ws/install/my_robot_interfaces/include/my_robot_interfaces/my_robot_interfaces/msg/detail/led_state_array__type_support.c
[6.653s] -- Installing: /home/pranav/ws/install/my_robot_interfaces/include/my_robot_interfaces/my_robot_interfaces/msg/detail/led_state_array__rosidl_typesupport_introspection_c.h
[6.653s] -- Installing: /home/pranav/ws/install/my_robot_interfaces/include/my_robot_interfaces/my_robot_interfaces/msg/rosidl_typesupport_introspection_c__visibility_control.h
[6.654s] -- Installing: /home/pranav/ws/install/my_robot_interfaces/lib/libmy_robot_interfaces__rosidl_typesupport_introspection_c.so
[6.654s] -- Set runtime path of "/home/pranav/ws/install/my_robot_interfaces/lib/libmy_robot_interfaces__rosidl_typesupport_introspection_c.so" to ""
[6.655s] -- Installing: /home/pranav/ws/install/my_robot_interfaces/lib/libmy_robot_interfaces__rosidl_typesupport_c.so
[6.655s] -- Set runtime path of "/home/pranav/ws/install/my_robot_interfaces/lib/libmy_robot_interfaces__rosidl_typesupport_c.so" to ""
[6.655s] -- Up-to-date: /home/pranav/ws/install/my_robot_interfaces/include/my_robot_interfaces/my_robot_interfaces
[6.656s] -- Up-to-date: /home/pranav/ws/install/my_robot_interfaces/include/my_robot_interfaces/my_robot_interfaces/srv
[6.656s] -- Installing: /home/pranav/ws/install/my_robot_interfaces/include/my_robot_interfaces/my_robot_interfaces/srv/compute_rectangle_area.hpp
[6.656s] -- Up-to-date: /home/pranav/ws/install/my_robot_interfaces/include/my_robot_interfaces/my_robot_interfaces/srv/detail
[6.656s] -- Installing: /home/pranav/ws/install/my_robot_interfaces/include/my_robot_interfaces/my_robot_interfaces/srv/detail/set_led__traits.hpp
[6.656s] -- Installing: /home/pranav/ws/install/my_robot_interfaces/include/my_robot_interfaces/my_robot_interfaces/srv/detail/set_led__struct.hpp
[6.657s] -- Installing: /home/pranav/ws/install/my_robot_interfaces/include/my_robot_interfaces/my_robot_interfaces/srv/detail/compute_rectangle_area__traits.hpp
[6.657s] -- Installing: /home/pranav/ws/install/my_robot_interfaces/include/my_robot_interfaces/my_robot_interfaces/srv/detail/compute_rectangle_area__struct.hpp
[6.657s] -- Installing: /home/pranav/ws/install/my_robot_interfaces/include/my_robot_interfaces/my_robot_interfaces/srv/detail/compute_rectangle_area__builder.hpp
[6.657s] -- Installing: /home/pranav/ws/install/my_robot_interfaces/include/my_robot_interfaces/my_robot_interfaces/srv/detail/set_led__builder.hpp
[6.657s] -- Installing: /home/pranav/ws/install/my_robot_interfaces/include/my_robot_interfaces/my_robot_interfaces/srv/set_led.hpp
[6.658s] -- Up-to-date: /home/pranav/ws/install/my_robot_interfaces/include/my_robot_interfaces/my_robot_interfaces/msg
[6.658s] -- Installing: /home/pranav/ws/install/my_robot_interfaces/include/my_robot_interfaces/my_robot_interfaces/msg/hardware_status.hpp
[6.658s] -- Up-to-date: /home/pranav/ws/install/my_robot_interfaces/include/my_robot_interfaces/my_robot_interfaces/msg/detail
[6.659s] -- Installing: /home/pranav/ws/install/my_robot_interfaces/include/my_robot_interfaces/my_robot_interfaces/msg/detail/led_state_array__struct.hpp
[6.659s] -- Installing: /home/pranav/ws/install/my_robot_interfaces/include/my_robot_interfaces/my_robot_interfaces/msg/detail/hardware_status__builder.hpp
[6.659s] -- Installing: /home/pranav/ws/install/my_robot_interfaces/include/my_robot_interfaces/my_robot_interfaces/msg/detail/hardware_status__struct.hpp
[6.660s] -- Installing: /home/pranav/ws/install/my_robot_interfaces/include/my_robot_interfaces/my_robot_interfaces/msg/detail/led_state_array__builder.hpp
[6.660s] -- Installing: /home/pranav/ws/install/my_robot_interfaces/include/my_robot_interfaces/my_robot_interfaces/msg/detail/hardware_status__traits.hpp
[6.660s] -- Installing: /home/pranav/ws/install/my_robot_interfaces/include/my_robot_interfaces/my_robot_interfaces/msg/detail/led_state_array__traits.hpp
[6.660s] -- Installing: /home/pranav/ws/install/my_robot_interfaces/include/my_robot_interfaces/my_robot_interfaces/msg/led_state_array.hpp
[6.661s] -- Up-to-date: /home/pranav/ws/install/my_robot_interfaces/include/my_robot_interfaces/my_robot_interfaces
[6.661s] -- Up-to-date: /home/pranav/ws/install/my_robot_interfaces/include/my_robot_interfaces/my_robot_interfaces/srv
[6.661s] -- Up-to-date: /home/pranav/ws/install/my_robot_interfaces/include/my_robot_interfaces/my_robot_interfaces/srv/detail
[6.661s] -- Installing: /home/pranav/ws/install/my_robot_interfaces/include/my_robot_interfaces/my_robot_interfaces/srv/detail/set_led__rosidl_typesupport_fastrtps_cpp.hpp
[6.662s] -- Installing: /home/pranav/ws/install/my_robot_interfaces/include/my_robot_interfaces/my_robot_interfaces/srv/detail/compute_rectangle_area__rosidl_typesupport_fastrtps_cpp.hpp
[6.662s] -- Installing: /home/pranav/ws/install/my_robot_interfaces/include/my_robot_interfaces/my_robot_interfaces/srv/detail/dds_fastrtps
[6.662s] -- Up-to-date: /home/pranav/ws/install/my_robot_interfaces/include/my_robot_interfaces/my_robot_interfaces/msg
[6.662s] -- Up-to-date: /home/pranav/ws/install/my_robot_interfaces/include/my_robot_interfaces/my_robot_interfaces/msg/detail
[6.662s] -- Installing: /home/pranav/ws/install/my_robot_interfaces/include/my_robot_interfaces/my_robot_interfaces/msg/detail/led_state_array__rosidl_typesupport_fastrtps_cpp.hpp
[6.663s] -- Installing: /home/pranav/ws/install/my_robot_interfaces/include/my_robot_interfaces/my_robot_interfaces/msg/detail/hardware_status__rosidl_typesupport_fastrtps_cpp.hpp
[6.663s] -- Installing: /home/pranav/ws/install/my_robot_interfaces/include/my_robot_interfaces/my_robot_interfaces/msg/detail/dds_fastrtps
[6.663s] -- Installing: /home/pranav/ws/install/my_robot_interfaces/include/my_robot_interfaces/my_robot_interfaces/msg/rosidl_typesupport_fastrtps_cpp__visibility_control.h
[6.663s] -- Installing: /home/pranav/ws/install/my_robot_interfaces/lib/libmy_robot_interfaces__rosidl_typesupport_fastrtps_cpp.so
[6.664s] -- Set runtime path of "/home/pranav/ws/install/my_robot_interfaces/lib/libmy_robot_interfaces__rosidl_typesupport_fastrtps_cpp.so" to ""
[6.664s] -- Up-to-date: /home/pranav/ws/install/my_robot_interfaces/include/my_robot_interfaces/my_robot_interfaces
[6.664s] -- Up-to-date: /home/pranav/ws/install/my_robot_interfaces/include/my_robot_interfaces/my_robot_interfaces/srv
[6.665s] -- Up-to-date: /home/pranav/ws/install/my_robot_interfaces/include/my_robot_interfaces/my_robot_interfaces/srv/detail
[6.665s] -- Installing: /home/pranav/ws/install/my_robot_interfaces/include/my_robot_interfaces/my_robot_interfaces/srv/detail/compute_rectangle_area__type_support.cpp
[6.665s] -- Installing: /home/pranav/ws/install/my_robot_interfaces/include/my_robot_interfaces/my_robot_interfaces/srv/detail/compute_rectangle_area__rosidl_typesupport_introspection_cpp.hpp
[6.665s] -- Installing: /home/pranav/ws/install/my_robot_interfaces/include/my_robot_interfaces/my_robot_interfaces/srv/detail/set_led__type_support.cpp
[6.666s] -- Installing: /home/pranav/ws/install/my_robot_interfaces/include/my_robot_interfaces/my_robot_interfaces/srv/detail/set_led__rosidl_typesupport_introspection_cpp.hpp
[6.666s] -- Up-to-date: /home/pranav/ws/install/my_robot_interfaces/include/my_robot_interfaces/my_robot_interfaces/msg
[6.667s] -- Up-to-date: /home/pranav/ws/install/my_robot_interfaces/include/my_robot_interfaces/my_robot_interfaces/msg/detail
[6.667s] -- Installing: /home/pranav/ws/install/my_robot_interfaces/include/my_robot_interfaces/my_robot_interfaces/msg/detail/hardware_status__rosidl_typesupport_introspection_cpp.hpp
[6.667s] -- Installing: /home/pranav/ws/install/my_robot_interfaces/include/my_robot_interfaces/my_robot_interfaces/msg/detail/led_state_array__rosidl_typesupport_introspection_cpp.hpp
[6.667s] -- Installing: /home/pranav/ws/install/my_robot_interfaces/include/my_robot_interfaces/my_robot_interfaces/msg/detail/hardware_status__type_support.cpp
[6.668s] -- Installing: /home/pranav/ws/install/my_robot_interfaces/include/my_robot_interfaces/my_robot_interfaces/msg/detail/led_state_array__type_support.cpp
[6.668s] -- Installing: /home/pranav/ws/install/my_robot_interfaces/lib/libmy_robot_interfaces__rosidl_typesupport_introspection_cpp.so
[6.668s] -- Set runtime path of "/home/pranav/ws/install/my_robot_interfaces/lib/libmy_robot_interfaces__rosidl_typesupport_introspection_cpp.so" to ""
[6.669s] -- Installing: /home/pranav/ws/install/my_robot_interfaces/lib/libmy_robot_interfaces__rosidl_typesupport_cpp.so
[6.669s] -- Set runtime path of "/home/pranav/ws/install/my_robot_interfaces/lib/libmy_robot_interfaces__rosidl_typesupport_cpp.so" to ""
[6.669s] -- Installing: /home/pranav/ws/install/my_robot_interfaces/share/my_robot_interfaces/environment/pythonpath.sh
[6.670s] -- Installing: /home/pranav/ws/install/my_robot_interfaces/share/my_robot_interfaces/environment/pythonpath.dsv
[6.670s] -- Installing: /home/pranav/ws/install/my_robot_interfaces/local/lib/python3.10/dist-packages/my_robot_interfaces-0.0.0-py3.10.egg-info
[6.670s] -- Installing: /home/pranav/ws/install/my_robot_interfaces/local/lib/python3.10/dist-packages/my_robot_interfaces-0.0.0-py3.10.egg-info/dependency_links.txt
[6.670s] -- Installing: /home/pranav/ws/install/my_robot_interfaces/local/lib/python3.10/dist-packages/my_robot_interfaces-0.0.0-py3.10.egg-info/top_level.txt
[6.671s] -- Installing: /home/pranav/ws/install/my_robot_interfaces/local/lib/python3.10/dist-packages/my_robot_interfaces-0.0.0-py3.10.egg-info/SOURCES.txt
[6.671s] -- Installing: /home/pranav/ws/install/my_robot_interfaces/local/lib/python3.10/dist-packages/my_robot_interfaces-0.0.0-py3.10.egg-info/PKG-INFO
[6.671s] -- Installing: /home/pranav/ws/install/my_robot_interfaces/local/lib/python3.10/dist-packages/my_robot_interfaces
[6.671s] -- Installing: /home/pranav/ws/install/my_robot_interfaces/local/lib/python3.10/dist-packages/my_robot_interfaces/_my_robot_interfaces_s.ep.rosidl_typesupport_c.c
[6.672s] -- Installing: /home/pranav/ws/install/my_robot_interfaces/local/lib/python3.10/dist-packages/my_robot_interfaces/_my_robot_interfaces_s.ep.rosidl_typesupport_fastrtps_c.c
[6.672s] -- Installing: /home/pranav/ws/install/my_robot_interfaces/local/lib/python3.10/dist-packages/my_robot_interfaces/srv
[6.672s] -- Installing: /home/pranav/ws/install/my_robot_interfaces/local/lib/python3.10/dist-packages/my_robot_interfaces/srv/_set_led_s.c
[6.672s] -- Installing: /home/pranav/ws/install/my_robot_interfaces/local/lib/python3.10/dist-packages/my_robot_interfaces/srv/_compute_rectangle_area_s.c
[6.673s] -- Installing: /home/pranav/ws/install/my_robot_interfaces/local/lib/python3.10/dist-packages/my_robot_interfaces/srv/_set_led.py
[6.673s] -- Installing: /home/pranav/ws/install/my_robot_interfaces/local/lib/python3.10/dist-packages/my_robot_interfaces/srv/__init__.py
[6.673s] -- Installing: /home/pranav/ws/install/my_robot_interfaces/local/lib/python3.10/dist-packages/my_robot_interfaces/srv/_compute_rectangle_area.py
[6.673s] -- Installing: /home/pranav/ws/install/my_robot_interfaces/local/lib/python3.10/dist-packages/my_robot_interfaces/libmy_robot_interfaces__rosidl_generator_py.so
[6.674s] -- Installing: /home/pranav/ws/install/my_robot_interfaces/local/lib/python3.10/dist-packages/my_robot_interfaces/msg
[6.674s] -- Installing: /home/pranav/ws/install/my_robot_interfaces/local/lib/python3.10/dist-packages/my_robot_interfaces/msg/_hardware_status_s.c
[6.674s] -- Installing: /home/pranav/ws/install/my_robot_interfaces/local/lib/python3.10/dist-packages/my_robot_interfaces/msg/_led_state_array_s.c
[6.675s] -- Installing: /home/pranav/ws/install/my_robot_interfaces/local/lib/python3.10/dist-packages/my_robot_interfaces/msg/_hardware_status.py
[6.675s] -- Installing: /home/pranav/ws/install/my_robot_interfaces/local/lib/python3.10/dist-packages/my_robot_interfaces/msg/__init__.py
[6.675s] -- Installing: /home/pranav/ws/install/my_robot_interfaces/local/lib/python3.10/dist-packages/my_robot_interfaces/msg/_led_state_array.py
[6.676s] -- Installing: /home/pranav/ws/install/my_robot_interfaces/local/lib/python3.10/dist-packages/my_robot_interfaces/my_robot_interfaces_s__rosidl_typesupport_fastrtps_c.cpython-310-x86_64-linux-gnu.so
[6.676s] -- Installing: /home/pranav/ws/install/my_robot_interfaces/local/lib/python3.10/dist-packages/my_robot_interfaces/my_robot_interfaces_s__rosidl_typesupport_introspection_c.cpython-310-x86_64-linux-gnu.so
[6.677s] -- Installing: /home/pranav/ws/install/my_robot_interfaces/local/lib/python3.10/dist-packages/my_robot_interfaces/my_robot_interfaces_s__rosidl_typesupport_c.cpython-310-x86_64-linux-gnu.so
[6.677s] -- Installing: /home/pranav/ws/install/my_robot_interfaces/local/lib/python3.10/dist-packages/my_robot_interfaces/_my_robot_interfaces_s.ep.rosidl_typesupport_introspection_c.c
[6.677s] -- Installing: /home/pranav/ws/install/my_robot_interfaces/local/lib/python3.10/dist-packages/my_robot_interfaces/__init__.py
[6.714s] Listing '/home/pranav/ws/install/my_robot_interfaces/local/lib/python3.10/dist-packages/my_robot_interfaces'...
[6.714s] Compiling '/home/pranav/ws/install/my_robot_interfaces/local/lib/python3.10/dist-packages/my_robot_interfaces/__init__.py'...
[6.714s] Listing '/home/pranav/ws/install/my_robot_interfaces/local/lib/python3.10/dist-packages/my_robot_interfaces/msg'...
[6.714s] Compiling '/home/pranav/ws/install/my_robot_interfaces/local/lib/python3.10/dist-packages/my_robot_interfaces/msg/__init__.py'...
[6.714s] Compiling '/home/pranav/ws/install/my_robot_interfaces/local/lib/python3.10/dist-packages/my_robot_interfaces/msg/_hardware_status.py'...
[6.714s] Compiling '/home/pranav/ws/install/my_robot_interfaces/local/lib/python3.10/dist-packages/my_robot_interfaces/msg/_led_state_array.py'...
[6.715s] Listing '/home/pranav/ws/install/my_robot_interfaces/local/lib/python3.10/dist-packages/my_robot_interfaces/srv'...
[6.715s] Compiling '/home/pranav/ws/install/my_robot_interfaces/local/lib/python3.10/dist-packages/my_robot_interfaces/srv/__init__.py'...
[6.715s] Compiling '/home/pranav/ws/install/my_robot_interfaces/local/lib/python3.10/dist-packages/my_robot_interfaces/srv/_compute_rectangle_area.py'...
[6.715s] Compiling '/home/pranav/ws/install/my_robot_interfaces/local/lib/python3.10/dist-packages/my_robot_interfaces/srv/_set_led.py'...
[6.718s] -- Installing: /home/pranav/ws/install/my_robot_interfaces/local/lib/python3.10/dist-packages/my_robot_interfaces/my_robot_interfaces_s__rosidl_typesupport_fastrtps_c.cpython-310-x86_64-linux-gnu.so
[6.719s] -- Set runtime path of "/home/pranav/ws/install/my_robot_interfaces/local/lib/python3.10/dist-packages/my_robot_interfaces/my_robot_interfaces_s__rosidl_typesupport_fastrtps_c.cpython-310-x86_64-linux-gnu.so" to ""
[6.719s] -- Installing: /home/pranav/ws/install/my_robot_interfaces/local/lib/python3.10/dist-packages/my_robot_interfaces/my_robot_interfaces_s__rosidl_typesupport_introspection_c.cpython-310-x86_64-linux-gnu.so
[6.719s] -- Set runtime path of "/home/pranav/ws/install/my_robot_interfaces/local/lib/python3.10/dist-packages/my_robot_interfaces/my_robot_interfaces_s__rosidl_typesupport_introspection_c.cpython-310-x86_64-linux-gnu.so" to ""
[6.720s] -- Installing: /home/pranav/ws/install/my_robot_interfaces/local/lib/python3.10/dist-packages/my_robot_interfaces/my_robot_interfaces_s__rosidl_typesupport_c.cpython-310-x86_64-linux-gnu.so
[6.720s] -- Set runtime path of "/home/pranav/ws/install/my_robot_interfaces/local/lib/python3.10/dist-packages/my_robot_interfaces/my_robot_interfaces_s__rosidl_typesupport_c.cpython-310-x86_64-linux-gnu.so" to ""
[6.721s] -- Installing: /home/pranav/ws/install/my_robot_interfaces/lib/libmy_robot_interfaces__rosidl_generator_py.so
[6.721s] -- Set runtime path of "/home/pranav/ws/install/my_robot_interfaces/lib/libmy_robot_interfaces__rosidl_generator_py.so" to ""
[6.721s] -- Installing: /home/pranav/ws/install/my_robot_interfaces/share/my_robot_interfaces/msg/HardwareStatus.idl
[6.722s] -- Installing: /home/pranav/ws/install/my_robot_interfaces/share/my_robot_interfaces/msg/LedStateArray.idl
[6.722s] -- Installing: /home/pranav/ws/install/my_robot_interfaces/share/my_robot_interfaces/srv/ComputeRectangleArea.idl
[6.722s] -- Installing: /home/pranav/ws/install/my_robot_interfaces/share/my_robot_interfaces/srv/SetLed.idl
[6.723s] -- Installing: /home/pranav/ws/install/my_robot_interfaces/share/my_robot_interfaces/msg/HardwareStatus.msg
[6.723s] -- Installing: /home/pranav/ws/install/my_robot_interfaces/share/my_robot_interfaces/msg/LedStateArray.msg
[6.723s] -- Installing: /home/pranav/ws/install/my_robot_interfaces/share/my_robot_interfaces/srv/ComputeRectangleArea.srv
[6.723s] -- Installing: /home/pranav/ws/install/my_robot_interfaces/share/my_robot_interfaces/srv/ComputeRectangleArea_Request.msg
[6.724s] -- Installing: /home/pranav/ws/install/my_robot_interfaces/share/my_robot_interfaces/srv/ComputeRectangleArea_Response.msg
[6.724s] -- Installing: /home/pranav/ws/install/my_robot_interfaces/share/my_robot_interfaces/srv/SetLed.srv
[6.724s] -- Installing: /home/pranav/ws/install/my_robot_interfaces/share/my_robot_interfaces/srv/SetLed_Request.msg
[6.725s] -- Installing: /home/pranav/ws/install/my_robot_interfaces/share/my_robot_interfaces/srv/SetLed_Response.msg
[6.725s] -- Installing: /home/pranav/ws/install/my_robot_interfaces/share/ament_index/resource_index/package_run_dependencies/my_robot_interfaces
[6.726s] -- Installing: /home/pranav/ws/install/my_robot_interfaces/share/ament_index/resource_index/parent_prefix_path/my_robot_interfaces
[6.726s] -- Installing: /home/pranav/ws/install/my_robot_interfaces/share/my_robot_interfaces/environment/ament_prefix_path.sh
[6.726s] -- Installing: /home/pranav/ws/install/my_robot_interfaces/share/my_robot_interfaces/environment/ament_prefix_path.dsv
[6.726s] -- Installing: /home/pranav/ws/install/my_robot_interfaces/share/my_robot_interfaces/environment/path.sh
[6.727s] -- Installing: /home/pranav/ws/install/my_robot_interfaces/share/my_robot_interfaces/environment/path.dsv
[6.727s] -- Installing: /home/pranav/ws/install/my_robot_interfaces/share/my_robot_interfaces/local_setup.bash
[6.727s] -- Installing: /home/pranav/ws/install/my_robot_interfaces/share/my_robot_interfaces/local_setup.sh
[6.728s] -- Installing: /home/pranav/ws/install/my_robot_interfaces/share/my_robot_interfaces/local_setup.zsh
[6.728s] -- Installing: /home/pranav/ws/install/my_robot_interfaces/share/my_robot_interfaces/local_setup.dsv
[6.728s] -- Installing: /home/pranav/ws/install/my_robot_interfaces/share/my_robot_interfaces/package.dsv
[6.729s] -- Installing: /home/pranav/ws/install/my_robot_interfaces/share/ament_index/resource_index/packages/my_robot_interfaces
[6.729s] -- Installing: /home/pranav/ws/install/my_robot_interfaces/share/my_robot_interfaces/cmake/export_my_robot_interfaces__rosidl_generator_cExport.cmake
[6.729s] -- Installing: /home/pranav/ws/install/my_robot_interfaces/share/my_robot_interfaces/cmake/export_my_robot_interfaces__rosidl_generator_cExport-noconfig.cmake
[6.729s] -- Installing: /home/pranav/ws/install/my_robot_interfaces/share/my_robot_interfaces/cmake/export_my_robot_interfaces__rosidl_typesupport_fastrtps_cExport.cmake
[6.730s] -- Installing: /home/pranav/ws/install/my_robot_interfaces/share/my_robot_interfaces/cmake/export_my_robot_interfaces__rosidl_typesupport_fastrtps_cExport-noconfig.cmake
[6.730s] -- Installing: /home/pranav/ws/install/my_robot_interfaces/share/my_robot_interfaces/cmake/my_robot_interfaces__rosidl_typesupport_introspection_cExport.cmake
[6.730s] -- Installing: /home/pranav/ws/install/my_robot_interfaces/share/my_robot_interfaces/cmake/my_robot_interfaces__rosidl_typesupport_introspection_cExport-noconfig.cmake
[6.730s] -- Installing: /home/pranav/ws/install/my_robot_interfaces/share/my_robot_interfaces/cmake/my_robot_interfaces__rosidl_typesupport_cExport.cmake
[6.731s] -- Installing: /home/pranav/ws/install/my_robot_interfaces/share/my_robot_interfaces/cmake/my_robot_interfaces__rosidl_typesupport_cExport-noconfig.cmake
[6.731s] -- Installing: /home/pranav/ws/install/my_robot_interfaces/share/my_robot_interfaces/cmake/export_my_robot_interfaces__rosidl_generator_cppExport.cmake
[6.732s] -- Installing: /home/pranav/ws/install/my_robot_interfaces/share/my_robot_interfaces/cmake/export_my_robot_interfaces__rosidl_typesupport_fastrtps_cppExport.cmake
[6.732s] -- Installing: /home/pranav/ws/install/my_robot_interfaces/share/my_robot_interfaces/cmake/export_my_robot_interfaces__rosidl_typesupport_fastrtps_cppExport-noconfig.cmake
[6.733s] -- Installing: /home/pranav/ws/install/my_robot_interfaces/share/my_robot_interfaces/cmake/my_robot_interfaces__rosidl_typesupport_introspection_cppExport.cmake
[6.733s] -- Installing: /home/pranav/ws/install/my_robot_interfaces/share/my_robot_interfaces/cmake/my_robot_interfaces__rosidl_typesupport_introspection_cppExport-noconfig.cmake
[6.734s] -- Installing: /home/pranav/ws/install/my_robot_interfaces/share/my_robot_interfaces/cmake/my_robot_interfaces__rosidl_typesupport_cppExport.cmake
[6.734s] -- Installing: /home/pranav/ws/install/my_robot_interfaces/share/my_robot_interfaces/cmake/my_robot_interfaces__rosidl_typesupport_cppExport-noconfig.cmake
[6.734s] -- Installing: /home/pranav/ws/install/my_robot_interfaces/share/my_robot_interfaces/cmake/export_my_robot_interfaces__rosidl_generator_pyExport.cmake
[6.734s] -- Installing: /home/pranav/ws/install/my_robot_interfaces/share/my_robot_interfaces/cmake/export_my_robot_interfaces__rosidl_generator_pyExport-noconfig.cmake
[6.735s] -- Installing: /home/pranav/ws/install/my_robot_interfaces/share/my_robot_interfaces/cmake/rosidl_cmake-extras.cmake
[6.735s] -- Installing: /home/pranav/ws/install/my_robot_interfaces/share/my_robot_interfaces/cmake/ament_cmake_export_include_directories-extras.cmake
[6.736s] -- Installing: /home/pranav/ws/install/my_robot_interfaces/share/my_robot_interfaces/cmake/ament_cmake_export_libraries-extras.cmake
[6.736s] -- Installing: /home/pranav/ws/install/my_robot_interfaces/share/my_robot_interfaces/cmake/ament_cmake_export_targets-extras.cmake
[6.736s] -- Installing: /home/pranav/ws/install/my_robot_interfaces/share/my_robot_interfaces/cmake/rosidl_cmake_export_typesupport_targets-extras.cmake
[6.737s] -- Installing: /home/pranav/ws/install/my_robot_interfaces/share/my_robot_interfaces/cmake/ament_cmake_export_dependencies-extras.cmake
[6.737s] -- Installing: /home/pranav/ws/install/my_robot_interfaces/share/my_robot_interfaces/cmake/rosidl_cmake_export_typesupport_libraries-extras.cmake
[6.737s] -- Installing: /home/pranav/ws/install/my_robot_interfaces/share/my_robot_interfaces/cmake/my_robot_interfacesConfig.cmake
[6.737s] -- Installing: /home/pranav/ws/install/my_robot_interfaces/share/my_robot_interfaces/cmake/my_robot_interfacesConfig-version.cmake
[6.738s] -- Installing: /home/pranav/ws/install/my_robot_interfaces/share/my_robot_interfaces/package.xml
[6.742s] Invoked command in '/home/pranav/ws/build/my_robot_interfaces' returned '0': CMAKE_PREFIX_PATH=/home/pranav/ws/install/mypkg:/home/pranav/learning_ws/install/mypkg:/opt/ros/humble /usr/bin/cmake --install /home/pranav/ws/build/my_robot_interfaces
