[0.022s] Invoking command in '/home/pranav/ws/build/my_cpp_pkg': CMAKE_PREFIX_PATH=${CMAKE_PREFIX_PATH}:/home/pranav/ws/install/mypkg:/home/pranav/learning_ws/install/mypkg:/opt/ros/humble /usr/bin/cmake --build /home/pranav/ws/build/my_cpp_pkg -- -j4 -l4
[0.099s] [35m[1mConsolidate compiler generated dependencies of target speed_pub[0m
[0.120s] [ 25%] Built target rpm_pub
[0.123s] [ 50%] Built target subscriber
[0.133s] [ 62%] [32mBuilding CXX object CMakeFiles/speed_pub.dir/src/speed_publisher.cpp.o[0m
[0.133s] [ 87%] Built target publisher
[8.617s] [100%] [32m[1mLinking CXX executable speed_pub[0m
[9.007s] [100%] Built target speed_pub
[9.025s] Invoked command in '/home/pranav/ws/build/my_cpp_pkg' returned '0': CMAKE_PREFIX_PATH=${CMAKE_PREFIX_PATH}:/home/pranav/ws/install/mypkg:/home/pranav/learning_ws/install/mypkg:/opt/ros/humble /usr/bin/cmake --build /home/pranav/ws/build/my_cpp_pkg -- -j4 -l4
[9.095s] Invoking command in '/home/pranav/ws/build/my_cpp_pkg': CMAKE_PREFIX_PATH=${CMAKE_PREFIX_PATH}:/home/pranav/ws/install/mypkg:/home/pranav/learning_ws/install/mypkg:/opt/ros/humble /usr/bin/cmake --install /home/pranav/ws/build/my_cpp_pkg
[9.104s] -- Install configuration: ""
[9.104s] -- Execute custom install script
[9.105s] -- Up-to-date symlink: /home/pranav/ws/install/my_cpp_pkg/lib/my_cpp_pkg/publisher
[9.105s] -- Up-to-date symlink: /home/pranav/ws/install/my_cpp_pkg/lib/my_cpp_pkg/subscriber
[9.105s] -- Up-to-date symlink: /home/pranav/ws/install/my_cpp_pkg/lib/my_cpp_pkg/rpm_pub
[9.105s] -- Up-to-date symlink: /home/pranav/ws/install/my_cpp_pkg/lib/my_cpp_pkg/speed_pub
[9.105s] -- Up-to-date symlink: /home/pranav/ws/install/my_cpp_pkg/share/ament_index/resource_index/package_run_dependencies/my_cpp_pkg
[9.105s] -- Up-to-date symlink: /home/pranav/ws/install/my_cpp_pkg/share/ament_index/resource_index/parent_prefix_path/my_cpp_pkg
[9.106s] -- Up-to-date symlink: /home/pranav/ws/install/my_cpp_pkg/share/my_cpp_pkg/environment/ament_prefix_path.sh
[9.106s] -- Up-to-date symlink: /home/pranav/ws/install/my_cpp_pkg/share/my_cpp_pkg/environment/ament_prefix_path.dsv
[9.106s] -- Up-to-date symlink: /home/pranav/ws/install/my_cpp_pkg/share/my_cpp_pkg/environment/path.sh
[9.106s] -- Up-to-date symlink: /home/pranav/ws/install/my_cpp_pkg/share/my_cpp_pkg/environment/path.dsv
[9.107s] -- Up-to-date symlink: /home/pranav/ws/install/my_cpp_pkg/share/my_cpp_pkg/local_setup.bash
[9.107s] -- Up-to-date symlink: /home/pranav/ws/install/my_cpp_pkg/share/my_cpp_pkg/local_setup.sh
[9.107s] -- Up-to-date symlink: /home/pranav/ws/install/my_cpp_pkg/share/my_cpp_pkg/local_setup.zsh
[9.107s] -- Up-to-date symlink: /home/pranav/ws/install/my_cpp_pkg/share/my_cpp_pkg/local_setup.dsv
[9.108s] -- Symlinking: /home/pranav/ws/install/my_cpp_pkg/share/my_cpp_pkg/package.dsv
[9.121s] -- Up-to-date symlink: /home/pranav/ws/install/my_cpp_pkg/share/ament_index/resource_index/packages/my_cpp_pkg
[9.121s] -- Up-to-date symlink: /home/pranav/ws/install/my_cpp_pkg/share/my_cpp_pkg/cmake/my_cpp_pkgConfig.cmake
[9.121s] -- Up-to-date symlink: /home/pranav/ws/install/my_cpp_pkg/share/my_cpp_pkg/cmake/my_cpp_pkgConfig-version.cmake
[9.122s] -- Up-to-date symlink: /home/pranav/ws/install/my_cpp_pkg/share/my_cpp_pkg/package.xml
[9.125s] Invoked command in '/home/pranav/ws/build/my_cpp_pkg' returned '0': CMAKE_PREFIX_PATH=${CMAKE_PREFIX_PATH}:/home/pranav/ws/install/mypkg:/home/pranav/learning_ws/install/mypkg:/opt/ros/humble /usr/bin/cmake --install /home/pranav/ws/build/my_cpp_pkg
