[0.020s] Invoking command in '/home/pranav/ws/build/my_cpp_pkg': CMAKE_PREFIX_PATH=${CMAKE_PREFIX_PATH}:/home/pranav/ws/install/mypkg:/home/pranav/learning_ws/install/mypkg:/opt/ros/humble /usr/bin/cmake --build /home/pranav/ws/build/my_cpp_pkg -- -j4 -l4
[0.110s] [35m[1mConsolidate compiler generated dependencies of target speed_pub[0m
[0.117s] [ 12%] [32mBuilding CXX object CMakeFiles/rpm_pub.dir/src/rpm_publisher.cpp.o[0m
[0.130s] [ 37%] Built target publisher
[0.138s] [ 62%] Built target subscriber
[0.166s] [ 87%] Built target speed_pub
[5.890s] [100%] [32m[1mLinking CXX executable rpm_pub[0m
[6.112s] [100%] Built target rpm_pub
[6.135s] Invoked command in '/home/pranav/ws/build/my_cpp_pkg' returned '0': CMAKE_PREFIX_PATH=${CMAKE_PREFIX_PATH}:/home/pranav/ws/install/mypkg:/home/pranav/learning_ws/install/mypkg:/opt/ros/humble /usr/bin/cmake --build /home/pranav/ws/build/my_cpp_pkg -- -j4 -l4
[6.209s] Invoking command in '/home/pranav/ws/build/my_cpp_pkg': CMAKE_PREFIX_PATH=${CMAKE_PREFIX_PATH}:/home/pranav/ws/install/mypkg:/home/pranav/learning_ws/install/mypkg:/opt/ros/humble /usr/bin/cmake --install /home/pranav/ws/build/my_cpp_pkg
[6.221s] -- Install configuration: ""
[6.221s] -- Execute custom install script
[6.223s] -- Up-to-date symlink: /home/pranav/ws/install/my_cpp_pkg/lib/my_cpp_pkg/publisher
[6.223s] -- Up-to-date symlink: /home/pranav/ws/install/my_cpp_pkg/lib/my_cpp_pkg/subscriber
[6.223s] -- Up-to-date symlink: /home/pranav/ws/install/my_cpp_pkg/lib/my_cpp_pkg/rpm_pub
[6.223s] -- Up-to-date symlink: /home/pranav/ws/install/my_cpp_pkg/lib/my_cpp_pkg/speed_pub
[6.223s] -- Up-to-date symlink: /home/pranav/ws/install/my_cpp_pkg/share/ament_index/resource_index/package_run_dependencies/my_cpp_pkg
[6.223s] -- Up-to-date symlink: /home/pranav/ws/install/my_cpp_pkg/share/ament_index/resource_index/parent_prefix_path/my_cpp_pkg
[6.224s] -- Up-to-date symlink: /home/pranav/ws/install/my_cpp_pkg/share/my_cpp_pkg/environment/ament_prefix_path.sh
[6.224s] -- Up-to-date symlink: /home/pranav/ws/install/my_cpp_pkg/share/my_cpp_pkg/environment/ament_prefix_path.dsv
[6.224s] -- Up-to-date symlink: /home/pranav/ws/install/my_cpp_pkg/share/my_cpp_pkg/environment/path.sh
[6.224s] -- Up-to-date symlink: /home/pranav/ws/install/my_cpp_pkg/share/my_cpp_pkg/environment/path.dsv
[6.224s] -- Up-to-date symlink: /home/pranav/ws/install/my_cpp_pkg/share/my_cpp_pkg/local_setup.bash
[6.225s] -- Up-to-date symlink: /home/pranav/ws/install/my_cpp_pkg/share/my_cpp_pkg/local_setup.sh
[6.225s] -- Up-to-date symlink: /home/pranav/ws/install/my_cpp_pkg/share/my_cpp_pkg/local_setup.zsh
[6.226s] -- Up-to-date symlink: /home/pranav/ws/install/my_cpp_pkg/share/my_cpp_pkg/local_setup.dsv
[6.226s] -- Symlinking: /home/pranav/ws/install/my_cpp_pkg/share/my_cpp_pkg/package.dsv
[6.240s] -- Up-to-date symlink: /home/pranav/ws/install/my_cpp_pkg/share/ament_index/resource_index/packages/my_cpp_pkg
[6.240s] -- Up-to-date symlink: /home/pranav/ws/install/my_cpp_pkg/share/my_cpp_pkg/cmake/my_cpp_pkgConfig.cmake
[6.240s] -- Up-to-date symlink: /home/pranav/ws/install/my_cpp_pkg/share/my_cpp_pkg/cmake/my_cpp_pkgConfig-version.cmake
[6.240s] -- Up-to-date symlink: /home/pranav/ws/install/my_cpp_pkg/share/my_cpp_pkg/package.xml
[6.244s] Invoked command in '/home/pranav/ws/build/my_cpp_pkg' returned '0': CMAKE_PREFIX_PATH=${CMAKE_PREFIX_PATH}:/home/pranav/ws/install/mypkg:/home/pranav/learning_ws/install/mypkg:/opt/ros/humble /usr/bin/cmake --install /home/pranav/ws/build/my_cpp_pkg
