-- Found ament_cmake: 1.3.10 (/opt/ros/humble/share/ament_cmake/cmake)
-- Override CMake install command with custom implementation using symlinks instead of copying resources
-- Found rclcpp: 16.0.10 (/opt/ros/humble/share/rclcpp/cmake)
-- Found rosidl_generator_c: 3.1.5 (/opt/ros/humble/share/rosidl_generator_c/cmake)
-- Found rosidl_adapter: 3.1.5 (/opt/ros/humble/share/rosidl_adapter/cmake)
-- Found rosidl_generator_cpp: 3.1.5 (/opt/ros/humble/share/rosidl_generator_cpp/cmake)
-- Using all available rosidl_typesupport_c: rosidl_typesupport_fastrtps_c;rosidl_typesupport_introspection_c
-- Using all available rosidl_typesupport_cpp: rosidl_typesupport_fastrtps_cpp;rosidl_typesupport_introspection_cpp
-- Found rmw_implementation_cmake: 6.1.2 (/opt/ros/humble/share/rmw_implementation_cmake/cmake)
-- Found rmw_cyclonedds_cpp: 1.3.4 (/opt/ros/humble/share/rmw_cyclonedds_cpp/cmake)
-- Using RMW implementation 'rmw_cyclonedds_cpp' as default
-- Found ament_lint_auto: 0.12.11 (/opt/ros/humble/share/ament_lint_auto/cmake)
-- Added test 'cppcheck' to perform static code analysis on C / C++ code
-- Configured cppcheck include dirs: 
-- Configured cppcheck exclude dirs and/or files: 
-- Added test 'lint_cmake' to check CMake code style
-- Added test 'uncrustify' to check C / C++ code style
-- Configured uncrustify additional arguments: 
-- Added test 'xmllint' to check XML markup files
-- Configuring done
-- Generating done
-- Build files have been written to: /home/pranav/ws/build/my_cpp_pkg
[35m[1mConsolidate compiler generated dependencies of target subscriber[0m
[35m[1mConsolidate compiler generated dependencies of target publisher[0m
[ 16%] [32mBuilding CXX object CMakeFiles/rpm_pub.dir/src/rpm_publisher.cpp.o[0m
[ 83%] Built target publisher
[ 83%] Built target subscriber
[100%] [32m[1mLinking CXX executable rpm_pub[0m
[100%] Built target rpm_pub
-- Install configuration: "RelWithDebInfo"
-- Execute custom install script
-- Up-to-date symlink: /home/pranav/ws/install/my_cpp_pkg/lib/my_cpp_pkg/publisher
-- Up-to-date symlink: /home/pranav/ws/install/my_cpp_pkg/lib/my_cpp_pkg/subscriber
-- Symlinking: /home/pranav/ws/install/my_cpp_pkg/lib/my_cpp_pkg/rpm_pub
-- Up-to-date symlink: /home/pranav/ws/install/my_cpp_pkg/share/ament_index/resource_index/package_run_dependencies/my_cpp_pkg
-- Up-to-date symlink: /home/pranav/ws/install/my_cpp_pkg/share/ament_index/resource_index/parent_prefix_path/my_cpp_pkg
-- Up-to-date symlink: /home/pranav/ws/install/my_cpp_pkg/share/my_cpp_pkg/environment/ament_prefix_path.sh
-- Up-to-date symlink: /home/pranav/ws/install/my_cpp_pkg/share/my_cpp_pkg/environment/ament_prefix_path.dsv
-- Up-to-date symlink: /home/pranav/ws/install/my_cpp_pkg/share/my_cpp_pkg/environment/path.sh
-- Up-to-date symlink: /home/pranav/ws/install/my_cpp_pkg/share/my_cpp_pkg/environment/path.dsv
-- Up-to-date symlink: /home/pranav/ws/install/my_cpp_pkg/share/my_cpp_pkg/local_setup.bash
-- Up-to-date symlink: /home/pranav/ws/install/my_cpp_pkg/share/my_cpp_pkg/local_setup.sh
-- Up-to-date symlink: /home/pranav/ws/install/my_cpp_pkg/share/my_cpp_pkg/local_setup.zsh
-- Up-to-date symlink: /home/pranav/ws/install/my_cpp_pkg/share/my_cpp_pkg/local_setup.dsv
-- Symlinking: /home/pranav/ws/install/my_cpp_pkg/share/my_cpp_pkg/package.dsv
-- Up-to-date symlink: /home/pranav/ws/install/my_cpp_pkg/share/ament_index/resource_index/packages/my_cpp_pkg
-- Up-to-date symlink: /home/pranav/ws/install/my_cpp_pkg/share/my_cpp_pkg/cmake/my_cpp_pkgConfig.cmake
-- Up-to-date symlink: /home/pranav/ws/install/my_cpp_pkg/share/my_cpp_pkg/cmake/my_cpp_pkgConfig-version.cmake
-- Up-to-date symlink: /home/pranav/ws/install/my_cpp_pkg/share/my_cpp_pkg/package.xml
