[0.652s] Invoking command in '/home/pranav/ws/build/mypkg': PYTHONPATH=/home/pranav/ws/build/mypkg/prefix_override:/usr/lib/python3/dist-packages/colcon_core/task/python/colcon_distutils_commands:/home/pranav/ws/install/mypkg/lib/python3.10/site-packages:${PYTHONPATH} /usr/bin/python3 -W ignore:setup.py install is deprecated setup.py develop --uninstall --editable --build-directory /home/pranav/ws/build/mypkg/build
[0.932s] running develop
[1.104s] Removing /home/pranav/ws/install/mypkg/lib/python3.10/site-packages/mypkg.egg-link (link to .)
[1.140s] Invoked command in '/home/pranav/ws/build/mypkg' returned '0': PYTHONPATH=/home/pranav/ws/build/mypkg/prefix_override:/usr/lib/python3/dist-packages/colcon_core/task/python/colcon_distutils_commands:/home/pranav/ws/install/mypkg/lib/python3.10/site-packages:${PYTHONPATH} /usr/bin/python3 -W ignore:setup.py install is deprecated setup.py develop --uninstall --editable --build-directory /home/pranav/ws/build/mypkg/build
[1.143s] Invoking command in '/home/pranav/ws/src/mypkg': PYTHONPATH=/home/pranav/ws/build/mypkg/prefix_override:/usr/lib/python3/dist-packages/colcon_core/task/python/colcon_distutils_commands:/home/pranav/ws/install/mypkg/lib/python3.10/site-packages:${PYTHONPATH} /usr/bin/python3 -W ignore:setup.py install is deprecated setup.py egg_info --egg-base ../../build/mypkg build --build-base /home/pranav/ws/build/mypkg/build install --record /home/pranav/ws/build/mypkg/install.log --single-version-externally-managed install_data --force
[1.430s] running egg_info
[1.431s] writing ../../build/mypkg/mypkg.egg-info/PKG-INFO
[1.432s] writing dependency_links to ../../build/mypkg/mypkg.egg-info/dependency_links.txt
[1.433s] writing entry points to ../../build/mypkg/mypkg.egg-info/entry_points.txt
[1.433s] writing requirements to ../../build/mypkg/mypkg.egg-info/requires.txt
[1.434s] writing top-level names to ../../build/mypkg/mypkg.egg-info/top_level.txt
[1.434s] reading manifest file '../../build/mypkg/mypkg.egg-info/SOURCES.txt'
[1.435s] writing manifest file '../../build/mypkg/mypkg.egg-info/SOURCES.txt'
[1.436s] running build
[1.436s] running build_py
[1.438s] running install
[1.438s] running install_lib
[1.438s] creating /home/pranav/ws/install/mypkg/lib/python3.10/site-packages/mypkg
[1.438s] copying /home/pranav/ws/build/mypkg/build/lib/mypkg/draw_circle.py -> /home/pranav/ws/install/mypkg/lib/python3.10/site-packages/mypkg
[1.438s] copying /home/pranav/ws/build/mypkg/build/lib/mypkg/turtle_controller.py -> /home/pranav/ws/install/mypkg/lib/python3.10/site-packages/mypkg
[1.438s] copying /home/pranav/ws/build/mypkg/build/lib/mypkg/test1.py -> /home/pranav/ws/install/mypkg/lib/python3.10/site-packages/mypkg
[1.441s] copying /home/pranav/ws/build/mypkg/build/lib/mypkg/pose_sub.py -> /home/pranav/ws/install/mypkg/lib/python3.10/site-packages/mypkg
[1.442s] copying /home/pranav/ws/build/mypkg/build/lib/mypkg/__init__.py -> /home/pranav/ws/install/mypkg/lib/python3.10/site-packages/mypkg
[1.444s] byte-compiling /home/pranav/ws/install/mypkg/lib/python3.10/site-packages/mypkg/draw_circle.py to draw_circle.cpython-310.pyc
[1.445s] byte-compiling /home/pranav/ws/install/mypkg/lib/python3.10/site-packages/mypkg/turtle_controller.py to turtle_controller.cpython-310.pyc
[1.447s] byte-compiling /home/pranav/ws/install/mypkg/lib/python3.10/site-packages/mypkg/test1.py to test1.cpython-310.pyc
[1.449s] byte-compiling /home/pranav/ws/install/mypkg/lib/python3.10/site-packages/mypkg/pose_sub.py to pose_sub.cpython-310.pyc
[1.450s] byte-compiling /home/pranav/ws/install/mypkg/lib/python3.10/site-packages/mypkg/__init__.py to __init__.cpython-310.pyc
[1.451s] running install_data
[1.452s] copying resource/mypkg -> /home/pranav/ws/install/mypkg/share/ament_index/resource_index/packages
[1.453s] copying package.xml -> /home/pranav/ws/install/mypkg/share/mypkg
[1.454s] running install_egg_info
[1.456s] Copying ../../build/mypkg/mypkg.egg-info to /home/pranav/ws/install/mypkg/lib/python3.10/site-packages/mypkg-0.0.0-py3.10.egg-info
[1.463s] running install_scripts
[1.485s] Installing circle script to /home/pranav/ws/install/mypkg/lib/mypkg
[1.486s] Installing pose_sub script to /home/pranav/ws/install/mypkg/lib/mypkg
[1.486s] Installing testnode script to /home/pranav/ws/install/mypkg/lib/mypkg
[1.486s] Installing turtle_controller script to /home/pranav/ws/install/mypkg/lib/mypkg
[1.487s] writing list of installed files to '/home/pranav/ws/build/mypkg/install.log'
