[0.104s] DEBUG:colcon:Command line arguments: ['/usr/bin/colcon', 'build', '--packages-select', 'my_robot_interfaces', '--allow-overriding', 'my_robot_interfaces']
[0.104s] DEBUG:colcon:Parsed command line arguments: Namespace(log_base=None, log_level=None, verb_name='build', build_base='build', install_base='install', merge_install=False, symlink_install=False, test_result_base=None, continue_on_error=False, executor='parallel', parallel_workers=4, event_handlers=None, ignore_user_meta=False, metas=['./colcon.meta'], base_paths=['.'], packages_ignore=None, packages_ignore_regex=None, paths=None, packages_up_to=None, packages_up_to_regex=None, packages_above=None, packages_above_and_dependencies=None, packages_above_depth=None, packages_select_by_dep=None, packages_skip_by_dep=None, packages_skip_up_to=None, packages_select_build_failed=False, packages_skip_build_finished=False, packages_select_test_failures=False, packages_skip_test_passed=False, packages_select=['my_robot_interfaces'], packages_skip=None, packages_select_regex=None, packages_skip_regex=None, packages_start=None, packages_end=None, allow_overriding=['my_robot_interfaces'], cmake_args=None, cmake_target=None, cmake_target_skip_unavailable=False, cmake_clean_cache=False, cmake_clean_first=False, cmake_force_configure=False, ament_cmake_args=None, catkin_cmake_args=None, catkin_skip_building_tests=False, mixin_files=None, mixin=None, verb_parser=<colcon_mixin.mixin.mixin_argument.MixinArgumentDecorator object at 0x7721fbf2dfc0>, verb_extension=<colcon_core.verb.build.BuildVerb object at 0x7721fbf2d120>, main=<bound method BuildVerb.main of <colcon_core.verb.build.BuildVerb object at 0x7721fbf2d120>>, mixin_verb=('build',))
[0.259s] Level 1:colcon.colcon_core.package_discovery:discover_packages(colcon_meta) check parameters
[0.259s] Level 1:colcon.colcon_core.package_discovery:discover_packages(recursive) check parameters
[0.259s] Level 1:colcon.colcon_core.package_discovery:discover_packages(ignore) check parameters
[0.259s] Level 1:colcon.colcon_core.package_discovery:discover_packages(path) check parameters
[0.259s] Level 1:colcon.colcon_core.package_discovery:discover_packages(colcon_meta) discover
[0.259s] Level 1:colcon.colcon_core.package_discovery:discover_packages(recursive) discover
[0.259s] INFO:colcon.colcon_core.package_discovery:Crawling recursively for packages in '/home/pranav/ws'
[0.259s] Level 1:colcon.colcon_core.package_identification:_identify(.) by extensions ['ignore', 'ignore_ament_install']
[0.259s] Level 1:colcon.colcon_core.package_identification:_identify(.) by extension 'ignore'
[0.259s] Level 1:colcon.colcon_core.package_identification:_identify(.) by extension 'ignore_ament_install'
[0.259s] Level 1:colcon.colcon_core.package_identification:_identify(.) by extensions ['colcon_pkg']
[0.259s] Level 1:colcon.colcon_core.package_identification:_identify(.) by extension 'colcon_pkg'
[0.259s] Level 1:colcon.colcon_core.package_identification:_identify(.) by extensions ['colcon_meta']
[0.259s] Level 1:colcon.colcon_core.package_identification:_identify(.) by extension 'colcon_meta'
[0.259s] Level 1:colcon.colcon_core.package_identification:_identify(.) by extensions ['ros']
[0.259s] Level 1:colcon.colcon_core.package_identification:_identify(.) by extension 'ros'
[0.270s] Level 1:colcon.colcon_core.package_identification:_identify(.) by extensions ['cmake', 'python']
[0.270s] Level 1:colcon.colcon_core.package_identification:_identify(.) by extension 'cmake'
[0.270s] Level 1:colcon.colcon_core.package_identification:_identify(.) by extension 'python'
[0.270s] Level 1:colcon.colcon_core.package_identification:_identify(.) by extensions ['python_setup_py']
[0.270s] Level 1:colcon.colcon_core.package_identification:_identify(.) by extension 'python_setup_py'
[0.270s] Level 1:colcon.colcon_core.package_identification:_identify(build) by extensions ['ignore', 'ignore_ament_install']
[0.270s] Level 1:colcon.colcon_core.package_identification:_identify(build) by extension 'ignore'
[0.270s] Level 1:colcon.colcon_core.package_identification:_identify(build) ignored
[0.270s] Level 1:colcon.colcon_core.package_identification:_identify(install) by extensions ['ignore', 'ignore_ament_install']
[0.270s] Level 1:colcon.colcon_core.package_identification:_identify(install) by extension 'ignore'
[0.270s] Level 1:colcon.colcon_core.package_identification:_identify(install) ignored
[0.271s] Level 1:colcon.colcon_core.package_identification:_identify(log) by extensions ['ignore', 'ignore_ament_install']
[0.271s] Level 1:colcon.colcon_core.package_identification:_identify(log) by extension 'ignore'
[0.271s] Level 1:colcon.colcon_core.package_identification:_identify(log) ignored
[0.271s] Level 1:colcon.colcon_core.package_identification:_identify(src) by extensions ['ignore', 'ignore_ament_install']
[0.271s] Level 1:colcon.colcon_core.package_identification:_identify(src) by extension 'ignore'
[0.271s] Level 1:colcon.colcon_core.package_identification:_identify(src) by extension 'ignore_ament_install'
[0.271s] Level 1:colcon.colcon_core.package_identification:_identify(src) by extensions ['colcon_pkg']
[0.271s] Level 1:colcon.colcon_core.package_identification:_identify(src) by extension 'colcon_pkg'
[0.271s] Level 1:colcon.colcon_core.package_identification:_identify(src) by extensions ['colcon_meta']
[0.271s] Level 1:colcon.colcon_core.package_identification:_identify(src) by extension 'colcon_meta'
[0.271s] Level 1:colcon.colcon_core.package_identification:_identify(src) by extensions ['ros']
[0.271s] Level 1:colcon.colcon_core.package_identification:_identify(src) by extension 'ros'
[0.271s] Level 1:colcon.colcon_core.package_identification:_identify(src) by extensions ['cmake', 'python']
[0.271s] Level 1:colcon.colcon_core.package_identification:_identify(src) by extension 'cmake'
[0.271s] Level 1:colcon.colcon_core.package_identification:_identify(src) by extension 'python'
[0.271s] Level 1:colcon.colcon_core.package_identification:_identify(src) by extensions ['python_setup_py']
[0.271s] Level 1:colcon.colcon_core.package_identification:_identify(src) by extension 'python_setup_py'
[0.271s] Level 1:colcon.colcon_core.package_identification:_identify(src/my_robot_interfaces) by extensions ['ignore', 'ignore_ament_install']
[0.272s] Level 1:colcon.colcon_core.package_identification:_identify(src/my_robot_interfaces) by extension 'ignore'
[0.272s] Level 1:colcon.colcon_core.package_identification:_identify(src/my_robot_interfaces) by extension 'ignore_ament_install'
[0.272s] Level 1:colcon.colcon_core.package_identification:_identify(src/my_robot_interfaces) by extensions ['colcon_pkg']
[0.272s] Level 1:colcon.colcon_core.package_identification:_identify(src/my_robot_interfaces) by extension 'colcon_pkg'
[0.272s] Level 1:colcon.colcon_core.package_identification:_identify(src/my_robot_interfaces) by extensions ['colcon_meta']
[0.272s] Level 1:colcon.colcon_core.package_identification:_identify(src/my_robot_interfaces) by extension 'colcon_meta'
[0.272s] Level 1:colcon.colcon_core.package_identification:_identify(src/my_robot_interfaces) by extensions ['ros']
[0.272s] Level 1:colcon.colcon_core.package_identification:_identify(src/my_robot_interfaces) by extension 'ros'
[0.274s] DEBUG:colcon.colcon_core.package_identification:Package 'src/my_robot_interfaces' with type 'ros.ament_cmake' and name 'my_robot_interfaces'
[0.274s] Level 1:colcon.colcon_core.package_identification:_identify(src/mypkg) by extensions ['ignore', 'ignore_ament_install']
[0.274s] Level 1:colcon.colcon_core.package_identification:_identify(src/mypkg) by extension 'ignore'
[0.274s] Level 1:colcon.colcon_core.package_identification:_identify(src/mypkg) by extension 'ignore_ament_install'
[0.274s] Level 1:colcon.colcon_core.package_identification:_identify(src/mypkg) by extensions ['colcon_pkg']
[0.274s] Level 1:colcon.colcon_core.package_identification:_identify(src/mypkg) by extension 'colcon_pkg'
[0.274s] Level 1:colcon.colcon_core.package_identification:_identify(src/mypkg) by extensions ['colcon_meta']
[0.274s] Level 1:colcon.colcon_core.package_identification:_identify(src/mypkg) by extension 'colcon_meta'
[0.274s] Level 1:colcon.colcon_core.package_identification:_identify(src/mypkg) by extensions ['ros']
[0.274s] Level 1:colcon.colcon_core.package_identification:_identify(src/mypkg) by extension 'ros'
[0.275s] DEBUG:colcon.colcon_core.package_identification:Package 'src/mypkg' with type 'ros.ament_python' and name 'mypkg'
[0.275s] Level 1:colcon.colcon_core.package_discovery:discover_packages(recursive) using defaults
[0.275s] Level 1:colcon.colcon_core.package_discovery:discover_packages(ignore) discover
[0.275s] Level 1:colcon.colcon_core.package_discovery:discover_packages(ignore) using defaults
[0.275s] Level 1:colcon.colcon_core.package_discovery:discover_packages(path) discover
[0.275s] Level 1:colcon.colcon_core.package_discovery:discover_packages(path) using defaults
[0.293s] INFO:colcon.colcon_core.package_selection:Skipping not selected package 'mypkg' in 'src/mypkg'
[0.294s] Level 1:colcon.colcon_core.package_discovery:discover_packages(prefix_path) check parameters
[0.294s] Level 1:colcon.colcon_core.package_discovery:discover_packages(prefix_path) discover
[0.295s] WARNING:colcon.colcon_ros.prefix_path.ament:The path '/home/pranav/ws/install/my_robot_interfaces' in the environment variable AMENT_PREFIX_PATH doesn't exist
[0.295s] WARNING:colcon.colcon_ros.prefix_path.catkin:The path '/home/pranav/ws/install/my_robot_interfaces' in the environment variable CMAKE_PREFIX_PATH doesn't exist
[0.296s] DEBUG:colcon.colcon_installed_package_information.package_discovery:Found 1 installed packages in /home/pranav/ws/src/my_robot_interfaces/install
[0.296s] DEBUG:colcon.colcon_installed_package_information.package_discovery:Found 1 installed packages in /home/pranav/ws/install
[0.296s] DEBUG:colcon.colcon_installed_package_information.package_discovery:Found 1 installed packages in /home/pranav/learning_ws/install
[0.298s] DEBUG:colcon.colcon_installed_package_information.package_discovery:Found 270 installed packages in /opt/ros/humble
[0.299s] Level 1:colcon.colcon_core.package_discovery:discover_packages(prefix_path) using defaults
[0.354s] Level 5:colcon.colcon_core.verb:set package 'my_robot_interfaces' build argument 'cmake_args' from command line to 'None'
[0.354s] Level 5:colcon.colcon_core.verb:set package 'my_robot_interfaces' build argument 'cmake_target' from command line to 'None'
[0.354s] Level 5:colcon.colcon_core.verb:set package 'my_robot_interfaces' build argument 'cmake_target_skip_unavailable' from command line to 'False'
[0.354s] Level 5:colcon.colcon_core.verb:set package 'my_robot_interfaces' build argument 'cmake_clean_cache' from command line to 'False'
[0.354s] Level 5:colcon.colcon_core.verb:set package 'my_robot_interfaces' build argument 'cmake_clean_first' from command line to 'False'
[0.354s] Level 5:colcon.colcon_core.verb:set package 'my_robot_interfaces' build argument 'cmake_force_configure' from command line to 'False'
[0.354s] Level 5:colcon.colcon_core.verb:set package 'my_robot_interfaces' build argument 'ament_cmake_args' from command line to 'None'
[0.354s] Level 5:colcon.colcon_core.verb:set package 'my_robot_interfaces' build argument 'catkin_cmake_args' from command line to 'None'
[0.354s] Level 5:colcon.colcon_core.verb:set package 'my_robot_interfaces' build argument 'catkin_skip_building_tests' from command line to 'False'
[0.354s] DEBUG:colcon.colcon_core.verb:Building package 'my_robot_interfaces' with the following arguments: {'ament_cmake_args': None, 'build_base': '/home/pranav/ws/build/my_robot_interfaces', 'catkin_cmake_args': None, 'catkin_skip_building_tests': False, 'cmake_args': None, 'cmake_clean_cache': False, 'cmake_clean_first': False, 'cmake_force_configure': False, 'cmake_target': None, 'cmake_target_skip_unavailable': False, 'install_base': '/home/pranav/ws/install/my_robot_interfaces', 'merge_install': False, 'path': '/home/pranav/ws/src/my_robot_interfaces', 'symlink_install': False, 'test_result_base': None}
[0.354s] INFO:colcon.colcon_core.executor:Executing jobs using 'parallel' executor
[0.355s] DEBUG:colcon.colcon_parallel_executor.executor.parallel:run_until_complete
[0.356s] INFO:colcon.colcon_ros.task.ament_cmake.build:Building ROS package in '/home/pranav/ws/src/my_robot_interfaces' with build type 'ament_cmake'
[0.356s] INFO:colcon.colcon_cmake.task.cmake.build:Building CMake package in '/home/pranav/ws/src/my_robot_interfaces'
[0.359s] INFO:colcon.colcon_core.plugin_system:Skipping extension 'colcon_core.shell.bat': Not used on non-Windows systems
[0.359s] INFO:colcon.colcon_core.shell:Skip shell extension 'powershell' for command environment: Not usable outside of PowerShell
[0.359s] DEBUG:colcon.colcon_core.shell:Skip shell extension 'dsv' for command environment
[0.371s] DEBUG:colcon.colcon_core.event_handler.log_command:Invoking command in '/home/pranav/ws/build/my_robot_interfaces': CMAKE_PREFIX_PATH=${CMAKE_PREFIX_PATH}:/home/pranav/ws/install/mypkg:/home/pranav/learning_ws/install/mypkg:/opt/ros/humble /usr/bin/cmake /home/pranav/ws/src/my_robot_interfaces -DCMAKE_INSTALL_PREFIX=/home/pranav/ws/install/my_robot_interfaces
[2.059s] DEBUG:colcon.colcon_core.event_handler.log_command:Invoked command in '/home/pranav/ws/build/my_robot_interfaces' returned '0': CMAKE_PREFIX_PATH=${CMAKE_PREFIX_PATH}:/home/pranav/ws/install/mypkg:/home/pranav/learning_ws/install/mypkg:/opt/ros/humble /usr/bin/cmake /home/pranav/ws/src/my_robot_interfaces -DCMAKE_INSTALL_PREFIX=/home/pranav/ws/install/my_robot_interfaces
[2.062s] DEBUG:colcon.colcon_core.event_handler.log_command:Invoking command in '/home/pranav/ws/build/my_robot_interfaces': CMAKE_PREFIX_PATH=${CMAKE_PREFIX_PATH}:/home/pranav/ws/install/mypkg:/home/pranav/learning_ws/install/mypkg:/opt/ros/humble /usr/bin/cmake --build /home/pranav/ws/build/my_robot_interfaces -- -j4 -l4
[5.322s] DEBUG:colcon.colcon_core.event_handler.log_command:Invoked command in '/home/pranav/ws/build/my_robot_interfaces' returned '0': CMAKE_PREFIX_PATH=${CMAKE_PREFIX_PATH}:/home/pranav/ws/install/mypkg:/home/pranav/learning_ws/install/mypkg:/opt/ros/humble /usr/bin/cmake --build /home/pranav/ws/build/my_robot_interfaces -- -j4 -l4
[5.458s] DEBUG:colcon.colcon_core.event_handler.log_command:Invoking command in '/home/pranav/ws/build/my_robot_interfaces': CMAKE_PREFIX_PATH=${CMAKE_PREFIX_PATH}:/home/pranav/ws/install/mypkg:/home/pranav/learning_ws/install/mypkg:/opt/ros/humble /usr/bin/cmake --install /home/pranav/ws/build/my_robot_interfaces
[5.562s] Level 1:colcon.colcon_core.environment:create_environment_scripts_only(my_robot_interfaces)
[5.562s] DEBUG:colcon.colcon_core.event_handler.log_command:Invoked command in '/home/pranav/ws/build/my_robot_interfaces' returned '0': CMAKE_PREFIX_PATH=${CMAKE_PREFIX_PATH}:/home/pranav/ws/install/mypkg:/home/pranav/learning_ws/install/mypkg:/opt/ros/humble /usr/bin/cmake --install /home/pranav/ws/build/my_robot_interfaces
[5.566s] Level 1:colcon.colcon_core.environment:checking '/home/pranav/ws/install/my_robot_interfaces' for CMake module files
[5.567s] Level 1:colcon.colcon_core.environment:checking '/home/pranav/ws/install/my_robot_interfaces' for CMake config files
[5.568s] Level 1:colcon.colcon_core.shell:create_environment_hook('my_robot_interfaces', 'cmake_prefix_path')
[5.568s] INFO:colcon.colcon_core.shell:Creating environment hook '/home/pranav/ws/install/my_robot_interfaces/share/my_robot_interfaces/hook/cmake_prefix_path.ps1'
[5.569s] INFO:colcon.colcon_core.shell:Creating environment descriptor '/home/pranav/ws/install/my_robot_interfaces/share/my_robot_interfaces/hook/cmake_prefix_path.dsv'
[5.569s] INFO:colcon.colcon_core.shell:Creating environment hook '/home/pranav/ws/install/my_robot_interfaces/share/my_robot_interfaces/hook/cmake_prefix_path.sh'
[5.570s] Level 1:colcon.colcon_core.environment:checking '/home/pranav/ws/install/my_robot_interfaces/lib'
[5.571s] Level 1:colcon.colcon_core.shell:create_environment_hook('my_robot_interfaces', 'ld_library_path_lib')
[5.571s] INFO:colcon.colcon_core.shell:Creating environment hook '/home/pranav/ws/install/my_robot_interfaces/share/my_robot_interfaces/hook/ld_library_path_lib.ps1'
[5.571s] INFO:colcon.colcon_core.shell:Creating environment descriptor '/home/pranav/ws/install/my_robot_interfaces/share/my_robot_interfaces/hook/ld_library_path_lib.dsv'
[5.571s] INFO:colcon.colcon_core.shell:Creating environment hook '/home/pranav/ws/install/my_robot_interfaces/share/my_robot_interfaces/hook/ld_library_path_lib.sh'
[5.572s] Level 1:colcon.colcon_core.environment:checking '/home/pranav/ws/install/my_robot_interfaces/bin'
[5.572s] Level 1:colcon.colcon_core.environment:checking '/home/pranav/ws/install/my_robot_interfaces/lib/pkgconfig/my_robot_interfaces.pc'
[5.572s] Level 1:colcon.colcon_core.environment:checking '/home/pranav/ws/install/my_robot_interfaces/lib/python3.10/site-packages'
[5.572s] Level 1:colcon.colcon_core.environment:checking '/home/pranav/ws/install/my_robot_interfaces/bin'
[5.572s] INFO:colcon.colcon_core.shell:Creating package script '/home/pranav/ws/install/my_robot_interfaces/share/my_robot_interfaces/package.ps1'
[5.573s] INFO:colcon.colcon_core.shell:Creating package descriptor '/home/pranav/ws/install/my_robot_interfaces/share/my_robot_interfaces/package.dsv'
[5.576s] INFO:colcon.colcon_core.shell:Creating package script '/home/pranav/ws/install/my_robot_interfaces/share/my_robot_interfaces/package.sh'
[5.578s] INFO:colcon.colcon_core.shell:Creating package script '/home/pranav/ws/install/my_robot_interfaces/share/my_robot_interfaces/package.bash'
[5.579s] INFO:colcon.colcon_core.shell:Creating package script '/home/pranav/ws/install/my_robot_interfaces/share/my_robot_interfaces/package.zsh'
[5.580s] Level 1:colcon.colcon_core.environment:create_file_with_runtime_dependencies(/home/pranav/ws/install/my_robot_interfaces/share/colcon-core/packages/my_robot_interfaces)
[5.707s] Level 1:colcon.colcon_core.environment:create_environment_scripts_only(my_robot_interfaces)
[5.707s] Level 1:colcon.colcon_core.environment:checking '/home/pranav/ws/install/my_robot_interfaces' for CMake module files
[5.708s] Level 1:colcon.colcon_core.environment:checking '/home/pranav/ws/install/my_robot_interfaces' for CMake config files
[5.709s] Level 1:colcon.colcon_core.shell:create_environment_hook('my_robot_interfaces', 'cmake_prefix_path')
[5.709s] INFO:colcon.colcon_core.shell:Creating environment hook '/home/pranav/ws/install/my_robot_interfaces/share/my_robot_interfaces/hook/cmake_prefix_path.ps1'
[5.709s] INFO:colcon.colcon_core.shell:Creating environment descriptor '/home/pranav/ws/install/my_robot_interfaces/share/my_robot_interfaces/hook/cmake_prefix_path.dsv'
[5.710s] INFO:colcon.colcon_core.shell:Creating environment hook '/home/pranav/ws/install/my_robot_interfaces/share/my_robot_interfaces/hook/cmake_prefix_path.sh'
[5.710s] Level 1:colcon.colcon_core.environment:checking '/home/pranav/ws/install/my_robot_interfaces/lib'
[5.711s] Level 1:colcon.colcon_core.shell:create_environment_hook('my_robot_interfaces', 'ld_library_path_lib')
[5.711s] INFO:colcon.colcon_core.shell:Creating environment hook '/home/pranav/ws/install/my_robot_interfaces/share/my_robot_interfaces/hook/ld_library_path_lib.ps1'
[5.711s] INFO:colcon.colcon_core.shell:Creating environment descriptor '/home/pranav/ws/install/my_robot_interfaces/share/my_robot_interfaces/hook/ld_library_path_lib.dsv'
[5.712s] INFO:colcon.colcon_core.shell:Creating environment hook '/home/pranav/ws/install/my_robot_interfaces/share/my_robot_interfaces/hook/ld_library_path_lib.sh'
[5.712s] Level 1:colcon.colcon_core.environment:checking '/home/pranav/ws/install/my_robot_interfaces/bin'
[5.712s] Level 1:colcon.colcon_core.environment:checking '/home/pranav/ws/install/my_robot_interfaces/lib/pkgconfig/my_robot_interfaces.pc'
[5.712s] Level 1:colcon.colcon_core.environment:checking '/home/pranav/ws/install/my_robot_interfaces/lib/python3.10/site-packages'
[5.713s] Level 1:colcon.colcon_core.environment:checking '/home/pranav/ws/install/my_robot_interfaces/bin'
[5.713s] INFO:colcon.colcon_core.shell:Creating package script '/home/pranav/ws/install/my_robot_interfaces/share/my_robot_interfaces/package.ps1'
[5.713s] INFO:colcon.colcon_core.shell:Creating package descriptor '/home/pranav/ws/install/my_robot_interfaces/share/my_robot_interfaces/package.dsv'
[5.714s] INFO:colcon.colcon_core.shell:Creating package script '/home/pranav/ws/install/my_robot_interfaces/share/my_robot_interfaces/package.sh'
[5.715s] INFO:colcon.colcon_core.shell:Creating package script '/home/pranav/ws/install/my_robot_interfaces/share/my_robot_interfaces/package.bash'
[5.715s] INFO:colcon.colcon_core.shell:Creating package script '/home/pranav/ws/install/my_robot_interfaces/share/my_robot_interfaces/package.zsh'
[5.715s] Level 1:colcon.colcon_core.environment:create_file_with_runtime_dependencies(/home/pranav/ws/install/my_robot_interfaces/share/colcon-core/packages/my_robot_interfaces)
[5.716s] DEBUG:colcon.colcon_parallel_executor.executor.parallel:closing loop
[5.717s] DEBUG:colcon.colcon_parallel_executor.executor.parallel:loop closed
[5.717s] DEBUG:colcon.colcon_parallel_executor.executor.parallel:run_until_complete finished with '0'
[5.717s] DEBUG:colcon.colcon_core.event_reactor:joining thread
[5.722s] INFO:colcon.colcon_core.plugin_system:Skipping extension 'colcon_notification.desktop_notification.terminal_notifier': Not used on non-Darwin systems
[5.722s] INFO:colcon.colcon_core.plugin_system:Skipping extension 'colcon_notification.desktop_notification.win32': Not used on non-Windows systems
[5.722s] INFO:colcon.colcon_notification.desktop_notification:Sending desktop notification using 'notify2'
[5.738s] DEBUG:colcon.colcon_core.event_reactor:joined thread
[5.739s] INFO:colcon.colcon_core.shell:Creating prefix script '/home/pranav/ws/install/local_setup.ps1'
[5.740s] INFO:colcon.colcon_core.shell:Creating prefix util module '/home/pranav/ws/install/_local_setup_util_ps1.py'
[5.742s] INFO:colcon.colcon_core.shell:Creating prefix chain script '/home/pranav/ws/install/setup.ps1'
[5.744s] INFO:colcon.colcon_core.shell:Creating prefix script '/home/pranav/ws/install/local_setup.sh'
[5.745s] INFO:colcon.colcon_core.shell:Creating prefix util module '/home/pranav/ws/install/_local_setup_util_sh.py'
[5.746s] INFO:colcon.colcon_core.shell:Creating prefix chain script '/home/pranav/ws/install/setup.sh'
[5.748s] INFO:colcon.colcon_core.shell:Creating prefix script '/home/pranav/ws/install/local_setup.bash'
[5.748s] INFO:colcon.colcon_core.shell:Creating prefix chain script '/home/pranav/ws/install/setup.bash'
[5.750s] INFO:colcon.colcon_core.shell:Creating prefix script '/home/pranav/ws/install/local_setup.zsh'
[5.750s] INFO:colcon.colcon_core.shell:Creating prefix chain script '/home/pranav/ws/install/setup.zsh'
