[0.067s] Invoking command in '/home/pranav/ws/build/my_robot_interfaces': CMAKE_PREFIX_PATH=${CMAKE_PREFIX_PATH}:/home/pranav/ws/install/mypkg:/home/pranav/learning_ws/install/mypkg:/opt/ros/humble /usr/bin/cmake /home/pranav/ws/src/my_robot_interfaces -DCMAKE_INSTALL_PREFIX=/home/pranav/ws/install/my_robot_interfaces
[0.087s] -- Found ament_cmake: 1.3.9 (/opt/ros/humble/share/ament_cmake/cmake)
[0.225s] -- Override CMake install command with custom implementation using symlinks instead of copying resources
[0.242s] -- Found rosidl_default_generators: 1.2.0 (/opt/ros/humble/share/rosidl_default_generators/cmake)
[0.245s] -- Using all available rosidl_typesupport_c: rosidl_typesupport_fastrtps_c;rosidl_typesupport_introspection_c
[0.248s] -- Found rosidl_adapter: 3.1.5 (/opt/ros/humble/share/rosidl_adapter/cmake)
[0.278s] -- Using all available rosidl_typesupport_cpp: rosidl_typesupport_fastrtps_cpp;rosidl_typesupport_introspection_cpp
[0.644s] -- Found ament_cmake_ros: 0.10.0 (/opt/ros/humble/share/ament_cmake_ros/cmake)
[0.839s] -- Using all available rosidl_typesupport_c: rosidl_typesupport_fastrtps_c;rosidl_typesupport_introspection_c
[1.162s] -- Using all available rosidl_typesupport_cpp: rosidl_typesupport_fastrtps_cpp;rosidl_typesupport_introspection_cpp
[1.191s] -- Found python_cmake_module: 0.10.0 (/opt/ros/humble/share/python_cmake_module/cmake)
[1.215s] -- Using PYTHON_EXECUTABLE: /usr/bin/python3
[1.216s] -- Using PYTHON_INCLUDE_DIRS: /usr/include/python3.10
[1.216s] -- Using PYTHON_LIBRARIES: /usr/lib/x86_64-linux-gnu/libpython3.10.so
[1.317s] -- Configuring done
[1.427s] -- Generating done
[1.434s] -- Build files have been written to: /home/pranav/ws/build/my_robot_interfaces
[1.444s] Invoked command in '/home/pranav/ws/build/my_robot_interfaces' returned '0': CMAKE_PREFIX_PATH=${CMAKE_PREFIX_PATH}:/home/pranav/ws/install/mypkg:/home/pranav/learning_ws/install/mypkg:/opt/ros/humble /usr/bin/cmake /home/pranav/ws/src/my_robot_interfaces -DCMAKE_INSTALL_PREFIX=/home/pranav/ws/install/my_robot_interfaces
[1.448s] Invoking command in '/home/pranav/ws/build/my_robot_interfaces': CMAKE_PREFIX_PATH=${CMAKE_PREFIX_PATH}:/home/pranav/ws/install/mypkg:/home/pranav/learning_ws/install/mypkg:/opt/ros/humble /usr/bin/cmake --build /home/pranav/ws/build/my_robot_interfaces -- -j4 -l4
[1.503s] [35m[1mConsolidate compiler generated dependencies of target my_robot_interfaces__rosidl_generator_c[0m
[1.516s] failed to create symbolic link '/home/pranav/ws/build/my_robot_interfaces/ament_cmake_python/my_robot_interfaces/my_robot_interfaces' because existing path cannot be removed: Is a directory
[1.516s] [  2%] Built target my_robot_interfaces__cpp
[1.518s] gmake[2]: *** [CMakeFiles/ament_cmake_python_symlink_my_robot_interfaces.dir/build.make:70: CMakeFiles/ament_cmake_python_symlink_my_robot_interfaces] Error 1
[1.519s] [  5%] [32m[1mLinking C shared library libmy_robot_interfaces__rosidl_generator_c.so[0m
[1.519s] gmake[1]: *** [CMakeFiles/Makefile2:421: CMakeFiles/ament_cmake_python_symlink_my_robot_interfaces.dir/all] Error 2
[1.519s] gmake[1]: *** Waiting for unfinished jobs....
[1.534s] [35m[1mConsolidate compiler generated dependencies of target my_robot_interfaces__rosidl_typesupport_cpp[0m
[1.535s] [35m[1mConsolidate compiler generated dependencies of target my_robot_interfaces__rosidl_typesupport_fastrtps_cpp[0m
[1.556s] [  7%] [32m[1mLinking CXX shared library libmy_robot_interfaces__rosidl_typesupport_cpp.so[0m
[1.560s] [ 10%] [32m[1mLinking CXX shared library libmy_robot_interfaces__rosidl_typesupport_fastrtps_cpp.so[0m
[1.573s] [ 17%] Built target my_robot_interfaces__rosidl_generator_c
[1.612s] [ 25%] Built target my_robot_interfaces__rosidl_typesupport_cpp
[1.647s] [ 33%] Built target my_robot_interfaces__rosidl_typesupport_fastrtps_cpp
[1.648s] gmake: *** [Makefile:146: all] Error 2
[1.651s] Invoked command in '/home/pranav/ws/build/my_robot_interfaces' returned '2': CMAKE_PREFIX_PATH=${CMAKE_PREFIX_PATH}:/home/pranav/ws/install/mypkg:/home/pranav/learning_ws/install/mypkg:/opt/ros/humble /usr/bin/cmake --build /home/pranav/ws/build/my_robot_interfaces -- -j4 -l4
