[0.665s] Invoking command in '/home/pranav/ws/src/mypkg': PYTHONPATH=/home/pranav/ws/build/mypkg/prefix_override:/usr/lib/python3/dist-packages/colcon_core/task/python/colcon_distutils_commands:/home/pranav/ws/install/mypkg/lib/python3.10/site-packages:${PYTHONPATH} /usr/bin/python3 -W ignore:setup.py install is deprecated setup.py egg_info --egg-base ../../build/mypkg build --build-base /home/pranav/ws/build/mypkg/build install --record /home/pranav/ws/build/mypkg/install.log --single-version-externally-managed install_data
[0.939s] running egg_info
[0.939s] writing ../../build/mypkg/mypkg.egg-info/PKG-INFO
[0.940s] writing dependency_links to ../../build/mypkg/mypkg.egg-info/dependency_links.txt
[0.940s] writing entry points to ../../build/mypkg/mypkg.egg-info/entry_points.txt
[0.941s] writing requirements to ../../build/mypkg/mypkg.egg-info/requires.txt
[0.941s] writing top-level names to ../../build/mypkg/mypkg.egg-info/top_level.txt
[0.942s] reading manifest file '../../build/mypkg/mypkg.egg-info/SOURCES.txt'
[0.943s] writing manifest file '../../build/mypkg/mypkg.egg-info/SOURCES.txt'
[0.943s] running build
[0.943s] running build_py
[0.944s] running install
[0.944s] running install_lib
[0.945s] running install_data
[0.945s] running install_egg_info
[0.947s] removing '/home/pranav/ws/install/mypkg/lib/python3.10/site-packages/mypkg-0.0.0-py3.10.egg-info' (and everything under it)
[0.947s] Copying ../../build/mypkg/mypkg.egg-info to /home/pranav/ws/install/mypkg/lib/python3.10/site-packages/mypkg-0.0.0-py3.10.egg-info
[0.948s] running install_scripts
[0.965s] Installing circle script to /home/pranav/ws/install/mypkg/lib/mypkg
[0.966s] Installing pose_sub script to /home/pranav/ws/install/mypkg/lib/mypkg
[0.966s] Installing testnode script to /home/pranav/ws/install/mypkg/lib/mypkg
[0.966s] Installing turtle_controller script to /home/pranav/ws/install/mypkg/lib/mypkg
[0.966s] writing list of installed files to '/home/pranav/ws/build/mypkg/install.log'
[0.997s] Invoked command in '/home/pranav/ws/src/mypkg' returned '0': PYTHONPATH=/home/pranav/ws/build/mypkg/prefix_override:/usr/lib/python3/dist-packages/colcon_core/task/python/colcon_distutils_commands:/home/pranav/ws/install/mypkg/lib/python3.10/site-packages:${PYTHONPATH} /usr/bin/python3 -W ignore:setup.py install is deprecated setup.py egg_info --egg-base ../../build/mypkg build --build-base /home/pranav/ws/build/mypkg/build install --record /home/pranav/ws/build/mypkg/install.log --single-version-externally-managed install_data
