[0.016s] Invoking command in '/home/pranav/ws/build/my_cpp_pkg': CMAKE_PREFIX_PATH=${CMAKE_PREFIX_PATH}:/home/pranav/ws/install/mypkg:/home/pranav/learning_ws/install/mypkg:/opt/ros/humble /usr/bin/cmake --build /home/pranav/ws/build/my_cpp_pkg -- -j4 -l4
[0.087s] [35m[1mConsolidate compiler generated dependencies of target speed_pub[0m
[0.103s] [ 50%] Built target subscriber
[0.103s] [ 50%] Built target rpm_pub
[0.104s] [ 75%] Built target publisher
[0.113s] [ 87%] [32mBuilding CXX object CMakeFiles/speed_pub.dir/src/speed_publisher.cpp.o[0m
[8.133s] [100%] [32m[1mLinking CXX executable speed_pub[0m
[8.474s] [100%] Built target speed_pub
[8.494s] Invoked command in '/home/pranav/ws/build/my_cpp_pkg' returned '0': CMAKE_PREFIX_PATH=${CMAKE_PREFIX_PATH}:/home/pranav/ws/install/mypkg:/home/pranav/learning_ws/install/mypkg:/opt/ros/humble /usr/bin/cmake --build /home/pranav/ws/build/my_cpp_pkg -- -j4 -l4
[8.558s] Invoking command in '/home/pranav/ws/build/my_cpp_pkg': CMAKE_PREFIX_PATH=${CMAKE_PREFIX_PATH}:/home/pranav/ws/install/mypkg:/home/pranav/learning_ws/install/mypkg:/opt/ros/humble /usr/bin/cmake --install /home/pranav/ws/build/my_cpp_pkg
[8.568s] -- Install configuration: ""
[8.570s] -- Execute custom install script
[8.570s] -- Up-to-date symlink: /home/pranav/ws/install/my_cpp_pkg/lib/my_cpp_pkg/publisher
[8.570s] -- Up-to-date symlink: /home/pranav/ws/install/my_cpp_pkg/lib/my_cpp_pkg/subscriber
[8.571s] -- Up-to-date symlink: /home/pranav/ws/install/my_cpp_pkg/lib/my_cpp_pkg/rpm_pub
[8.571s] -- Up-to-date symlink: /home/pranav/ws/install/my_cpp_pkg/lib/my_cpp_pkg/speed_pub
[8.572s] -- Up-to-date symlink: /home/pranav/ws/install/my_cpp_pkg/share/ament_index/resource_index/package_run_dependencies/my_cpp_pkg
[8.572s] -- Up-to-date symlink: /home/pranav/ws/install/my_cpp_pkg/share/ament_index/resource_index/parent_prefix_path/my_cpp_pkg
[8.572s] -- Up-to-date symlink: /home/pranav/ws/install/my_cpp_pkg/share/my_cpp_pkg/environment/ament_prefix_path.sh
[8.573s] -- Up-to-date symlink: /home/pranav/ws/install/my_cpp_pkg/share/my_cpp_pkg/environment/ament_prefix_path.dsv
[8.573s] -- Up-to-date symlink: /home/pranav/ws/install/my_cpp_pkg/share/my_cpp_pkg/environment/path.sh
[8.573s] -- Up-to-date symlink: /home/pranav/ws/install/my_cpp_pkg/share/my_cpp_pkg/environment/path.dsv
[8.573s] -- Up-to-date symlink: /home/pranav/ws/install/my_cpp_pkg/share/my_cpp_pkg/local_setup.bash
[8.574s] -- Up-to-date symlink: /home/pranav/ws/install/my_cpp_pkg/share/my_cpp_pkg/local_setup.sh
[8.574s] -- Up-to-date symlink: /home/pranav/ws/install/my_cpp_pkg/share/my_cpp_pkg/local_setup.zsh
[8.574s] -- Up-to-date symlink: /home/pranav/ws/install/my_cpp_pkg/share/my_cpp_pkg/local_setup.dsv
[8.574s] -- Symlinking: /home/pranav/ws/install/my_cpp_pkg/share/my_cpp_pkg/package.dsv
[8.586s] -- Up-to-date symlink: /home/pranav/ws/install/my_cpp_pkg/share/ament_index/resource_index/packages/my_cpp_pkg
[8.586s] -- Up-to-date symlink: /home/pranav/ws/install/my_cpp_pkg/share/my_cpp_pkg/cmake/my_cpp_pkgConfig.cmake
[8.586s] -- Up-to-date symlink: /home/pranav/ws/install/my_cpp_pkg/share/my_cpp_pkg/cmake/my_cpp_pkgConfig-version.cmake
[8.586s] -- Up-to-date symlink: /home/pranav/ws/install/my_cpp_pkg/share/my_cpp_pkg/package.xml
[8.590s] Invoked command in '/home/pranav/ws/build/my_cpp_pkg' returned '0': CMAKE_PREFIX_PATH=${CMAKE_PREFIX_PATH}:/home/pranav/ws/install/mypkg:/home/pranav/learning_ws/install/mypkg:/opt/ros/humble /usr/bin/cmake --install /home/pranav/ws/build/my_cpp_pkg
