[0.018s] Invoking command in '/home/pranav/ws/build/my_cpp_pkg': CMAKE_PREFIX_PATH=${CMAKE_PREFIX_PATH}:/home/pranav/ws/install/mypkg:/home/pranav/learning_ws/install/mypkg:/opt/ros/humble /usr/bin/cmake --build /home/pranav/ws/build/my_cpp_pkg -- -j4 -l4
[0.082s] [35m[1mConsolidate compiler generated dependencies of target rpm_pub[0m
[0.107s] [ 37%] [32mBuilding CXX object CMakeFiles/rpm_pub.dir/src/rpm_publisher.cpp.o[0m
[0.107s] [ 37%] Built target speed_pub
[0.108s] [ 62%] Built target publisher
[0.113s] [ 87%] Built target subscriber
[5.377s] [100%] [32m[1mLinking CXX executable rpm_pub[0m
[5.606s] [100%] Built target rpm_pub
[5.626s] Invoked command in '/home/pranav/ws/build/my_cpp_pkg' returned '0': CMAKE_PREFIX_PATH=${CMAKE_PREFIX_PATH}:/home/pranav/ws/install/mypkg:/home/pranav/learning_ws/install/mypkg:/opt/ros/humble /usr/bin/cmake --build /home/pranav/ws/build/my_cpp_pkg -- -j4 -l4
[5.685s] Invoking command in '/home/pranav/ws/build/my_cpp_pkg': CMAKE_PREFIX_PATH=${CMAKE_PREFIX_PATH}:/home/pranav/ws/install/mypkg:/home/pranav/learning_ws/install/mypkg:/opt/ros/humble /usr/bin/cmake --install /home/pranav/ws/build/my_cpp_pkg
[5.700s] -- Install configuration: ""
[5.700s] -- Execute custom install script
[5.700s] -- Up-to-date symlink: /home/pranav/ws/install/my_cpp_pkg/lib/my_cpp_pkg/publisher
[5.700s] -- Up-to-date symlink: /home/pranav/ws/install/my_cpp_pkg/lib/my_cpp_pkg/subscriber
[5.700s] -- Up-to-date symlink: /home/pranav/ws/install/my_cpp_pkg/lib/my_cpp_pkg/rpm_pub
[5.701s] -- Up-to-date symlink: /home/pranav/ws/install/my_cpp_pkg/lib/my_cpp_pkg/speed_pub
[5.701s] -- Up-to-date symlink: /home/pranav/ws/install/my_cpp_pkg/share/ament_index/resource_index/package_run_dependencies/my_cpp_pkg
[5.701s] -- Up-to-date symlink: /home/pranav/ws/install/my_cpp_pkg/share/ament_index/resource_index/parent_prefix_path/my_cpp_pkg
[5.701s] -- Up-to-date symlink: /home/pranav/ws/install/my_cpp_pkg/share/my_cpp_pkg/environment/ament_prefix_path.sh
[5.701s] -- Up-to-date symlink: /home/pranav/ws/install/my_cpp_pkg/share/my_cpp_pkg/environment/ament_prefix_path.dsv
[5.701s] -- Up-to-date symlink: /home/pranav/ws/install/my_cpp_pkg/share/my_cpp_pkg/environment/path.sh
[5.701s] -- Up-to-date symlink: /home/pranav/ws/install/my_cpp_pkg/share/my_cpp_pkg/environment/path.dsv
[5.701s] -- Up-to-date symlink: /home/pranav/ws/install/my_cpp_pkg/share/my_cpp_pkg/local_setup.bash
[5.701s] -- Up-to-date symlink: /home/pranav/ws/install/my_cpp_pkg/share/my_cpp_pkg/local_setup.sh
[5.701s] -- Up-to-date symlink: /home/pranav/ws/install/my_cpp_pkg/share/my_cpp_pkg/local_setup.zsh
[5.701s] -- Up-to-date symlink: /home/pranav/ws/install/my_cpp_pkg/share/my_cpp_pkg/local_setup.dsv
[5.701s] -- Symlinking: /home/pranav/ws/install/my_cpp_pkg/share/my_cpp_pkg/package.dsv
[5.711s] -- Up-to-date symlink: /home/pranav/ws/install/my_cpp_pkg/share/ament_index/resource_index/packages/my_cpp_pkg
[5.712s] -- Up-to-date symlink: /home/pranav/ws/install/my_cpp_pkg/share/my_cpp_pkg/cmake/my_cpp_pkgConfig.cmake
[5.712s] -- Up-to-date symlink: /home/pranav/ws/install/my_cpp_pkg/share/my_cpp_pkg/cmake/my_cpp_pkgConfig-version.cmake
[5.712s] -- Up-to-date symlink: /home/pranav/ws/install/my_cpp_pkg/share/my_cpp_pkg/package.xml
[5.715s] Invoked command in '/home/pranav/ws/build/my_cpp_pkg' returned '0': CMAKE_PREFIX_PATH=${CMAKE_PREFIX_PATH}:/home/pranav/ws/install/mypkg:/home/pranav/learning_ws/install/mypkg:/opt/ros/humble /usr/bin/cmake --install /home/pranav/ws/build/my_cpp_pkg
