[0.666s] Invoking command in '/home/pranav/ws/src/mypkg': PYTHONPATH=/home/pranav/ws/build/mypkg/prefix_override:/usr/lib/python3/dist-packages/colcon_core/task/python/colcon_distutils_commands:/home/pranav/ws/install/mypkg/lib/python3.10/site-packages:${PYTHONPATH} /usr/bin/python3 -W ignore:setup.py install is deprecated setup.py egg_info --egg-base ../../build/mypkg build --build-base /home/pranav/ws/build/mypkg/build install --record /home/pranav/ws/build/mypkg/install.log --single-version-externally-managed install_data
[0.917s] running egg_info
[0.919s] writing ../../build/mypkg/mypkg.egg-info/PKG-INFO
[0.919s] writing dependency_links to ../../build/mypkg/mypkg.egg-info/dependency_links.txt
[0.920s] writing entry points to ../../build/mypkg/mypkg.egg-info/entry_points.txt
[0.920s] writing requirements to ../../build/mypkg/mypkg.egg-info/requires.txt
[0.921s] writing top-level names to ../../build/mypkg/mypkg.egg-info/top_level.txt
[0.921s] reading manifest file '../../build/mypkg/mypkg.egg-info/SOURCES.txt'
[0.922s] writing manifest file '../../build/mypkg/mypkg.egg-info/SOURCES.txt'
[0.922s] running build
[0.923s] running build_py
[0.923s] running install
[0.924s] running install_lib
[0.926s] running install_data
[0.926s] running install_egg_info
[0.927s] removing '/home/pranav/ws/install/mypkg/lib/python3.10/site-packages/mypkg-0.0.0-py3.10.egg-info' (and everything under it)
[0.927s] Copying ../../build/mypkg/mypkg.egg-info to /home/pranav/ws/install/mypkg/lib/python3.10/site-packages/mypkg-0.0.0-py3.10.egg-info
[0.927s] running install_scripts
[0.947s] Installing circle script to /home/pranav/ws/install/mypkg/lib/mypkg
[0.947s] Installing pose_sub script to /home/pranav/ws/install/mypkg/lib/mypkg
[0.947s] Installing testnode script to /home/pranav/ws/install/mypkg/lib/mypkg
[0.947s] Installing turtle_controller=mypkg.turtle_controller:mainhw_status_pub script to /home/pranav/ws/install/mypkg/lib/mypkg
[0.948s] writing list of installed files to '/home/pranav/ws/build/mypkg/install.log'
[0.974s] Invoked command in '/home/pranav/ws/src/mypkg' returned '0': PYTHONPATH=/home/pranav/ws/build/mypkg/prefix_override:/usr/lib/python3/dist-packages/colcon_core/task/python/colcon_distutils_commands:/home/pranav/ws/install/mypkg/lib/python3.10/site-packages:${PYTHONPATH} /usr/bin/python3 -W ignore:setup.py install is deprecated setup.py egg_info --egg-base ../../build/mypkg build --build-base /home/pranav/ws/build/mypkg/build install --record /home/pranav/ws/build/mypkg/install.log --single-version-externally-managed install_data
