running develop
Removing /home/pranav/ws/install/mypkg/lib/python3.10/site-packages/mypkg.egg-link (link to .)
running egg_info
writing ../../build/mypkg/mypkg.egg-info/PKG-INFO
writing dependency_links to ../../build/mypkg/mypkg.egg-info/dependency_links.txt
writing entry points to ../../build/mypkg/mypkg.egg-info/entry_points.txt
writing requirements to ../../build/mypkg/mypkg.egg-info/requires.txt
writing top-level names to ../../build/mypkg/mypkg.egg-info/top_level.txt
reading manifest file '../../build/mypkg/mypkg.egg-info/SOURCES.txt'
writing manifest file '../../build/mypkg/mypkg.egg-info/SOURCES.txt'
running build
running build_py
copying mypkg/turtle_controller.py -> /home/pranav/ws/build/mypkg/build/lib/mypkg
copying mypkg/pose_sub.py -> /home/pranav/ws/build/mypkg/build/lib/mypkg
running install
running install_lib
creating /home/pranav/ws/install/mypkg/lib/python3.10/site-packages/mypkg
copying /home/pranav/ws/build/mypkg/build/lib/mypkg/draw_circle.py -> /home/pranav/ws/install/mypkg/lib/python3.10/site-packages/mypkg
copying /home/pranav/ws/build/mypkg/build/lib/mypkg/turtle_controller.py -> /home/pranav/ws/install/mypkg/lib/python3.10/site-packages/mypkg
copying /home/pranav/ws/build/mypkg/build/lib/mypkg/test1.py -> /home/pranav/ws/install/mypkg/lib/python3.10/site-packages/mypkg
copying /home/pranav/ws/build/mypkg/build/lib/mypkg/pose_sub.py -> /home/pranav/ws/install/mypkg/lib/python3.10/site-packages/mypkg
copying /home/pranav/ws/build/mypkg/build/lib/mypkg/__init__.py -> /home/pranav/ws/install/mypkg/lib/python3.10/site-packages/mypkg
byte-compiling /home/pranav/ws/install/mypkg/lib/python3.10/site-packages/mypkg/draw_circle.py to draw_circle.cpython-310.pyc
byte-compiling /home/pranav/ws/install/mypkg/lib/python3.10/site-packages/mypkg/turtle_controller.py to turtle_controller.cpython-310.pyc
byte-compiling /home/pranav/ws/install/mypkg/lib/python3.10/site-packages/mypkg/test1.py to test1.cpython-310.pyc
byte-compiling /home/pranav/ws/install/mypkg/lib/python3.10/site-packages/mypkg/pose_sub.py to pose_sub.cpython-310.pyc
byte-compiling /home/pranav/ws/install/mypkg/lib/python3.10/site-packages/mypkg/__init__.py to __init__.cpython-310.pyc
running install_data
copying resource/mypkg -> /home/pranav/ws/install/mypkg/share/ament_index/resource_index/packages
copying package.xml -> /home/pranav/ws/install/mypkg/share/mypkg
running install_egg_info
Copying ../../build/mypkg/mypkg.egg-info to /home/pranav/ws/install/mypkg/lib/python3.10/site-packages/mypkg-0.0.0-py3.10.egg-info
running install_scripts
Installing circle script to /home/pranav/ws/install/mypkg/lib/mypkg
Installing pose_sub script to /home/pranav/ws/install/mypkg/lib/mypkg
Installing testnode script to /home/pranav/ws/install/mypkg/lib/mypkg
Installing turtle_controller script to /home/pranav/ws/install/mypkg/lib/mypkg
writing list of installed files to '/home/pranav/ws/build/mypkg/install.log'
