[0.572s] Invoking command in '/home/pranav/ws/build/mypkg': PYTHONPATH=/home/pranav/ws/build/mypkg/prefix_override:/usr/lib/python3/dist-packages/colcon_core/task/python/colcon_distutils_commands:/home/pranav/ws/install/mypkg/lib/python3.10/site-packages:${PYTHONPATH} /usr/bin/python3 -W ignore:setup.py install is deprecated setup.py develop --uninstall --editable --build-directory /home/pranav/ws/build/mypkg/build
[0.819s] running develop
[0.974s] Removing /home/pranav/ws/install/mypkg/lib/python3.10/site-packages/mypkg.egg-link (link to .)
[1.002s] Invoked command in '/home/pranav/ws/build/mypkg' returned '0': PYTHONPATH=/home/pranav/ws/build/mypkg/prefix_override:/usr/lib/python3/dist-packages/colcon_core/task/python/colcon_distutils_commands:/home/pranav/ws/install/mypkg/lib/python3.10/site-packages:${PYTHONPATH} /usr/bin/python3 -W ignore:setup.py install is deprecated setup.py develop --uninstall --editable --build-directory /home/pranav/ws/build/mypkg/build
[1.003s] Invoking command in '/home/pranav/ws/src/mypkg': PYTHONPATH=/home/pranav/ws/build/mypkg/prefix_override:/usr/lib/python3/dist-packages/colcon_core/task/python/colcon_distutils_commands:/home/pranav/ws/install/mypkg/lib/python3.10/site-packages:${PYTHONPATH} /usr/bin/python3 -W ignore:setup.py install is deprecated setup.py egg_info --egg-base ../../build/mypkg build --build-base /home/pranav/ws/build/mypkg/build install --record /home/pranav/ws/build/mypkg/install.log --single-version-externally-managed install_data --force
[1.219s] running egg_info
[1.220s] writing ../../build/mypkg/mypkg.egg-info/PKG-INFO
[1.220s] writing dependency_links to ../../build/mypkg/mypkg.egg-info/dependency_links.txt
[1.220s] writing entry points to ../../build/mypkg/mypkg.egg-info/entry_points.txt
[1.221s] writing requirements to ../../build/mypkg/mypkg.egg-info/requires.txt
[1.221s] writing top-level names to ../../build/mypkg/mypkg.egg-info/top_level.txt
[1.222s] reading manifest file '../../build/mypkg/mypkg.egg-info/SOURCES.txt'
[1.223s] writing manifest file '../../build/mypkg/mypkg.egg-info/SOURCES.txt'
[1.223s] running build
[1.223s] running build_py
[1.225s] copying mypkg/turtle_controller.py -> /home/pranav/ws/build/mypkg/build/lib/mypkg
[1.226s] copying mypkg/pose_sub.py -> /home/pranav/ws/build/mypkg/build/lib/mypkg
[1.226s] running install
[1.226s] running install_lib
[1.227s] creating /home/pranav/ws/install/mypkg/lib/python3.10/site-packages/mypkg
[1.227s] copying /home/pranav/ws/build/mypkg/build/lib/mypkg/draw_circle.py -> /home/pranav/ws/install/mypkg/lib/python3.10/site-packages/mypkg
[1.228s] copying /home/pranav/ws/build/mypkg/build/lib/mypkg/turtle_controller.py -> /home/pranav/ws/install/mypkg/lib/python3.10/site-packages/mypkg
[1.228s] copying /home/pranav/ws/build/mypkg/build/lib/mypkg/test1.py -> /home/pranav/ws/install/mypkg/lib/python3.10/site-packages/mypkg
[1.228s] copying /home/pranav/ws/build/mypkg/build/lib/mypkg/pose_sub.py -> /home/pranav/ws/install/mypkg/lib/python3.10/site-packages/mypkg
[1.228s] copying /home/pranav/ws/build/mypkg/build/lib/mypkg/__init__.py -> /home/pranav/ws/install/mypkg/lib/python3.10/site-packages/mypkg
[1.229s] byte-compiling /home/pranav/ws/install/mypkg/lib/python3.10/site-packages/mypkg/draw_circle.py to draw_circle.cpython-310.pyc
[1.229s] byte-compiling /home/pranav/ws/install/mypkg/lib/python3.10/site-packages/mypkg/turtle_controller.py to turtle_controller.cpython-310.pyc
[1.230s] byte-compiling /home/pranav/ws/install/mypkg/lib/python3.10/site-packages/mypkg/test1.py to test1.cpython-310.pyc
[1.230s] byte-compiling /home/pranav/ws/install/mypkg/lib/python3.10/site-packages/mypkg/pose_sub.py to pose_sub.cpython-310.pyc
[1.230s] byte-compiling /home/pranav/ws/install/mypkg/lib/python3.10/site-packages/mypkg/__init__.py to __init__.cpython-310.pyc
[1.230s] running install_data
[1.231s] copying resource/mypkg -> /home/pranav/ws/install/mypkg/share/ament_index/resource_index/packages
[1.231s] copying package.xml -> /home/pranav/ws/install/mypkg/share/mypkg
[1.231s] running install_egg_info
[1.233s] Copying ../../build/mypkg/mypkg.egg-info to /home/pranav/ws/install/mypkg/lib/python3.10/site-packages/mypkg-0.0.0-py3.10.egg-info
[1.234s] running install_scripts
[1.254s] Installing circle script to /home/pranav/ws/install/mypkg/lib/mypkg
[1.254s] Installing pose_sub script to /home/pranav/ws/install/mypkg/lib/mypkg
[1.254s] Installing testnode script to /home/pranav/ws/install/mypkg/lib/mypkg
[1.255s] Installing turtle_controller script to /home/pranav/ws/install/mypkg/lib/mypkg
[1.255s] writing list of installed files to '/home/pranav/ws/build/mypkg/install.log'
[1.274s] Invoked command in '/home/pranav/ws/src/mypkg' returned '0': PYTHONPATH=/home/pranav/ws/build/mypkg/prefix_override:/usr/lib/python3/dist-packages/colcon_core/task/python/colcon_distutils_commands:/home/pranav/ws/install/mypkg/lib/python3.10/site-packages:${PYTHONPATH} /usr/bin/python3 -W ignore:setup.py install is deprecated setup.py egg_info --egg-base ../../build/mypkg build --build-base /home/pranav/ws/build/mypkg/build install --record /home/pranav/ws/build/mypkg/install.log --single-version-externally-managed install_data --force
