[0.016s] Invoking command in '/home/pranav/ws/build/my_robot_interfaces': /usr/bin/cmake /home/pranav/ws/src/my_robot_interfaces -DCMAKE_INSTALL_PREFIX=/home/pranav/ws/install/my_robot_interfaces
[0.042s] -- Found ament_cmake: 1.3.9 (/opt/ros/humble/share/ament_cmake/cmake)
[0.230s] -- Found rosidl_default_generators: 1.2.0 (/opt/ros/humble/share/rosidl_default_generators/cmake)
[0.233s] -- Using all available rosidl_typesupport_c: rosidl_typesupport_fastrtps_c;rosidl_typesupport_introspection_c
[0.239s] -- Found rosidl_adapter: 3.1.5 (/opt/ros/humble/share/rosidl_adapter/cmake)
[0.290s] -- Using all available rosidl_typesupport_cpp: rosidl_typesupport_fastrtps_cpp;rosidl_typesupport_introspection_cpp
[0.519s] Error parsing '/home/pranav/ws/src/my_robot_interfaces/package.xml':
[0.566s] Traceback (most recent call last):
[0.566s]   File "/opt/ros/humble/share/ament_cmake_core/cmake/core/package_xml_2_cmake.py", line 150, in <module>
[0.566s]     main()
[0.566s]   File "/opt/ros/humble/share/ament_cmake_core/cmake/core/package_xml_2_cmake.py", line 53, in main
[0.567s]     raise e
[0.567s]   File "/opt/ros/humble/share/ament_cmake_core/cmake/core/package_xml_2_cmake.py", line 49, in main
[0.567s]     package = parse_package_string(
[0.567s]   File "/usr/lib/python3/dist-packages/catkin_pkg/package.py", line 786, in parse_package_string
[0.567s]     raise InvalidPackage('Error(s):%s' % (''.join(['\n- %s' % e for e in errors])), filename)
[0.567s] catkin_pkg.package.InvalidPackage: Error(s) in package '/home/pranav/ws/src/my_robot_interfaces/package.xml':
[0.567s] Error(s):
[0.567s] - The manifest of package "my_robot_interfaces" (with format version 3) must not contain the following tags: number_of_group
[0.588s] [31mCMake Error at /opt/ros/humble/share/ament_cmake_core/cmake/core/ament_package_xml.cmake:95 (message):
[0.588s]   execute_process(/usr/bin/python3
[0.588s]   /opt/ros/humble/share/ament_cmake_core/cmake/core/package_xml_2_cmake.py
[0.588s]   /home/pranav/ws/src/my_robot_interfaces/package.xml
[0.588s]   /home/pranav/ws/build/my_robot_interfaces/ament_cmake_core/package.cmake)
[0.588s]   returned error code 1
[0.588s] Call Stack (most recent call first):
[0.588s]   /opt/ros/humble/share/ament_cmake_core/cmake/core/ament_package_xml.cmake:49 (_ament_package_xml)
[0.588s]   /opt/ros/humble/share/rosidl_cmake/cmake/rosidl_generate_interfaces.cmake:226 (ament_package_xml)
[0.588s]   CMakeLists.txt:12 (rosidl_generate_interfaces)
[0.588s] 
[0.588s] [0m
[0.589s] -- Configuring incomplete, errors occurred!
[0.589s] See also "/home/pranav/ws/build/my_robot_interfaces/CMakeFiles/CMakeOutput.log".
[0.596s] Invoked command in '/home/pranav/ws/build/my_robot_interfaces' returned '1': /usr/bin/cmake /home/pranav/ws/src/my_robot_interfaces -DCMAKE_INSTALL_PREFIX=/home/pranav/ws/install/my_robot_interfaces
