[0.679s] Invoking command in '/home/pranav/ws/build/mypkg': PYTHONPATH=/home/pranav/ws/build/mypkg/prefix_override:/usr/lib/python3/dist-packages/colcon_core/task/python/colcon_distutils_commands:/home/pranav/ws/install/mypkg/lib/python3.10/site-packages:${PYTHONPATH} /usr/bin/python3 -W ignore:setup.py install is deprecated setup.py develop --editable --build-directory /home/pranav/ws/build/mypkg/build --no-deps symlink_data --force
[0.963s] running develop
[1.144s] running egg_info
[1.144s] writing mypkg.egg-info/PKG-INFO
[1.144s] writing dependency_links to mypkg.egg-info/dependency_links.txt
[1.145s] writing entry points to mypkg.egg-info/entry_points.txt
[1.145s] writing requirements to mypkg.egg-info/requires.txt
[1.145s] writing top-level names to mypkg.egg-info/top_level.txt
[1.148s] reading manifest file 'mypkg.egg-info/SOURCES.txt'
[1.148s] writing manifest file 'mypkg.egg-info/SOURCES.txt'
[1.150s] running build_ext
[1.150s] Creating /home/pranav/ws/install/mypkg/lib/python3.10/site-packages/mypkg.egg-link (link to .)
[1.151s] Installing circle script to /home/pranav/ws/install/mypkg/lib/mypkg
[1.151s] Installing pose_sub script to /home/pranav/ws/install/mypkg/lib/mypkg
[1.151s] Installing testnode script to /home/pranav/ws/install/mypkg/lib/mypkg
[1.151s] Installing turtle_controller script to /home/pranav/ws/install/mypkg/lib/mypkg
[1.152s] 
[1.152s] Installed /home/pranav/ws/build/mypkg
[1.152s] running symlink_data
[1.152s] symbolically linking /home/pranav/ws/build/mypkg/resource/mypkg -> /home/pranav/ws/install/mypkg/share/ament_index/resource_index/packages
[1.152s] symbolically linking /home/pranav/ws/build/mypkg/package.xml -> /home/pranav/ws/install/mypkg/share/mypkg
[1.189s] Invoked command in '/home/pranav/ws/build/mypkg' returned '0': PYTHONPATH=/home/pranav/ws/build/mypkg/prefix_override:/usr/lib/python3/dist-packages/colcon_core/task/python/colcon_distutils_commands:/home/pranav/ws/install/mypkg/lib/python3.10/site-packages:${PYTHONPATH} /usr/bin/python3 -W ignore:setup.py install is deprecated setup.py develop --editable --build-directory /home/pranav/ws/build/mypkg/build --no-deps symlink_data --force
