[0.862s] Invoking command in '/home/pranav/ws/src/mypkg': PYTHONPATH=/home/pranav/ws/build/mypkg/prefix_override:/usr/lib/python3/dist-packages/colcon_core/task/python/colcon_distutils_commands:/home/pranav/ws/install/mypkg/lib/python3.10/site-packages:${PYTHONPATH} /usr/bin/python3 -W ignore:setup.py install is deprecated setup.py egg_info --egg-base ../../build/mypkg build --build-base /home/pranav/ws/build/mypkg/build install --record /home/pranav/ws/build/mypkg/install.log --single-version-externally-managed install_data
[1.141s] running egg_info
[1.142s] writing ../../build/mypkg/mypkg.egg-info/PKG-INFO
[1.143s] writing dependency_links to ../../build/mypkg/mypkg.egg-info/dependency_links.txt
[1.143s] writing entry points to ../../build/mypkg/mypkg.egg-info/entry_points.txt
[1.143s] writing requirements to ../../build/mypkg/mypkg.egg-info/requires.txt
[1.144s] writing top-level names to ../../build/mypkg/mypkg.egg-info/top_level.txt
[1.146s] reading manifest file '../../build/mypkg/mypkg.egg-info/SOURCES.txt'
[1.147s] writing manifest file '../../build/mypkg/mypkg.egg-info/SOURCES.txt'
[1.147s] running build
[1.148s] running build_py
[1.148s] running install
[1.149s] running install_lib
[1.151s] running install_data
[1.151s] running install_egg_info
[1.154s] removing '/home/pranav/ws/install/mypkg/lib/python3.10/site-packages/mypkg-0.0.0-py3.10.egg-info' (and everything under it)
[1.155s] Copying ../../build/mypkg/mypkg.egg-info to /home/pranav/ws/install/mypkg/lib/python3.10/site-packages/mypkg-0.0.0-py3.10.egg-info
[1.156s] running install_scripts
[1.173s] Installing circle script to /home/pranav/ws/install/mypkg/lib/mypkg
[1.173s] Installing pose_sub script to /home/pranav/ws/install/mypkg/lib/mypkg
[1.174s] Installing testnode script to /home/pranav/ws/install/mypkg/lib/mypkg
[1.174s] Installing turtle_controller script to /home/pranav/ws/install/mypkg/lib/mypkg
[1.174s] writing list of installed files to '/home/pranav/ws/build/mypkg/install.log'
[1.204s] Invoked command in '/home/pranav/ws/src/mypkg' returned '0': PYTHONPATH=/home/pranav/ws/build/mypkg/prefix_override:/usr/lib/python3/dist-packages/colcon_core/task/python/colcon_distutils_commands:/home/pranav/ws/install/mypkg/lib/python3.10/site-packages:${PYTHONPATH} /usr/bin/python3 -W ignore:setup.py install is deprecated setup.py egg_info --egg-base ../../build/mypkg build --build-base /home/pranav/ws/build/mypkg/build install --record /home/pranav/ws/build/mypkg/install.log --single-version-externally-managed install_data
