[0.019s] Invoking command in '/home/pranav/ws/build/my_robot_interfaces': CMAKE_PREFIX_PATH=${CMAKE_PREFIX_PATH}:/home/pranav/ws/install/mypkg:/home/pranav/learning_ws/install/mypkg:/opt/ros/humble /usr/bin/cmake --build /home/pranav/ws/build/my_robot_interfaces -- -j4 -l4
[0.076s] [35m[1mConsolidate compiler generated dependencies of target my_robot_interfaces__rosidl_generator_c[0m
[0.089s] [  1%] Built target my_robot_interfaces__cpp
[0.093s] [ 12%] Built target my_robot_interfaces__rosidl_generator_c
[0.106s] [ 12%] Built target ament_cmake_python_copy_my_robot_interfaces
[0.108s] [35m[1mConsolidate compiler generated dependencies of target my_robot_interfaces__rosidl_typesupport_cpp[0m
[0.109s] [35m[1mConsolidate compiler generated dependencies of target my_robot_interfaces__rosidl_typesupport_fastrtps_cpp[0m
[0.110s] [35m[1mConsolidate compiler generated dependencies of target my_robot_interfaces__rosidl_typesupport_introspection_cpp[0m
[0.130s] [35m[1mConsolidate compiler generated dependencies of target my_robot_interfaces__rosidl_typesupport_fastrtps_c[0m
[0.140s] [ 30%] Built target my_robot_interfaces__rosidl_typesupport_introspection_cpp
[0.140s] [ 34%] Built target my_robot_interfaces__rosidl_typesupport_cpp
[0.141s] [ 45%] Built target my_robot_interfaces__rosidl_typesupport_fastrtps_cpp
[0.156s] [35m[1mConsolidate compiler generated dependencies of target my_robot_interfaces__rosidl_typesupport_c[0m
[0.159s] [35m[1mConsolidate compiler generated dependencies of target my_robot_interfaces__rosidl_typesupport_introspection_c[0m
[0.173s] [ 56%] Built target my_robot_interfaces__rosidl_typesupport_c
[0.173s] [ 67%] Built target my_robot_interfaces__rosidl_typesupport_fastrtps_c
[0.176s] [ 78%] Built target my_robot_interfaces__rosidl_typesupport_introspection_c
[0.203s] [ 78%] Built target my_robot_interfaces
[0.238s] [ 80%] Built target my_robot_interfaces__py
[0.254s] [35m[1mConsolidate compiler generated dependencies of target my_robot_interfaces__rosidl_generator_py[0m
[0.281s] [ 89%] Built target my_robot_interfaces__rosidl_generator_py
[0.298s] [35m[1mConsolidate compiler generated dependencies of target my_robot_interfaces__rosidl_typesupport_fastrtps_c__pyext[0m
[0.299s] [35m[1mConsolidate compiler generated dependencies of target my_robot_interfaces__rosidl_typesupport_introspection_c__pyext[0m
[0.300s] [35m[1mConsolidate compiler generated dependencies of target my_robot_interfaces__rosidl_typesupport_c__pyext[0m
[0.320s] [ 96%] Built target my_robot_interfaces__rosidl_typesupport_introspection_c__pyext
[0.320s] [ 96%] Built target my_robot_interfaces__rosidl_typesupport_fastrtps_c__pyext
[0.324s] [100%] Built target my_robot_interfaces__rosidl_typesupport_c__pyext
[0.449s] running egg_info
[0.449s] writing my_robot_interfaces.egg-info/PKG-INFO
[0.450s] writing dependency_links to my_robot_interfaces.egg-info/dependency_links.txt
[0.451s] writing top-level names to my_robot_interfaces.egg-info/top_level.txt
[0.454s] reading manifest file 'my_robot_interfaces.egg-info/SOURCES.txt'
[0.454s] writing manifest file 'my_robot_interfaces.egg-info/SOURCES.txt'
[0.482s] [100%] Built target ament_cmake_python_build_my_robot_interfaces_egg
[0.497s] Invoked command in '/home/pranav/ws/build/my_robot_interfaces' returned '0': CMAKE_PREFIX_PATH=${CMAKE_PREFIX_PATH}:/home/pranav/ws/install/mypkg:/home/pranav/learning_ws/install/mypkg:/opt/ros/humble /usr/bin/cmake --build /home/pranav/ws/build/my_robot_interfaces -- -j4 -l4
[0.690s] Invoking command in '/home/pranav/ws/build/my_robot_interfaces': CMAKE_PREFIX_PATH=${CMAKE_PREFIX_PATH}:/home/pranav/ws/install/mypkg:/home/pranav/learning_ws/install/mypkg:/opt/ros/humble /usr/bin/cmake --install /home/pranav/ws/build/my_robot_interfaces
[0.700s] -- Install configuration: ""
[0.700s] -- Up-to-date: /home/pranav/ws/install/my_robot_interfaces/share/ament_index/resource_index/rosidl_interfaces/my_robot_interfaces
[0.700s] -- Up-to-date: /home/pranav/ws/install/my_robot_interfaces/include/my_robot_interfaces/my_robot_interfaces
[0.700s] -- Up-to-date: /home/pranav/ws/install/my_robot_interfaces/include/my_robot_interfaces/my_robot_interfaces/srv
[0.700s] -- Up-to-date: /home/pranav/ws/install/my_robot_interfaces/include/my_robot_interfaces/my_robot_interfaces/srv/detail
[0.701s] -- Up-to-date: /home/pranav/ws/install/my_robot_interfaces/include/my_robot_interfaces/my_robot_interfaces/srv/detail/compute_rectangle_area__functions.h
[0.701s] -- Up-to-date: /home/pranav/ws/install/my_robot_interfaces/include/my_robot_interfaces/my_robot_interfaces/srv/detail/set_led__functions.c
[0.701s] -- Up-to-date: /home/pranav/ws/install/my_robot_interfaces/include/my_robot_interfaces/my_robot_interfaces/srv/detail/set_led__functions.h
[0.701s] -- Up-to-date: /home/pranav/ws/install/my_robot_interfaces/include/my_robot_interfaces/my_robot_interfaces/srv/detail/compute_rectangle_area__struct.h
[0.702s] -- Up-to-date: /home/pranav/ws/install/my_robot_interfaces/include/my_robot_interfaces/my_robot_interfaces/srv/detail/compute_rectangle_area__functions.c
[0.702s] -- Up-to-date: /home/pranav/ws/install/my_robot_interfaces/include/my_robot_interfaces/my_robot_interfaces/srv/detail/set_led__type_support.h
[0.702s] -- Up-to-date: /home/pranav/ws/install/my_robot_interfaces/include/my_robot_interfaces/my_robot_interfaces/srv/detail/set_led__struct.h
[0.703s] -- Up-to-date: /home/pranav/ws/install/my_robot_interfaces/include/my_robot_interfaces/my_robot_interfaces/srv/detail/compute_rectangle_area__type_support.h
[0.703s] -- Up-to-date: /home/pranav/ws/install/my_robot_interfaces/include/my_robot_interfaces/my_robot_interfaces/srv/set_led.h
[0.703s] -- Up-to-date: /home/pranav/ws/install/my_robot_interfaces/include/my_robot_interfaces/my_robot_interfaces/srv/compute_rectangle_area.h
[0.703s] -- Up-to-date: /home/pranav/ws/install/my_robot_interfaces/include/my_robot_interfaces/my_robot_interfaces/msg
[0.703s] -- Up-to-date: /home/pranav/ws/install/my_robot_interfaces/include/my_robot_interfaces/my_robot_interfaces/msg/detail
[0.704s] -- Up-to-date: /home/pranav/ws/install/my_robot_interfaces/include/my_robot_interfaces/my_robot_interfaces/msg/detail/hardware_status__functions.c
[0.704s] -- Up-to-date: /home/pranav/ws/install/my_robot_interfaces/include/my_robot_interfaces/my_robot_interfaces/msg/detail/led_state_array__functions.c
[0.704s] -- Up-to-date: /home/pranav/ws/install/my_robot_interfaces/include/my_robot_interfaces/my_robot_interfaces/msg/detail/hardware_status__type_support.h
[0.704s] -- Up-to-date: /home/pranav/ws/install/my_robot_interfaces/include/my_robot_interfaces/my_robot_interfaces/msg/detail/led_state_array__type_support.h
[0.704s] -- Up-to-date: /home/pranav/ws/install/my_robot_interfaces/include/my_robot_interfaces/my_robot_interfaces/msg/detail/led_state_array__functions.h
[0.705s] -- Up-to-date: /home/pranav/ws/install/my_robot_interfaces/include/my_robot_interfaces/my_robot_interfaces/msg/detail/led_state_array__struct.h
[0.705s] -- Up-to-date: /home/pranav/ws/install/my_robot_interfaces/include/my_robot_interfaces/my_robot_interfaces/msg/detail/hardware_status__functions.h
[0.705s] -- Up-to-date: /home/pranav/ws/install/my_robot_interfaces/include/my_robot_interfaces/my_robot_interfaces/msg/detail/hardware_status__struct.h
[0.705s] -- Up-to-date: /home/pranav/ws/install/my_robot_interfaces/include/my_robot_interfaces/my_robot_interfaces/msg/rosidl_generator_c__visibility_control.h
[0.705s] -- Up-to-date: /home/pranav/ws/install/my_robot_interfaces/include/my_robot_interfaces/my_robot_interfaces/msg/hardware_status.h
[0.705s] -- Up-to-date: /home/pranav/ws/install/my_robot_interfaces/include/my_robot_interfaces/my_robot_interfaces/msg/led_state_array.h
[0.705s] -- Up-to-date: /home/pranav/ws/install/my_robot_interfaces/share/my_robot_interfaces/environment/library_path.sh
[0.706s] -- Up-to-date: /home/pranav/ws/install/my_robot_interfaces/share/my_robot_interfaces/environment/library_path.dsv
[0.706s] -- Up-to-date: /home/pranav/ws/install/my_robot_interfaces/lib/libmy_robot_interfaces__rosidl_generator_c.so
[0.706s] -- Up-to-date: /home/pranav/ws/install/my_robot_interfaces/include/my_robot_interfaces/my_robot_interfaces
[0.706s] -- Up-to-date: /home/pranav/ws/install/my_robot_interfaces/include/my_robot_interfaces/my_robot_interfaces/srv
[0.706s] -- Up-to-date: /home/pranav/ws/install/my_robot_interfaces/include/my_robot_interfaces/my_robot_interfaces/srv/detail
[0.707s] -- Up-to-date: /home/pranav/ws/install/my_robot_interfaces/include/my_robot_interfaces/my_robot_interfaces/srv/detail/set_led__rosidl_typesupport_fastrtps_c.h
[0.707s] -- Up-to-date: /home/pranav/ws/install/my_robot_interfaces/include/my_robot_interfaces/my_robot_interfaces/srv/detail/compute_rectangle_area__rosidl_typesupport_fastrtps_c.h
[0.707s] -- Up-to-date: /home/pranav/ws/install/my_robot_interfaces/include/my_robot_interfaces/my_robot_interfaces/msg
[0.707s] -- Up-to-date: /home/pranav/ws/install/my_robot_interfaces/include/my_robot_interfaces/my_robot_interfaces/msg/rosidl_typesupport_fastrtps_c__visibility_control.h
[0.707s] -- Up-to-date: /home/pranav/ws/install/my_robot_interfaces/include/my_robot_interfaces/my_robot_interfaces/msg/detail
[0.708s] -- Up-to-date: /home/pranav/ws/install/my_robot_interfaces/include/my_robot_interfaces/my_robot_interfaces/msg/detail/hardware_status__rosidl_typesupport_fastrtps_c.h
[0.708s] -- Up-to-date: /home/pranav/ws/install/my_robot_interfaces/include/my_robot_interfaces/my_robot_interfaces/msg/detail/led_state_array__rosidl_typesupport_fastrtps_c.h
[0.708s] -- Up-to-date: /home/pranav/ws/install/my_robot_interfaces/lib/libmy_robot_interfaces__rosidl_typesupport_fastrtps_c.so
[0.708s] -- Up-to-date: /home/pranav/ws/install/my_robot_interfaces/include/my_robot_interfaces/my_robot_interfaces
[0.709s] -- Up-to-date: /home/pranav/ws/install/my_robot_interfaces/include/my_robot_interfaces/my_robot_interfaces/srv
[0.709s] -- Up-to-date: /home/pranav/ws/install/my_robot_interfaces/include/my_robot_interfaces/my_robot_interfaces/srv/detail
[0.709s] -- Up-to-date: /home/pranav/ws/install/my_robot_interfaces/include/my_robot_interfaces/my_robot_interfaces/srv/detail/compute_rectangle_area__rosidl_typesupport_introspection_c.h
[0.709s] -- Up-to-date: /home/pranav/ws/install/my_robot_interfaces/include/my_robot_interfaces/my_robot_interfaces/srv/detail/compute_rectangle_area__type_support.c
[0.710s] -- Up-to-date: /home/pranav/ws/install/my_robot_interfaces/include/my_robot_interfaces/my_robot_interfaces/srv/detail/set_led__rosidl_typesupport_introspection_c.h
[0.710s] -- Up-to-date: /home/pranav/ws/install/my_robot_interfaces/include/my_robot_interfaces/my_robot_interfaces/srv/detail/set_led__type_support.c
[0.710s] -- Up-to-date: /home/pranav/ws/install/my_robot_interfaces/include/my_robot_interfaces/my_robot_interfaces/msg
[0.710s] -- Up-to-date: /home/pranav/ws/install/my_robot_interfaces/include/my_robot_interfaces/my_robot_interfaces/msg/detail
[0.710s] -- Up-to-date: /home/pranav/ws/install/my_robot_interfaces/include/my_robot_interfaces/my_robot_interfaces/msg/detail/hardware_status__type_support.c
[0.711s] -- Up-to-date: /home/pranav/ws/install/my_robot_interfaces/include/my_robot_interfaces/my_robot_interfaces/msg/detail/hardware_status__rosidl_typesupport_introspection_c.h
[0.711s] -- Up-to-date: /home/pranav/ws/install/my_robot_interfaces/include/my_robot_interfaces/my_robot_interfaces/msg/detail/led_state_array__type_support.c
[0.711s] -- Up-to-date: /home/pranav/ws/install/my_robot_interfaces/include/my_robot_interfaces/my_robot_interfaces/msg/detail/led_state_array__rosidl_typesupport_introspection_c.h
[0.711s] -- Up-to-date: /home/pranav/ws/install/my_robot_interfaces/include/my_robot_interfaces/my_robot_interfaces/msg/rosidl_typesupport_introspection_c__visibility_control.h
[0.712s] -- Up-to-date: /home/pranav/ws/install/my_robot_interfaces/lib/libmy_robot_interfaces__rosidl_typesupport_introspection_c.so
[0.712s] -- Up-to-date: /home/pranav/ws/install/my_robot_interfaces/lib/libmy_robot_interfaces__rosidl_typesupport_c.so
[0.712s] -- Up-to-date: /home/pranav/ws/install/my_robot_interfaces/include/my_robot_interfaces/my_robot_interfaces
[0.713s] -- Up-to-date: /home/pranav/ws/install/my_robot_interfaces/include/my_robot_interfaces/my_robot_interfaces/srv
[0.713s] -- Up-to-date: /home/pranav/ws/install/my_robot_interfaces/include/my_robot_interfaces/my_robot_interfaces/srv/compute_rectangle_area.hpp
[0.713s] -- Up-to-date: /home/pranav/ws/install/my_robot_interfaces/include/my_robot_interfaces/my_robot_interfaces/srv/detail
[0.713s] -- Up-to-date: /home/pranav/ws/install/my_robot_interfaces/include/my_robot_interfaces/my_robot_interfaces/srv/detail/set_led__traits.hpp
[0.713s] -- Up-to-date: /home/pranav/ws/install/my_robot_interfaces/include/my_robot_interfaces/my_robot_interfaces/srv/detail/set_led__struct.hpp
[0.714s] -- Up-to-date: /home/pranav/ws/install/my_robot_interfaces/include/my_robot_interfaces/my_robot_interfaces/srv/detail/compute_rectangle_area__traits.hpp
[0.714s] -- Up-to-date: /home/pranav/ws/install/my_robot_interfaces/include/my_robot_interfaces/my_robot_interfaces/srv/detail/compute_rectangle_area__struct.hpp
[0.714s] -- Up-to-date: /home/pranav/ws/install/my_robot_interfaces/include/my_robot_interfaces/my_robot_interfaces/srv/detail/compute_rectangle_area__builder.hpp
[0.715s] -- Up-to-date: /home/pranav/ws/install/my_robot_interfaces/include/my_robot_interfaces/my_robot_interfaces/srv/detail/set_led__builder.hpp
[0.715s] -- Up-to-date: /home/pranav/ws/install/my_robot_interfaces/include/my_robot_interfaces/my_robot_interfaces/srv/set_led.hpp
[0.715s] -- Up-to-date: /home/pranav/ws/install/my_robot_interfaces/include/my_robot_interfaces/my_robot_interfaces/msg
[0.715s] -- Up-to-date: /home/pranav/ws/install/my_robot_interfaces/include/my_robot_interfaces/my_robot_interfaces/msg/hardware_status.hpp
[0.715s] -- Up-to-date: /home/pranav/ws/install/my_robot_interfaces/include/my_robot_interfaces/my_robot_interfaces/msg/detail
[0.715s] -- Up-to-date: /home/pranav/ws/install/my_robot_interfaces/include/my_robot_interfaces/my_robot_interfaces/msg/detail/led_state_array__struct.hpp
[0.716s] -- Up-to-date: /home/pranav/ws/install/my_robot_interfaces/include/my_robot_interfaces/my_robot_interfaces/msg/detail/hardware_status__builder.hpp
[0.716s] -- Up-to-date: /home/pranav/ws/install/my_robot_interfaces/include/my_robot_interfaces/my_robot_interfaces/msg/detail/hardware_status__struct.hpp
[0.716s] -- Up-to-date: /home/pranav/ws/install/my_robot_interfaces/include/my_robot_interfaces/my_robot_interfaces/msg/detail/led_state_array__builder.hpp
[0.716s] -- Up-to-date: /home/pranav/ws/install/my_robot_interfaces/include/my_robot_interfaces/my_robot_interfaces/msg/detail/hardware_status__traits.hpp
[0.716s] -- Up-to-date: /home/pranav/ws/install/my_robot_interfaces/include/my_robot_interfaces/my_robot_interfaces/msg/detail/led_state_array__traits.hpp
[0.716s] -- Up-to-date: /home/pranav/ws/install/my_robot_interfaces/include/my_robot_interfaces/my_robot_interfaces/msg/led_state_array.hpp
[0.716s] -- Up-to-date: /home/pranav/ws/install/my_robot_interfaces/include/my_robot_interfaces/my_robot_interfaces
[0.717s] -- Up-to-date: /home/pranav/ws/install/my_robot_interfaces/include/my_robot_interfaces/my_robot_interfaces/srv
[0.717s] -- Up-to-date: /home/pranav/ws/install/my_robot_interfaces/include/my_robot_interfaces/my_robot_interfaces/srv/detail
[0.717s] -- Up-to-date: /home/pranav/ws/install/my_robot_interfaces/include/my_robot_interfaces/my_robot_interfaces/srv/detail/set_led__rosidl_typesupport_fastrtps_cpp.hpp
[0.717s] -- Up-to-date: /home/pranav/ws/install/my_robot_interfaces/include/my_robot_interfaces/my_robot_interfaces/srv/detail/compute_rectangle_area__rosidl_typesupport_fastrtps_cpp.hpp
[0.717s] -- Up-to-date: /home/pranav/ws/install/my_robot_interfaces/include/my_robot_interfaces/my_robot_interfaces/srv/detail/dds_fastrtps
[0.717s] -- Up-to-date: /home/pranav/ws/install/my_robot_interfaces/include/my_robot_interfaces/my_robot_interfaces/msg
[0.717s] -- Up-to-date: /home/pranav/ws/install/my_robot_interfaces/include/my_robot_interfaces/my_robot_interfaces/msg/detail
[0.717s] -- Up-to-date: /home/pranav/ws/install/my_robot_interfaces/include/my_robot_interfaces/my_robot_interfaces/msg/detail/led_state_array__rosidl_typesupport_fastrtps_cpp.hpp
[0.717s] -- Up-to-date: /home/pranav/ws/install/my_robot_interfaces/include/my_robot_interfaces/my_robot_interfaces/msg/detail/hardware_status__rosidl_typesupport_fastrtps_cpp.hpp
[0.718s] -- Up-to-date: /home/pranav/ws/install/my_robot_interfaces/include/my_robot_interfaces/my_robot_interfaces/msg/detail/dds_fastrtps
[0.718s] -- Up-to-date: /home/pranav/ws/install/my_robot_interfaces/include/my_robot_interfaces/my_robot_interfaces/msg/rosidl_typesupport_fastrtps_cpp__visibility_control.h
[0.718s] -- Up-to-date: /home/pranav/ws/install/my_robot_interfaces/lib/libmy_robot_interfaces__rosidl_typesupport_fastrtps_cpp.so
[0.718s] -- Up-to-date: /home/pranav/ws/install/my_robot_interfaces/include/my_robot_interfaces/my_robot_interfaces
[0.718s] -- Up-to-date: /home/pranav/ws/install/my_robot_interfaces/include/my_robot_interfaces/my_robot_interfaces/srv
[0.718s] -- Up-to-date: /home/pranav/ws/install/my_robot_interfaces/include/my_robot_interfaces/my_robot_interfaces/srv/detail
[0.718s] -- Up-to-date: /home/pranav/ws/install/my_robot_interfaces/include/my_robot_interfaces/my_robot_interfaces/srv/detail/compute_rectangle_area__type_support.cpp
[0.718s] -- Up-to-date: /home/pranav/ws/install/my_robot_interfaces/include/my_robot_interfaces/my_robot_interfaces/srv/detail/compute_rectangle_area__rosidl_typesupport_introspection_cpp.hpp
[0.718s] -- Up-to-date: /home/pranav/ws/install/my_robot_interfaces/include/my_robot_interfaces/my_robot_interfaces/srv/detail/set_led__type_support.cpp
[0.719s] -- Up-to-date: /home/pranav/ws/install/my_robot_interfaces/include/my_robot_interfaces/my_robot_interfaces/srv/detail/set_led__rosidl_typesupport_introspection_cpp.hpp
[0.719s] -- Up-to-date: /home/pranav/ws/install/my_robot_interfaces/include/my_robot_interfaces/my_robot_interfaces/msg
[0.719s] -- Up-to-date: /home/pranav/ws/install/my_robot_interfaces/include/my_robot_interfaces/my_robot_interfaces/msg/detail
[0.719s] -- Up-to-date: /home/pranav/ws/install/my_robot_interfaces/include/my_robot_interfaces/my_robot_interfaces/msg/detail/hardware_status__rosidl_typesupport_introspection_cpp.hpp
[0.719s] -- Up-to-date: /home/pranav/ws/install/my_robot_interfaces/include/my_robot_interfaces/my_robot_interfaces/msg/detail/led_state_array__rosidl_typesupport_introspection_cpp.hpp
[0.720s] -- Up-to-date: /home/pranav/ws/install/my_robot_interfaces/include/my_robot_interfaces/my_robot_interfaces/msg/detail/hardware_status__type_support.cpp
[0.720s] -- Up-to-date: /home/pranav/ws/install/my_robot_interfaces/include/my_robot_interfaces/my_robot_interfaces/msg/detail/led_state_array__type_support.cpp
[0.720s] -- Up-to-date: /home/pranav/ws/install/my_robot_interfaces/lib/libmy_robot_interfaces__rosidl_typesupport_introspection_cpp.so
[0.720s] -- Up-to-date: /home/pranav/ws/install/my_robot_interfaces/lib/libmy_robot_interfaces__rosidl_typesupport_cpp.so
[0.720s] -- Up-to-date: /home/pranav/ws/install/my_robot_interfaces/share/my_robot_interfaces/environment/pythonpath.sh
[0.721s] -- Up-to-date: /home/pranav/ws/install/my_robot_interfaces/share/my_robot_interfaces/environment/pythonpath.dsv
[0.721s] -- Up-to-date: /home/pranav/ws/install/my_robot_interfaces/local/lib/python3.10/dist-packages/my_robot_interfaces-0.0.0-py3.10.egg-info
[0.721s] -- Installing: /home/pranav/ws/install/my_robot_interfaces/local/lib/python3.10/dist-packages/my_robot_interfaces-0.0.0-py3.10.egg-info/dependency_links.txt
[0.721s] -- Installing: /home/pranav/ws/install/my_robot_interfaces/local/lib/python3.10/dist-packages/my_robot_interfaces-0.0.0-py3.10.egg-info/top_level.txt
[0.721s] -- Installing: /home/pranav/ws/install/my_robot_interfaces/local/lib/python3.10/dist-packages/my_robot_interfaces-0.0.0-py3.10.egg-info/SOURCES.txt
[0.721s] -- Installing: /home/pranav/ws/install/my_robot_interfaces/local/lib/python3.10/dist-packages/my_robot_interfaces-0.0.0-py3.10.egg-info/PKG-INFO
[0.721s] -- Up-to-date: /home/pranav/ws/install/my_robot_interfaces/local/lib/python3.10/dist-packages/my_robot_interfaces
[0.721s] -- Up-to-date: /home/pranav/ws/install/my_robot_interfaces/local/lib/python3.10/dist-packages/my_robot_interfaces/_my_robot_interfaces_s.ep.rosidl_typesupport_c.c
[0.721s] -- Up-to-date: /home/pranav/ws/install/my_robot_interfaces/local/lib/python3.10/dist-packages/my_robot_interfaces/_my_robot_interfaces_s.ep.rosidl_typesupport_fastrtps_c.c
[0.721s] -- Up-to-date: /home/pranav/ws/install/my_robot_interfaces/local/lib/python3.10/dist-packages/my_robot_interfaces/srv
[0.721s] -- Up-to-date: /home/pranav/ws/install/my_robot_interfaces/local/lib/python3.10/dist-packages/my_robot_interfaces/srv/_set_led_s.c
[0.721s] -- Up-to-date: /home/pranav/ws/install/my_robot_interfaces/local/lib/python3.10/dist-packages/my_robot_interfaces/srv/_compute_rectangle_area_s.c
[0.721s] -- Up-to-date: /home/pranav/ws/install/my_robot_interfaces/local/lib/python3.10/dist-packages/my_robot_interfaces/srv/_set_led.py
[0.721s] -- Up-to-date: /home/pranav/ws/install/my_robot_interfaces/local/lib/python3.10/dist-packages/my_robot_interfaces/srv/__init__.py
[0.721s] -- Up-to-date: /home/pranav/ws/install/my_robot_interfaces/local/lib/python3.10/dist-packages/my_robot_interfaces/srv/_compute_rectangle_area.py
[0.721s] -- Up-to-date: /home/pranav/ws/install/my_robot_interfaces/local/lib/python3.10/dist-packages/my_robot_interfaces/libmy_robot_interfaces__rosidl_generator_py.so
[0.721s] -- Up-to-date: /home/pranav/ws/install/my_robot_interfaces/local/lib/python3.10/dist-packages/my_robot_interfaces/msg
[0.722s] -- Up-to-date: /home/pranav/ws/install/my_robot_interfaces/local/lib/python3.10/dist-packages/my_robot_interfaces/msg/_hardware_status_s.c
[0.722s] -- Up-to-date: /home/pranav/ws/install/my_robot_interfaces/local/lib/python3.10/dist-packages/my_robot_interfaces/msg/_led_state_array_s.c
[0.722s] -- Up-to-date: /home/pranav/ws/install/my_robot_interfaces/local/lib/python3.10/dist-packages/my_robot_interfaces/msg/_hardware_status.py
[0.722s] -- Up-to-date: /home/pranav/ws/install/my_robot_interfaces/local/lib/python3.10/dist-packages/my_robot_interfaces/msg/__init__.py
[0.722s] -- Up-to-date: /home/pranav/ws/install/my_robot_interfaces/local/lib/python3.10/dist-packages/my_robot_interfaces/msg/_led_state_array.py
[0.722s] -- Up-to-date: /home/pranav/ws/install/my_robot_interfaces/local/lib/python3.10/dist-packages/my_robot_interfaces/my_robot_interfaces_s__rosidl_typesupport_fastrtps_c.cpython-310-x86_64-linux-gnu.so
[0.722s] -- Up-to-date: /home/pranav/ws/install/my_robot_interfaces/local/lib/python3.10/dist-packages/my_robot_interfaces/my_robot_interfaces_s__rosidl_typesupport_introspection_c.cpython-310-x86_64-linux-gnu.so
[0.722s] -- Up-to-date: /home/pranav/ws/install/my_robot_interfaces/local/lib/python3.10/dist-packages/my_robot_interfaces/my_robot_interfaces_s__rosidl_typesupport_c.cpython-310-x86_64-linux-gnu.so
[0.722s] -- Up-to-date: /home/pranav/ws/install/my_robot_interfaces/local/lib/python3.10/dist-packages/my_robot_interfaces/_my_robot_interfaces_s.ep.rosidl_typesupport_introspection_c.c
[0.722s] -- Up-to-date: /home/pranav/ws/install/my_robot_interfaces/local/lib/python3.10/dist-packages/my_robot_interfaces/__init__.py
[0.754s] Listing '/home/pranav/ws/install/my_robot_interfaces/local/lib/python3.10/dist-packages/my_robot_interfaces'...
[0.754s] Listing '/home/pranav/ws/install/my_robot_interfaces/local/lib/python3.10/dist-packages/my_robot_interfaces/msg'...
[0.754s] Listing '/home/pranav/ws/install/my_robot_interfaces/local/lib/python3.10/dist-packages/my_robot_interfaces/srv'...
[0.758s] -- Up-to-date: /home/pranav/ws/install/my_robot_interfaces/local/lib/python3.10/dist-packages/my_robot_interfaces/my_robot_interfaces_s__rosidl_typesupport_fastrtps_c.cpython-310-x86_64-linux-gnu.so
[0.759s] -- Up-to-date: /home/pranav/ws/install/my_robot_interfaces/local/lib/python3.10/dist-packages/my_robot_interfaces/my_robot_interfaces_s__rosidl_typesupport_introspection_c.cpython-310-x86_64-linux-gnu.so
[0.759s] -- Up-to-date: /home/pranav/ws/install/my_robot_interfaces/local/lib/python3.10/dist-packages/my_robot_interfaces/my_robot_interfaces_s__rosidl_typesupport_c.cpython-310-x86_64-linux-gnu.so
[0.760s] -- Up-to-date: /home/pranav/ws/install/my_robot_interfaces/lib/libmy_robot_interfaces__rosidl_generator_py.so
[0.761s] -- Up-to-date: /home/pranav/ws/install/my_robot_interfaces/share/my_robot_interfaces/msg/HardwareStatus.idl
[0.761s] -- Up-to-date: /home/pranav/ws/install/my_robot_interfaces/share/my_robot_interfaces/msg/LedStateArray.idl
[0.761s] -- Up-to-date: /home/pranav/ws/install/my_robot_interfaces/share/my_robot_interfaces/srv/ComputeRectangleArea.idl
[0.762s] -- Up-to-date: /home/pranav/ws/install/my_robot_interfaces/share/my_robot_interfaces/srv/SetLed.idl
[0.762s] -- Up-to-date: /home/pranav/ws/install/my_robot_interfaces/share/my_robot_interfaces/msg/HardwareStatus.msg
[0.762s] -- Up-to-date: /home/pranav/ws/install/my_robot_interfaces/share/my_robot_interfaces/msg/LedStateArray.msg
[0.762s] -- Up-to-date: /home/pranav/ws/install/my_robot_interfaces/share/my_robot_interfaces/srv/ComputeRectangleArea.srv
[0.762s] -- Up-to-date: /home/pranav/ws/install/my_robot_interfaces/share/my_robot_interfaces/srv/ComputeRectangleArea_Request.msg
[0.762s] -- Up-to-date: /home/pranav/ws/install/my_robot_interfaces/share/my_robot_interfaces/srv/ComputeRectangleArea_Response.msg
[0.763s] -- Up-to-date: /home/pranav/ws/install/my_robot_interfaces/share/my_robot_interfaces/srv/SetLed.srv
[0.763s] -- Up-to-date: /home/pranav/ws/install/my_robot_interfaces/share/my_robot_interfaces/srv/SetLed_Request.msg
[0.763s] -- Up-to-date: /home/pranav/ws/install/my_robot_interfaces/share/my_robot_interfaces/srv/SetLed_Response.msg
[0.763s] -- Up-to-date: /home/pranav/ws/install/my_robot_interfaces/share/ament_index/resource_index/package_run_dependencies/my_robot_interfaces
[0.763s] -- Up-to-date: /home/pranav/ws/install/my_robot_interfaces/share/ament_index/resource_index/parent_prefix_path/my_robot_interfaces
[0.763s] -- Up-to-date: /home/pranav/ws/install/my_robot_interfaces/share/my_robot_interfaces/environment/ament_prefix_path.sh
[0.763s] -- Up-to-date: /home/pranav/ws/install/my_robot_interfaces/share/my_robot_interfaces/environment/ament_prefix_path.dsv
[0.764s] -- Up-to-date: /home/pranav/ws/install/my_robot_interfaces/share/my_robot_interfaces/environment/path.sh
[0.764s] -- Up-to-date: /home/pranav/ws/install/my_robot_interfaces/share/my_robot_interfaces/environment/path.dsv
[0.764s] -- Up-to-date: /home/pranav/ws/install/my_robot_interfaces/share/my_robot_interfaces/local_setup.bash
[0.764s] -- Up-to-date: /home/pranav/ws/install/my_robot_interfaces/share/my_robot_interfaces/local_setup.sh
[0.764s] -- Up-to-date: /home/pranav/ws/install/my_robot_interfaces/share/my_robot_interfaces/local_setup.zsh
[0.764s] -- Up-to-date: /home/pranav/ws/install/my_robot_interfaces/share/my_robot_interfaces/local_setup.dsv
[0.765s] -- Installing: /home/pranav/ws/install/my_robot_interfaces/share/my_robot_interfaces/package.dsv
[0.765s] -- Up-to-date: /home/pranav/ws/install/my_robot_interfaces/share/ament_index/resource_index/packages/my_robot_interfaces
[0.765s] -- Up-to-date: /home/pranav/ws/install/my_robot_interfaces/share/my_robot_interfaces/cmake/export_my_robot_interfaces__rosidl_generator_cExport.cmake
[0.765s] -- Up-to-date: /home/pranav/ws/install/my_robot_interfaces/share/my_robot_interfaces/cmake/export_my_robot_interfaces__rosidl_generator_cExport-noconfig.cmake
[0.765s] -- Up-to-date: /home/pranav/ws/install/my_robot_interfaces/share/my_robot_interfaces/cmake/export_my_robot_interfaces__rosidl_typesupport_fastrtps_cExport.cmake
[0.766s] -- Up-to-date: /home/pranav/ws/install/my_robot_interfaces/share/my_robot_interfaces/cmake/export_my_robot_interfaces__rosidl_typesupport_fastrtps_cExport-noconfig.cmake
[0.766s] -- Up-to-date: /home/pranav/ws/install/my_robot_interfaces/share/my_robot_interfaces/cmake/my_robot_interfaces__rosidl_typesupport_introspection_cExport.cmake
[0.766s] -- Up-to-date: /home/pranav/ws/install/my_robot_interfaces/share/my_robot_interfaces/cmake/my_robot_interfaces__rosidl_typesupport_introspection_cExport-noconfig.cmake
[0.766s] -- Up-to-date: /home/pranav/ws/install/my_robot_interfaces/share/my_robot_interfaces/cmake/my_robot_interfaces__rosidl_typesupport_cExport.cmake
[0.766s] -- Up-to-date: /home/pranav/ws/install/my_robot_interfaces/share/my_robot_interfaces/cmake/my_robot_interfaces__rosidl_typesupport_cExport-noconfig.cmake
[0.766s] -- Up-to-date: /home/pranav/ws/install/my_robot_interfaces/share/my_robot_interfaces/cmake/export_my_robot_interfaces__rosidl_generator_cppExport.cmake
[0.766s] -- Up-to-date: /home/pranav/ws/install/my_robot_interfaces/share/my_robot_interfaces/cmake/export_my_robot_interfaces__rosidl_typesupport_fastrtps_cppExport.cmake
[0.766s] -- Up-to-date: /home/pranav/ws/install/my_robot_interfaces/share/my_robot_interfaces/cmake/export_my_robot_interfaces__rosidl_typesupport_fastrtps_cppExport-noconfig.cmake
[0.766s] -- Up-to-date: /home/pranav/ws/install/my_robot_interfaces/share/my_robot_interfaces/cmake/my_robot_interfaces__rosidl_typesupport_introspection_cppExport.cmake
[0.766s] -- Up-to-date: /home/pranav/ws/install/my_robot_interfaces/share/my_robot_interfaces/cmake/my_robot_interfaces__rosidl_typesupport_introspection_cppExport-noconfig.cmake
[0.767s] -- Up-to-date: /home/pranav/ws/install/my_robot_interfaces/share/my_robot_interfaces/cmake/my_robot_interfaces__rosidl_typesupport_cppExport.cmake
[0.767s] -- Up-to-date: /home/pranav/ws/install/my_robot_interfaces/share/my_robot_interfaces/cmake/my_robot_interfaces__rosidl_typesupport_cppExport-noconfig.cmake
[0.767s] -- Up-to-date: /home/pranav/ws/install/my_robot_interfaces/share/my_robot_interfaces/cmake/export_my_robot_interfaces__rosidl_generator_pyExport.cmake
[0.767s] -- Up-to-date: /home/pranav/ws/install/my_robot_interfaces/share/my_robot_interfaces/cmake/export_my_robot_interfaces__rosidl_generator_pyExport-noconfig.cmake
[0.767s] -- Up-to-date: /home/pranav/ws/install/my_robot_interfaces/share/my_robot_interfaces/cmake/rosidl_cmake-extras.cmake
[0.767s] -- Up-to-date: /home/pranav/ws/install/my_robot_interfaces/share/my_robot_interfaces/cmake/ament_cmake_export_include_directories-extras.cmake
[0.767s] -- Up-to-date: /home/pranav/ws/install/my_robot_interfaces/share/my_robot_interfaces/cmake/ament_cmake_export_libraries-extras.cmake
[0.767s] -- Up-to-date: /home/pranav/ws/install/my_robot_interfaces/share/my_robot_interfaces/cmake/ament_cmake_export_targets-extras.cmake
[0.767s] -- Up-to-date: /home/pranav/ws/install/my_robot_interfaces/share/my_robot_interfaces/cmake/rosidl_cmake_export_typesupport_targets-extras.cmake
[0.767s] -- Up-to-date: /home/pranav/ws/install/my_robot_interfaces/share/my_robot_interfaces/cmake/ament_cmake_export_dependencies-extras.cmake
[0.767s] -- Up-to-date: /home/pranav/ws/install/my_robot_interfaces/share/my_robot_interfaces/cmake/rosidl_cmake_export_typesupport_libraries-extras.cmake
[0.767s] -- Up-to-date: /home/pranav/ws/install/my_robot_interfaces/share/my_robot_interfaces/cmake/my_robot_interfacesConfig.cmake
[0.768s] -- Up-to-date: /home/pranav/ws/install/my_robot_interfaces/share/my_robot_interfaces/cmake/my_robot_interfacesConfig-version.cmake
[0.768s] -- Up-to-date: /home/pranav/ws/install/my_robot_interfaces/share/my_robot_interfaces/package.xml
[0.771s] Invoked command in '/home/pranav/ws/build/my_robot_interfaces' returned '0': CMAKE_PREFIX_PATH=${CMAKE_PREFIX_PATH}:/home/pranav/ws/install/mypkg:/home/pranav/learning_ws/install/mypkg:/opt/ros/humble /usr/bin/cmake --install /home/pranav/ws/build/my_robot_interfaces
