[1.111s] Invoking command in '/home/pranav/ws/src/mypkg': CMAKE_PREFIX_PATH=/home/pranav/ws/install/my_robot_interfaces:/home/pranav/ws/install/my_robot_bringup:/home/pranav/ws/install/my_cpp_pkg:/home/pranav/project_robot_ws/install/project_robot_description:/home/pranav/project_robot_ws/install/my_robot_bringup:/home/pranav/ws/src/my_robot_interfaces/install/my_robot_interfaces LD_LIBRARY_PATH=/home/pranav/ws/install/my_robot_interfaces/lib:/home/pranav/ws/src/my_robot_interfaces/install/my_robot_interfaces/lib:/opt/ros/humble/opt/rviz_ogre_vendor/lib:/opt/ros/humble/lib/x86_64-linux-gnu:/opt/ros/humble/lib:/usr/lib/x86_64-linux-gnu/gazebo-11/plugins PYTHONPATH=/home/pranav/ws/build/mypkg/prefix_override:/usr/lib/python3/dist-packages/colcon_core/task/python/colcon_distutils_commands:/home/pranav/ws/install/mypkg/lib/python3.10/site-packages:${PYTHONPATH} /usr/bin/python3 -W ignore:setup.py install is deprecated setup.py egg_info --egg-base ../../build/mypkg build --build-base /home/pranav/ws/build/mypkg/build install --record /home/pranav/ws/build/mypkg/install.log --single-version-externally-managed install_data
[1.356s] running egg_info
[1.357s] creating ../../build/mypkg/mypkg.egg-info
[1.357s] writing ../../build/mypkg/mypkg.egg-info/PKG-INFO
[1.357s] writing dependency_links to ../../build/mypkg/mypkg.egg-info/dependency_links.txt
[1.357s] writing entry points to ../../build/mypkg/mypkg.egg-info/entry_points.txt
[1.357s] writing requirements to ../../build/mypkg/mypkg.egg-info/requires.txt
[1.357s] writing top-level names to ../../build/mypkg/mypkg.egg-info/top_level.txt
[1.358s] writing manifest file '../../build/mypkg/mypkg.egg-info/SOURCES.txt'
[1.359s] reading manifest file '../../build/mypkg/mypkg.egg-info/SOURCES.txt'
[1.360s] writing manifest file '../../build/mypkg/mypkg.egg-info/SOURCES.txt'
[1.360s] running build
[1.360s] running build_py
[1.360s] creating /home/pranav/ws/build/mypkg/build
[1.360s] creating /home/pranav/ws/build/mypkg/build/lib
[1.361s] creating /home/pranav/ws/build/mypkg/build/lib/mypkg
[1.361s] copying mypkg/draw_circle.py -> /home/pranav/ws/build/mypkg/build/lib/mypkg
[1.362s] copying mypkg/turtle_controller.py -> /home/pranav/ws/build/mypkg/build/lib/mypkg
[1.363s] copying mypkg/template_python_node.py -> /home/pranav/ws/build/mypkg/build/lib/mypkg
[1.364s] copying mypkg/hw_status_pub.py -> /home/pranav/ws/build/mypkg/build/lib/mypkg
[1.364s] copying mypkg/test1.py -> /home/pranav/ws/build/mypkg/build/lib/mypkg
[1.365s] copying mypkg/pose_sub.py -> /home/pranav/ws/build/mypkg/build/lib/mypkg
[1.365s] copying mypkg/__init__.py -> /home/pranav/ws/build/mypkg/build/lib/mypkg
[1.366s] running install
[1.366s] running install_lib
[1.367s] creating /home/pranav/ws/install/mypkg/lib/python3.10/site-packages/mypkg
[1.367s] copying /home/pranav/ws/build/mypkg/build/lib/mypkg/draw_circle.py -> /home/pranav/ws/install/mypkg/lib/python3.10/site-packages/mypkg
[1.368s] copying /home/pranav/ws/build/mypkg/build/lib/mypkg/turtle_controller.py -> /home/pranav/ws/install/mypkg/lib/python3.10/site-packages/mypkg
[1.368s] copying /home/pranav/ws/build/mypkg/build/lib/mypkg/template_python_node.py -> /home/pranav/ws/install/mypkg/lib/python3.10/site-packages/mypkg
[1.368s] copying /home/pranav/ws/build/mypkg/build/lib/mypkg/hw_status_pub.py -> /home/pranav/ws/install/mypkg/lib/python3.10/site-packages/mypkg
[1.368s] copying /home/pranav/ws/build/mypkg/build/lib/mypkg/test1.py -> /home/pranav/ws/install/mypkg/lib/python3.10/site-packages/mypkg
[1.368s] copying /home/pranav/ws/build/mypkg/build/lib/mypkg/pose_sub.py -> /home/pranav/ws/install/mypkg/lib/python3.10/site-packages/mypkg
[1.368s] copying /home/pranav/ws/build/mypkg/build/lib/mypkg/__init__.py -> /home/pranav/ws/install/mypkg/lib/python3.10/site-packages/mypkg
[1.369s] byte-compiling /home/pranav/ws/install/mypkg/lib/python3.10/site-packages/mypkg/draw_circle.py to draw_circle.cpython-310.pyc
[1.370s] byte-compiling /home/pranav/ws/install/mypkg/lib/python3.10/site-packages/mypkg/turtle_controller.py to turtle_controller.cpython-310.pyc
[1.370s] byte-compiling /home/pranav/ws/install/mypkg/lib/python3.10/site-packages/mypkg/template_python_node.py to template_python_node.cpython-310.pyc
[1.371s] byte-compiling /home/pranav/ws/install/mypkg/lib/python3.10/site-packages/mypkg/hw_status_pub.py to hw_status_pub.cpython-310.pyc
[1.372s] byte-compiling /home/pranav/ws/install/mypkg/lib/python3.10/site-packages/mypkg/test1.py to test1.cpython-310.pyc
[1.372s] byte-compiling /home/pranav/ws/install/mypkg/lib/python3.10/site-packages/mypkg/pose_sub.py to pose_sub.cpython-310.pyc
[1.372s] byte-compiling /home/pranav/ws/install/mypkg/lib/python3.10/site-packages/mypkg/__init__.py to __init__.cpython-310.pyc
[1.373s] running install_data
[1.373s] creating /home/pranav/ws/install/mypkg/share/ament_index
[1.373s] creating /home/pranav/ws/install/mypkg/share/ament_index/resource_index
[1.373s] creating /home/pranav/ws/install/mypkg/share/ament_index/resource_index/packages
[1.374s] copying resource/mypkg -> /home/pranav/ws/install/mypkg/share/ament_index/resource_index/packages
[1.374s] copying package.xml -> /home/pranav/ws/install/mypkg/share/mypkg
[1.374s] running install_egg_info
[1.376s] Copying ../../build/mypkg/mypkg.egg-info to /home/pranav/ws/install/mypkg/lib/python3.10/site-packages/mypkg-0.0.0-py3.10.egg-info
[1.377s] running install_scripts
[1.395s] Installing circle script to /home/pranav/ws/install/mypkg/lib/mypkg
[1.395s] Installing hw_status_pub script to /home/pranav/ws/install/mypkg/lib/mypkg
[1.395s] Installing pose_sub script to /home/pranav/ws/install/mypkg/lib/mypkg
[1.395s] Installing testnode script to /home/pranav/ws/install/mypkg/lib/mypkg
[1.396s] Installing turtle_controller script to /home/pranav/ws/install/mypkg/lib/mypkg
[1.396s] writing list of installed files to '/home/pranav/ws/build/mypkg/install.log'
[1.429s] Invoked command in '/home/pranav/ws/src/mypkg' returned '0': CMAKE_PREFIX_PATH=/home/pranav/ws/install/my_robot_interfaces:/home/pranav/ws/install/my_robot_bringup:/home/pranav/ws/install/my_cpp_pkg:/home/pranav/project_robot_ws/install/project_robot_description:/home/pranav/project_robot_ws/install/my_robot_bringup:/home/pranav/ws/src/my_robot_interfaces/install/my_robot_interfaces LD_LIBRARY_PATH=/home/pranav/ws/install/my_robot_interfaces/lib:/home/pranav/ws/src/my_robot_interfaces/install/my_robot_interfaces/lib:/opt/ros/humble/opt/rviz_ogre_vendor/lib:/opt/ros/humble/lib/x86_64-linux-gnu:/opt/ros/humble/lib:/usr/lib/x86_64-linux-gnu/gazebo-11/plugins PYTHONPATH=/home/pranav/ws/build/mypkg/prefix_override:/usr/lib/python3/dist-packages/colcon_core/task/python/colcon_distutils_commands:/home/pranav/ws/install/mypkg/lib/python3.10/site-packages:${PYTHONPATH} /usr/bin/python3 -W ignore:setup.py install is deprecated setup.py egg_info --egg-base ../../build/mypkg build --build-base /home/pranav/ws/build/mypkg/build install --record /home/pranav/ws/build/mypkg/install.log --single-version-externally-managed install_data
