[0.787s] Invoking command in '/home/pranav/ws/build/mypkg': PYTHONPATH=/home/pranav/ws/build/mypkg/prefix_override:/usr/lib/python3/dist-packages/colcon_core/task/python/colcon_distutils_commands:/home/pranav/ws/install/mypkg/lib/python3.10/site-packages:${PYTHONPATH} /usr/bin/python3 -W ignore:setup.py install is deprecated setup.py develop --editable --build-directory /home/pranav/ws/build/mypkg/build --no-deps symlink_data --force
[1.051s] running develop
[1.051s] /usr/lib/python3/dist-packages/setuptools/command/easy_install.py:158: EasyInstallDeprecationWarning: easy_install command is deprecated. Use build and pip and other standards-based tools.
[1.051s]   warnings.warn(
[1.217s] running egg_info
[1.217s] writing mypkg.egg-info/PKG-INFO
[1.217s] writing dependency_links to mypkg.egg-info/dependency_links.txt
[1.218s] writing entry points to mypkg.egg-info/entry_points.txt
[1.218s] writing requirements to mypkg.egg-info/requires.txt
[1.218s] writing top-level names to mypkg.egg-info/top_level.txt
[1.221s] reading manifest file 'mypkg.egg-info/SOURCES.txt'
[1.274s] writing manifest file 'mypkg.egg-info/SOURCES.txt'
[1.275s] running build_ext
[1.275s] Creating /home/pranav/ws/install/mypkg/lib/python3.10/site-packages/mypkg.egg-link (link to .)
[1.277s] Installing circle script to /home/pranav/ws/install/mypkg/lib/mypkg
[1.277s] Installing pose_sub script to /home/pranav/ws/install/mypkg/lib/mypkg
[1.277s] Installing testnode script to /home/pranav/ws/install/mypkg/lib/mypkg
[1.277s] Installing turtle_controller script to /home/pranav/ws/install/mypkg/lib/mypkg
[1.278s] 
[1.278s] Installed /home/pranav/ws/build/mypkg
[1.278s] running symlink_data
[1.278s] symbolically linking /home/pranav/ws/build/mypkg/resource/mypkg -> /home/pranav/ws/install/mypkg/share/ament_index/resource_index/packages
[1.278s] symbolically linking /home/pranav/ws/build/mypkg/package.xml -> /home/pranav/ws/install/mypkg/share/mypkg
[1.313s] Invoked command in '/home/pranav/ws/build/mypkg' returned '0': PYTHONPATH=/home/pranav/ws/build/mypkg/prefix_override:/usr/lib/python3/dist-packages/colcon_core/task/python/colcon_distutils_commands:/home/pranav/ws/install/mypkg/lib/python3.10/site-packages:${PYTHONPATH} /usr/bin/python3 -W ignore:setup.py install is deprecated setup.py develop --editable --build-directory /home/pranav/ws/build/mypkg/build --no-deps symlink_data --force
