[0.672s] Invoking command in '/home/pranav/ws/src/mypkg': PYTHONPATH=/home/pranav/ws/build/mypkg/prefix_override:/usr/lib/python3/dist-packages/colcon_core/task/python/colcon_distutils_commands:/home/pranav/ws/install/mypkg/lib/python3.10/site-packages:${PYTHONPATH} /usr/bin/python3 -W ignore:setup.py install is deprecated setup.py egg_info --egg-base ../../build/mypkg build --build-base /home/pranav/ws/build/mypkg/build install --record /home/pranav/ws/build/mypkg/install.log --single-version-externally-managed install_data
[0.928s] running egg_info
[0.929s] writing ../../build/mypkg/mypkg.egg-info/PKG-INFO
[0.930s] writing dependency_links to ../../build/mypkg/mypkg.egg-info/dependency_links.txt
[0.930s] writing entry points to ../../build/mypkg/mypkg.egg-info/entry_points.txt
[0.930s] writing requirements to ../../build/mypkg/mypkg.egg-info/requires.txt
[0.931s] writing top-level names to ../../build/mypkg/mypkg.egg-info/top_level.txt
[0.933s] reading manifest file '../../build/mypkg/mypkg.egg-info/SOURCES.txt'
[0.934s] writing manifest file '../../build/mypkg/mypkg.egg-info/SOURCES.txt'
[0.934s] running build
[0.934s] running build_py
[0.935s] running install
[0.935s] running install_lib
[0.937s] running install_data
[0.937s] running install_egg_info
[0.939s] removing '/home/pranav/ws/install/mypkg/lib/python3.10/site-packages/mypkg-0.0.0-py3.10.egg-info' (and everything under it)
[0.939s] Copying ../../build/mypkg/mypkg.egg-info to /home/pranav/ws/install/mypkg/lib/python3.10/site-packages/mypkg-0.0.0-py3.10.egg-info
[0.940s] running install_scripts
[0.963s] Installing circle script to /home/pranav/ws/install/mypkg/lib/mypkg
[0.963s] Installing pose_sub script to /home/pranav/ws/install/mypkg/lib/mypkg
[0.963s] Installing testnode script to /home/pranav/ws/install/mypkg/lib/mypkg
[0.964s] Installing turtle_controller script to /home/pranav/ws/install/mypkg/lib/mypkg
[0.964s] writing list of installed files to '/home/pranav/ws/build/mypkg/install.log'
[0.991s] Invoked command in '/home/pranav/ws/src/mypkg' returned '0': PYTHONPATH=/home/pranav/ws/build/mypkg/prefix_override:/usr/lib/python3/dist-packages/colcon_core/task/python/colcon_distutils_commands:/home/pranav/ws/install/mypkg/lib/python3.10/site-packages:${PYTHONPATH} /usr/bin/python3 -W ignore:setup.py install is deprecated setup.py egg_info --egg-base ../../build/mypkg build --build-base /home/pranav/ws/build/mypkg/build install --record /home/pranav/ws/build/mypkg/install.log --single-version-externally-managed install_data
