running egg_info
writing ../../build/mypkg/mypkg.egg-info/PKG-INFO
writing dependency_links to ../../build/mypkg/mypkg.egg-info/dependency_links.txt
writing entry points to ../../build/mypkg/mypkg.egg-info/entry_points.txt
writing requirements to ../../build/mypkg/mypkg.egg-info/requires.txt
writing top-level names to ../../build/mypkg/mypkg.egg-info/top_level.txt
reading manifest file '../../build/mypkg/mypkg.egg-info/SOURCES.txt'
writing manifest file '../../build/mypkg/mypkg.egg-info/SOURCES.txt'
running build
running build_py
copying mypkg/template_python_node.py -> /home/pranav/ws/build/mypkg/build/lib/mypkg
copying mypkg/hw_status_pub.py -> /home/pranav/ws/build/mypkg/build/lib/mypkg
running install
running install_lib
copying /home/pranav/ws/build/mypkg/build/lib/mypkg/template_python_node.py -> /home/pranav/ws/install/mypkg/lib/python3.10/site-packages/mypkg
copying /home/pranav/ws/build/mypkg/build/lib/mypkg/hw_status_pub.py -> /home/pranav/ws/install/mypkg/lib/python3.10/site-packages/mypkg
byte-compiling /home/pranav/ws/install/mypkg/lib/python3.10/site-packages/mypkg/template_python_node.py to template_python_node.cpython-310.pyc
byte-compiling /home/pranav/ws/install/mypkg/lib/python3.10/site-packages/mypkg/hw_status_pub.py to hw_status_pub.cpython-310.pyc
running install_data
copying package.xml -> /home/pranav/ws/install/mypkg/share/mypkg
running install_egg_info
removing '/home/pranav/ws/install/mypkg/lib/python3.10/site-packages/mypkg-0.0.0-py3.10.egg-info' (and everything under it)
Copying ../../build/mypkg/mypkg.egg-info to /home/pranav/ws/install/mypkg/lib/python3.10/site-packages/mypkg-0.0.0-py3.10.egg-info
running install_scripts
Installing circle script to /home/pranav/ws/install/mypkg/lib/mypkg
Installing pose_sub script to /home/pranav/ws/install/mypkg/lib/mypkg
Installing testnode script to /home/pranav/ws/install/mypkg/lib/mypkg
Installing turtle_controller=mypkg.turtle_controller:mainhw_status_pub script to /home/pranav/ws/install/mypkg/lib/mypkg
writing list of installed files to '/home/pranav/ws/build/mypkg/install.log'
