[0.680s] Invoking command in '/home/pranav/ws/src/mypkg': PYTHONPATH=/home/pranav/ws/build/mypkg/prefix_override:/usr/lib/python3/dist-packages/colcon_core/task/python/colcon_distutils_commands:/home/pranav/ws/install/mypkg/lib/python3.10/site-packages:${PYTHONPATH} /usr/bin/python3 -W ignore:setup.py install is deprecated setup.py egg_info --egg-base ../../build/mypkg build --build-base /home/pranav/ws/build/mypkg/build install --record /home/pranav/ws/build/mypkg/install.log --single-version-externally-managed install_data
[0.935s] running egg_info
[0.935s] writing ../../build/mypkg/mypkg.egg-info/PKG-INFO
[0.935s] writing dependency_links to ../../build/mypkg/mypkg.egg-info/dependency_links.txt
[0.935s] writing entry points to ../../build/mypkg/mypkg.egg-info/entry_points.txt
[0.935s] writing requirements to ../../build/mypkg/mypkg.egg-info/requires.txt
[0.936s] writing top-level names to ../../build/mypkg/mypkg.egg-info/top_level.txt
[0.937s] reading manifest file '../../build/mypkg/mypkg.egg-info/SOURCES.txt'
[0.938s] writing manifest file '../../build/mypkg/mypkg.egg-info/SOURCES.txt'
[0.939s] running build
[0.939s] running build_py
[0.939s] copying mypkg/template_python_node.py -> /home/pranav/ws/build/mypkg/build/lib/mypkg
[0.941s] copying mypkg/hw_status_pub.py -> /home/pranav/ws/build/mypkg/build/lib/mypkg
[0.941s] running install
[0.941s] running install_lib
[0.942s] copying /home/pranav/ws/build/mypkg/build/lib/mypkg/template_python_node.py -> /home/pranav/ws/install/mypkg/lib/python3.10/site-packages/mypkg
[0.942s] copying /home/pranav/ws/build/mypkg/build/lib/mypkg/hw_status_pub.py -> /home/pranav/ws/install/mypkg/lib/python3.10/site-packages/mypkg
[0.942s] byte-compiling /home/pranav/ws/install/mypkg/lib/python3.10/site-packages/mypkg/template_python_node.py to template_python_node.cpython-310.pyc
[0.943s] byte-compiling /home/pranav/ws/install/mypkg/lib/python3.10/site-packages/mypkg/hw_status_pub.py to hw_status_pub.cpython-310.pyc
[0.943s] running install_data
[0.943s] copying package.xml -> /home/pranav/ws/install/mypkg/share/mypkg
[0.945s] running install_egg_info
[0.945s] removing '/home/pranav/ws/install/mypkg/lib/python3.10/site-packages/mypkg-0.0.0-py3.10.egg-info' (and everything under it)
[0.945s] Copying ../../build/mypkg/mypkg.egg-info to /home/pranav/ws/install/mypkg/lib/python3.10/site-packages/mypkg-0.0.0-py3.10.egg-info
[0.947s] running install_scripts
[0.966s] Installing circle script to /home/pranav/ws/install/mypkg/lib/mypkg
[0.966s] Installing pose_sub script to /home/pranav/ws/install/mypkg/lib/mypkg
[0.967s] Installing testnode script to /home/pranav/ws/install/mypkg/lib/mypkg
[0.967s] Installing turtle_controller=mypkg.turtle_controller:mainhw_status_pub script to /home/pranav/ws/install/mypkg/lib/mypkg
[0.967s] writing list of installed files to '/home/pranav/ws/build/mypkg/install.log'
[0.989s] Invoked command in '/home/pranav/ws/src/mypkg' returned '0': PYTHONPATH=/home/pranav/ws/build/mypkg/prefix_override:/usr/lib/python3/dist-packages/colcon_core/task/python/colcon_distutils_commands:/home/pranav/ws/install/mypkg/lib/python3.10/site-packages:${PYTHONPATH} /usr/bin/python3 -W ignore:setup.py install is deprecated setup.py egg_info --egg-base ../../build/mypkg build --build-base /home/pranav/ws/build/mypkg/build install --record /home/pranav/ws/build/mypkg/install.log --single-version-externally-managed install_data
