[0.685s] Invoking command in '/home/pranav/ws/build/mypkg': PYTHONPATH=/home/pranav/ws/build/mypkg/prefix_override:/usr/lib/python3/dist-packages/colcon_core/task/python/colcon_distutils_commands:/home/pranav/ws/install/mypkg/lib/python3.10/site-packages:${PYTHONPATH} /usr/bin/python3 -W ignore:setup.py install is deprecated setup.py develop --editable --build-directory /home/pranav/ws/build/mypkg/build --no-deps symlink_data
[0.966s] running develop
[1.140s] running egg_info
[1.140s] writing mypkg.egg-info/PKG-INFO
[1.141s] writing dependency_links to mypkg.egg-info/dependency_links.txt
[1.141s] writing entry points to mypkg.egg-info/entry_points.txt
[1.142s] writing requirements to mypkg.egg-info/requires.txt
[1.143s] writing top-level names to mypkg.egg-info/top_level.txt
[1.143s] reading manifest file 'mypkg.egg-info/SOURCES.txt'
[1.144s] writing manifest file 'mypkg.egg-info/SOURCES.txt'
[1.146s] running build_ext
[1.146s] Creating /home/pranav/ws/install/mypkg/lib/python3.10/site-packages/mypkg.egg-link (link to .)
[1.147s] Installing circle script to /home/pranav/ws/install/mypkg/lib/mypkg
[1.147s] Installing pose_sub script to /home/pranav/ws/install/mypkg/lib/mypkg
[1.148s] Installing testnode script to /home/pranav/ws/install/mypkg/lib/mypkg
[1.148s] Installing turtle_controller script to /home/pranav/ws/install/mypkg/lib/mypkg
[1.149s] 
[1.150s] Installed /home/pranav/ws/build/mypkg
[1.150s] running symlink_data
[1.176s] Invoked command in '/home/pranav/ws/build/mypkg' returned '0': PYTHONPATH=/home/pranav/ws/build/mypkg/prefix_override:/usr/lib/python3/dist-packages/colcon_core/task/python/colcon_distutils_commands:/home/pranav/ws/install/mypkg/lib/python3.10/site-packages:${PYTHONPATH} /usr/bin/python3 -W ignore:setup.py install is deprecated setup.py develop --editable --build-directory /home/pranav/ws/build/mypkg/build --no-deps symlink_data
