[0.023s] Invoking command in '/home/pranav/ws/build/my_robot_interfaces': /usr/bin/cmake /home/pranav/ws/src/my_robot_interfaces -DCMAKE_INSTALL_PREFIX=/home/pranav/ws/install/my_robot_interfaces
[0.170s] -- The C compiler identification is GNU 11.4.0
[0.273s] -- The CXX compiler identification is GNU 11.4.0
[0.287s] -- Detecting C compiler ABI info
[0.392s] -- Detecting C compiler ABI info - done
[0.398s] -- Check for working C compiler: /usr/bin/cc - skipped
[0.398s] -- Detecting C compile features
[0.400s] -- Detecting C compile features - done
[0.407s] -- Detecting CXX compiler ABI info
[0.547s] -- Detecting CXX compiler ABI info - done
[0.559s] -- Check for working CXX compiler: /usr/bin/c++ - skipped
[0.559s] -- Detecting CXX compile features
[0.560s] -- Detecting CXX compile features - done
[0.571s] -- Found ament_cmake: 1.3.9 (/opt/ros/humble/share/ament_cmake/cmake)
[0.767s] -- Found Python3: /usr/bin/python3 (found version "3.10.12") found components: Interpreter 
[0.951s] -- Found rosidl_default_generators: 1.2.0 (/opt/ros/humble/share/rosidl_default_generators/cmake)
[0.957s] -- Using all available rosidl_typesupport_c: rosidl_typesupport_fastrtps_c;rosidl_typesupport_introspection_c
[0.966s] -- Found rosidl_adapter: 3.1.5 (/opt/ros/humble/share/rosidl_adapter/cmake)
[1.043s] -- Using all available rosidl_typesupport_cpp: rosidl_typesupport_fastrtps_cpp;rosidl_typesupport_introspection_cpp
[1.313s] Error parsing '/home/pranav/ws/src/my_robot_interfaces/package.xml':
[1.357s] Traceback (most recent call last):
[1.358s]   File "/opt/ros/humble/share/ament_cmake_core/cmake/core/package_xml_2_cmake.py", line 150, in <module>
[1.358s]     main()
[1.358s]   File "/opt/ros/humble/share/ament_cmake_core/cmake/core/package_xml_2_cmake.py", line 53, in main
[1.359s]     raise e
[1.359s]   File "/opt/ros/humble/share/ament_cmake_core/cmake/core/package_xml_2_cmake.py", line 49, in main
[1.360s]     package = parse_package_string(
[1.360s]   File "/usr/lib/python3/dist-packages/catkin_pkg/package.py", line 786, in parse_package_string
[1.361s]     raise InvalidPackage('Error(s):%s' % (''.join(['\n- %s' % e for e in errors])), filename)
[1.362s] catkin_pkg.package.InvalidPackage: Error(s) in package '/home/pranav/ws/src/my_robot_interfaces/package.xml':
[1.362s] Error(s):
[1.363s] - The manifest of package "my_robot_interfaces" (with format version 3) must not contain the following tags: number_of_group
[1.381s] [31mCMake Error at /opt/ros/humble/share/ament_cmake_core/cmake/core/ament_package_xml.cmake:95 (message):
[1.382s]   execute_process(/usr/bin/python3
[1.382s]   /opt/ros/humble/share/ament_cmake_core/cmake/core/package_xml_2_cmake.py
[1.383s]   /home/pranav/ws/src/my_robot_interfaces/package.xml
[1.383s]   /home/pranav/ws/build/my_robot_interfaces/ament_cmake_core/package.cmake)
[1.384s]   returned error code 1
[1.384s] Call Stack (most recent call first):
[1.385s]   /opt/ros/humble/share/ament_cmake_core/cmake/core/ament_package_xml.cmake:49 (_ament_package_xml)
[1.385s]   /opt/ros/humble/share/rosidl_cmake/cmake/rosidl_generate_interfaces.cmake:226 (ament_package_xml)
[1.386s]   CMakeLists.txt:15 (rosidl_generate_interfaces)
[1.386s] 
[1.387s] [0m
[1.388s] -- Configuring incomplete, errors occurred!
[1.389s] See also "/home/pranav/ws/build/my_robot_interfaces/CMakeFiles/CMakeOutput.log".
[1.390s] Invoked command in '/home/pranav/ws/build/my_robot_interfaces' returned '1': /usr/bin/cmake /home/pranav/ws/src/my_robot_interfaces -DCMAKE_INSTALL_PREFIX=/home/pranav/ws/install/my_robot_interfaces
