[0.706s] Invoking command in '/home/pranav/ws/build/mypkg': PYTHONPATH=/home/pranav/ws/build/mypkg/prefix_override:/usr/lib/python3/dist-packages/colcon_core/task/python/colcon_distutils_commands:/home/pranav/ws/install/mypkg/lib/python3.10/site-packages:${PYTHONPATH} /usr/bin/python3 -W ignore:setup.py install is deprecated setup.py develop --uninstall --editable --build-directory /home/pranav/ws/build/mypkg/build
[0.987s] running develop
[1.160s] Removing /home/pranav/ws/install/mypkg/lib/python3.10/site-packages/mypkg.egg-link (link to .)
[1.187s] Invoked command in '/home/pranav/ws/build/mypkg' returned '0': PYTHONPATH=/home/pranav/ws/build/mypkg/prefix_override:/usr/lib/python3/dist-packages/colcon_core/task/python/colcon_distutils_commands:/home/pranav/ws/install/mypkg/lib/python3.10/site-packages:${PYTHONPATH} /usr/bin/python3 -W ignore:setup.py install is deprecated setup.py develop --uninstall --editable --build-directory /home/pranav/ws/build/mypkg/build
[1.189s] Invoking command in '/home/pranav/ws/src/mypkg': PYTHONPATH=/home/pranav/ws/build/mypkg/prefix_override:/usr/lib/python3/dist-packages/colcon_core/task/python/colcon_distutils_commands:/home/pranav/ws/install/mypkg/lib/python3.10/site-packages:${PYTHONPATH} /usr/bin/python3 -W ignore:setup.py install is deprecated setup.py egg_info --egg-base ../../build/mypkg build --build-base /home/pranav/ws/build/mypkg/build install --record /home/pranav/ws/build/mypkg/install.log --single-version-externally-managed install_data --force
[1.449s] running egg_info
[1.450s] writing ../../build/mypkg/mypkg.egg-info/PKG-INFO
[1.450s] writing dependency_links to ../../build/mypkg/mypkg.egg-info/dependency_links.txt
[1.451s] writing entry points to ../../build/mypkg/mypkg.egg-info/entry_points.txt
[1.451s] writing requirements to ../../build/mypkg/mypkg.egg-info/requires.txt
[1.451s] writing top-level names to ../../build/mypkg/mypkg.egg-info/top_level.txt
[1.453s] reading manifest file '../../build/mypkg/mypkg.egg-info/SOURCES.txt'
[1.454s] writing manifest file '../../build/mypkg/mypkg.egg-info/SOURCES.txt'
[1.455s] running build
[1.455s] running build_py
[1.455s] copying mypkg/hw_status_pub.py -> /home/pranav/ws/build/mypkg/build/lib/mypkg
[1.456s] running install
[1.456s] running install_lib
[1.457s] creating /home/pranav/ws/install/mypkg/lib/python3.10/site-packages/mypkg
[1.457s] copying /home/pranav/ws/build/mypkg/build/lib/mypkg/draw_circle.py -> /home/pranav/ws/install/mypkg/lib/python3.10/site-packages/mypkg
[1.457s] copying /home/pranav/ws/build/mypkg/build/lib/mypkg/turtle_controller.py -> /home/pranav/ws/install/mypkg/lib/python3.10/site-packages/mypkg
[1.457s] copying /home/pranav/ws/build/mypkg/build/lib/mypkg/template_python_node.py -> /home/pranav/ws/install/mypkg/lib/python3.10/site-packages/mypkg
[1.458s] copying /home/pranav/ws/build/mypkg/build/lib/mypkg/hw_status_pub.py -> /home/pranav/ws/install/mypkg/lib/python3.10/site-packages/mypkg
[1.458s] copying /home/pranav/ws/build/mypkg/build/lib/mypkg/test1.py -> /home/pranav/ws/install/mypkg/lib/python3.10/site-packages/mypkg
[1.458s] copying /home/pranav/ws/build/mypkg/build/lib/mypkg/pose_sub.py -> /home/pranav/ws/install/mypkg/lib/python3.10/site-packages/mypkg
[1.459s] copying /home/pranav/ws/build/mypkg/build/lib/mypkg/__init__.py -> /home/pranav/ws/install/mypkg/lib/python3.10/site-packages/mypkg
[1.459s] byte-compiling /home/pranav/ws/install/mypkg/lib/python3.10/site-packages/mypkg/draw_circle.py to draw_circle.cpython-310.pyc
[1.460s] byte-compiling /home/pranav/ws/install/mypkg/lib/python3.10/site-packages/mypkg/turtle_controller.py to turtle_controller.cpython-310.pyc
[1.461s] byte-compiling /home/pranav/ws/install/mypkg/lib/python3.10/site-packages/mypkg/template_python_node.py to template_python_node.cpython-310.pyc
[1.461s] byte-compiling /home/pranav/ws/install/mypkg/lib/python3.10/site-packages/mypkg/hw_status_pub.py to hw_status_pub.cpython-310.pyc
[1.462s] byte-compiling /home/pranav/ws/install/mypkg/lib/python3.10/site-packages/mypkg/test1.py to test1.cpython-310.pyc
[1.462s] byte-compiling /home/pranav/ws/install/mypkg/lib/python3.10/site-packages/mypkg/pose_sub.py to pose_sub.cpython-310.pyc
[1.463s] byte-compiling /home/pranav/ws/install/mypkg/lib/python3.10/site-packages/mypkg/__init__.py to __init__.cpython-310.pyc
[1.463s] running install_data
[1.463s] copying resource/mypkg -> /home/pranav/ws/install/mypkg/share/ament_index/resource_index/packages
[1.463s] copying package.xml -> /home/pranav/ws/install/mypkg/share/mypkg
[1.463s] running install_egg_info
[1.465s] Copying ../../build/mypkg/mypkg.egg-info to /home/pranav/ws/install/mypkg/lib/python3.10/site-packages/mypkg-0.0.0-py3.10.egg-info
[1.467s] running install_scripts
[1.486s] Installing circle script to /home/pranav/ws/install/mypkg/lib/mypkg
[1.486s] Installing pose_sub script to /home/pranav/ws/install/mypkg/lib/mypkg
[1.486s] Installing testnode script to /home/pranav/ws/install/mypkg/lib/mypkg
[1.487s] Installing turtle_controller script to /home/pranav/ws/install/mypkg/lib/mypkg
[1.487s] writing list of installed files to '/home/pranav/ws/build/mypkg/install.log'
[1.511s] Invoked command in '/home/pranav/ws/src/mypkg' returned '0': PYTHONPATH=/home/pranav/ws/build/mypkg/prefix_override:/usr/lib/python3/dist-packages/colcon_core/task/python/colcon_distutils_commands:/home/pranav/ws/install/mypkg/lib/python3.10/site-packages:${PYTHONPATH} /usr/bin/python3 -W ignore:setup.py install is deprecated setup.py egg_info --egg-base ../../build/mypkg build --build-base /home/pranav/ws/build/mypkg/build install --record /home/pranav/ws/build/mypkg/install.log --single-version-externally-managed install_data --force
