[0.017s] Invoking command in '/home/pranav/ws/build/my_cpp_pkg': CMAKE_PREFIX_PATH=${CMAKE_PREFIX_PATH}:/home/pranav/ws/install/mypkg:/home/pranav/learning_ws/install/mypkg:/opt/ros/humble /usr/bin/cmake --build /home/pranav/ws/build/my_cpp_pkg -- -j4 -l4
[0.065s] -- Found ament_cmake: 1.3.9 (/opt/ros/humble/share/ament_cmake/cmake)
[0.219s] -- Found rclcpp: 16.0.9 (/opt/ros/humble/share/rclcpp/cmake)
[0.269s] -- Found rosidl_generator_c: 3.1.5 (/opt/ros/humble/share/rosidl_generator_c/cmake)
[0.274s] -- Found rosidl_adapter: 3.1.5 (/opt/ros/humble/share/rosidl_adapter/cmake)
[0.283s] -- Found rosidl_generator_cpp: 3.1.5 (/opt/ros/humble/share/rosidl_generator_cpp/cmake)
[0.302s] -- Using all available rosidl_typesupport_c: rosidl_typesupport_fastrtps_c;rosidl_typesupport_introspection_c
[0.326s] -- Using all available rosidl_typesupport_cpp: rosidl_typesupport_fastrtps_cpp;rosidl_typesupport_introspection_cpp
[0.414s] -- Found rmw_implementation_cmake: 6.1.2 (/opt/ros/humble/share/rmw_implementation_cmake/cmake)
[0.416s] -- Found rmw_cyclonedds_cpp: 1.3.4 (/opt/ros/humble/share/rmw_cyclonedds_cpp/cmake)
[0.448s] -- Using RMW implementation 'rmw_cyclonedds_cpp' as default
[0.603s] [31mCMake Error at CMakeLists.txt:20 (install):
[0.603s]   install TARGETS given unknown argument "subscriber".
[0.603s] 
[0.603s] [0m
[0.603s] -- Found ament_lint_auto: 0.12.11 (/opt/ros/humble/share/ament_lint_auto/cmake)
[0.681s] -- Added test 'cppcheck' to perform static code analysis on C / C++ code
[0.681s] -- Configured cppcheck include dirs: 
[0.681s] -- Configured cppcheck exclude dirs and/or files: 
[0.683s] -- Added test 'lint_cmake' to check CMake code style
[0.683s] -- Added test 'uncrustify' to check C / C++ code style
[0.683s] -- Configured uncrustify additional arguments: 
[0.683s] -- Added test 'xmllint' to check XML markup files
[0.684s] -- Configuring incomplete, errors occurred!
[0.684s] See also "/home/pranav/ws/build/my_cpp_pkg/CMakeFiles/CMakeOutput.log".
[0.695s] gmake: *** [Makefile:308: cmake_check_build_system] Error 1
[0.700s] Invoked command in '/home/pranav/ws/build/my_cpp_pkg' returned '2': CMAKE_PREFIX_PATH=${CMAKE_PREFIX_PATH}:/home/pranav/ws/install/mypkg:/home/pranav/learning_ws/install/mypkg:/opt/ros/humble /usr/bin/cmake --build /home/pranav/ws/build/my_cpp_pkg -- -j4 -l4
