[0.024s] Invoking command in '/home/pranav/ws/build/my_cpp_pkg': CMAKE_PREFIX_PATH=${CMAKE_PREFIX_PATH}:/home/pranav/ws/install/mypkg:/home/pranav/learning_ws/install/mypkg:/opt/ros/humble /usr/bin/cmake --build /home/pranav/ws/build/my_cpp_pkg -- -j4 -l4
[0.061s] -- Found ament_cmake: 1.3.9 (/opt/ros/humble/share/ament_cmake/cmake)
[0.204s] -- Found rclcpp: 16.0.9 (/opt/ros/humble/share/rclcpp/cmake)
[0.242s] -- Found rosidl_generator_c: 3.1.5 (/opt/ros/humble/share/rosidl_generator_c/cmake)
[0.242s] -- Found rosidl_adapter: 3.1.5 (/opt/ros/humble/share/rosidl_adapter/cmake)
[0.251s] -- Found rosidl_generator_cpp: 3.1.5 (/opt/ros/humble/share/rosidl_generator_cpp/cmake)
[0.263s] -- Using all available rosidl_typesupport_c: rosidl_typesupport_fastrtps_c;rosidl_typesupport_introspection_c
[0.282s] -- Using all available rosidl_typesupport_cpp: rosidl_typesupport_fastrtps_cpp;rosidl_typesupport_introspection_cpp
[0.361s] -- Found rmw_implementation_cmake: 6.1.2 (/opt/ros/humble/share/rmw_implementation_cmake/cmake)
[0.363s] -- Found rmw_cyclonedds_cpp: 1.3.4 (/opt/ros/humble/share/rmw_cyclonedds_cpp/cmake)
[0.394s] -- Using RMW implementation 'rmw_cyclonedds_cpp' as default
[0.555s] -- Found ament_lint_auto: 0.12.11 (/opt/ros/humble/share/ament_lint_auto/cmake)
[0.641s] -- Added test 'cppcheck' to perform static code analysis on C / C++ code
[0.641s] -- Configured cppcheck include dirs: 
[0.641s] -- Configured cppcheck exclude dirs and/or files: 
[0.642s] -- Added test 'lint_cmake' to check CMake code style
[0.644s] -- Added test 'uncrustify' to check C / C++ code style
[0.645s] -- Configured uncrustify additional arguments: 
[0.645s] -- Added test 'xmllint' to check XML markup files
[0.648s] -- Configuring done
[0.677s] -- Generating done
[0.679s] -- Build files have been written to: /home/pranav/ws/build/my_cpp_pkg
[0.735s] [35m[1mConsolidate compiler generated dependencies of target publisher[0m
[0.735s] [35m[1mConsolidate compiler generated dependencies of target subscriber[0m
[0.764s] [ 75%] [32m[1mLinking CXX executable subscriber[0m
[0.764s] [ 75%] Built target publisher
[1.223s] [100%] Built target subscriber
[1.242s] Invoked command in '/home/pranav/ws/build/my_cpp_pkg' returned '0': CMAKE_PREFIX_PATH=${CMAKE_PREFIX_PATH}:/home/pranav/ws/install/mypkg:/home/pranav/learning_ws/install/mypkg:/opt/ros/humble /usr/bin/cmake --build /home/pranav/ws/build/my_cpp_pkg -- -j4 -l4
[1.301s] Invoking command in '/home/pranav/ws/build/my_cpp_pkg': CMAKE_PREFIX_PATH=${CMAKE_PREFIX_PATH}:/home/pranav/ws/install/mypkg:/home/pranav/learning_ws/install/mypkg:/opt/ros/humble /usr/bin/cmake --install /home/pranav/ws/build/my_cpp_pkg
[1.312s] -- Install configuration: ""
[1.313s] -- Up-to-date: /home/pranav/ws/install/my_cpp_pkg/lib/my_cpp_pkg/publisher
[1.314s] -- Installing: /home/pranav/ws/install/my_cpp_pkg/lib/my_cpp_pkg/subscriber
[1.321s] -- Set runtime path of "/home/pranav/ws/install/my_cpp_pkg/lib/my_cpp_pkg/subscriber" to ""
[1.321s] -- Up-to-date: /home/pranav/ws/install/my_cpp_pkg/share/ament_index/resource_index/package_run_dependencies/my_cpp_pkg
[1.322s] -- Up-to-date: /home/pranav/ws/install/my_cpp_pkg/share/ament_index/resource_index/parent_prefix_path/my_cpp_pkg
[1.322s] -- Up-to-date: /home/pranav/ws/install/my_cpp_pkg/share/my_cpp_pkg/environment/ament_prefix_path.sh
[1.322s] -- Installing: /home/pranav/ws/install/my_cpp_pkg/share/my_cpp_pkg/environment/ament_prefix_path.dsv
[1.322s] -- Up-to-date: /home/pranav/ws/install/my_cpp_pkg/share/my_cpp_pkg/environment/path.sh
[1.323s] -- Installing: /home/pranav/ws/install/my_cpp_pkg/share/my_cpp_pkg/environment/path.dsv
[1.323s] -- Up-to-date: /home/pranav/ws/install/my_cpp_pkg/share/my_cpp_pkg/local_setup.bash
[1.323s] -- Up-to-date: /home/pranav/ws/install/my_cpp_pkg/share/my_cpp_pkg/local_setup.sh
[1.323s] -- Up-to-date: /home/pranav/ws/install/my_cpp_pkg/share/my_cpp_pkg/local_setup.zsh
[1.323s] -- Installing: /home/pranav/ws/install/my_cpp_pkg/share/my_cpp_pkg/local_setup.dsv
[1.323s] -- Installing: /home/pranav/ws/install/my_cpp_pkg/share/my_cpp_pkg/package.dsv
[1.325s] -- Up-to-date: /home/pranav/ws/install/my_cpp_pkg/share/ament_index/resource_index/packages/my_cpp_pkg
[1.325s] -- Up-to-date: /home/pranav/ws/install/my_cpp_pkg/share/my_cpp_pkg/cmake/my_cpp_pkgConfig.cmake
[1.325s] -- Up-to-date: /home/pranav/ws/install/my_cpp_pkg/share/my_cpp_pkg/cmake/my_cpp_pkgConfig-version.cmake
[1.325s] -- Up-to-date: /home/pranav/ws/install/my_cpp_pkg/share/my_cpp_pkg/package.xml
[1.328s] Invoked command in '/home/pranav/ws/build/my_cpp_pkg' returned '0': CMAKE_PREFIX_PATH=${CMAKE_PREFIX_PATH}:/home/pranav/ws/install/mypkg:/home/pranav/learning_ws/install/mypkg:/opt/ros/humble /usr/bin/cmake --install /home/pranav/ws/build/my_cpp_pkg
