[0.017s] Invoking command in '/home/pranav/ws/build/my_robot_interfaces': CMAKE_PREFIX_PATH=/home/pranav/ws/install/mypkg:/home/pranav/learning_ws/install/mypkg:/opt/ros/humble /usr/bin/cmake /home/pranav/ws/src/my_robot_interfaces -DAMENT_CMAKE_SYMLINK_INSTALL=1 -DCMAKE_INSTALL_PREFIX=/home/pranav/ws/install/my_robot_interfaces
[0.037s] -- Found ament_cmake: 1.3.9 (/opt/ros/humble/share/ament_cmake/cmake)
[0.170s] -- Override CMake install command with custom implementation using symlinks instead of copying resources
[0.183s] -- Found rosidl_default_generators: 1.2.0 (/opt/ros/humble/share/rosidl_default_generators/cmake)
[0.185s] -- Using all available rosidl_typesupport_c: rosidl_typesupport_fastrtps_c;rosidl_typesupport_introspection_c
[0.189s] -- Found rosidl_adapter: 3.1.5 (/opt/ros/humble/share/rosidl_adapter/cmake)
[0.218s] -- Using all available rosidl_typesupport_cpp: rosidl_typesupport_fastrtps_cpp;rosidl_typesupport_introspection_cpp
[0.449s] [31mCMake Error at /opt/ros/humble/share/rosidl_adapter/cmake/rosidl_adapt_interfaces.cmake:59 (message):
[0.449s]   execute_process(/usr/bin/python3 -m rosidl_adapter --package-name
[0.450s]   my_robot_interfaces --arguments-file
[0.450s]   /home/pranav/ws/build/my_robot_interfaces/rosidl_adapter__arguments__my_robot_interfaces.json
[0.450s]   --output-dir
[0.450s]   /home/pranav/ws/build/my_robot_interfaces/rosidl_adapter/my_robot_interfaces
[0.450s]   --output-file
[0.450s]   /home/pranav/ws/build/my_robot_interfaces/rosidl_adapter/my_robot_interfaces.idls)
[0.450s]   returned error code 1:
[0.450s] 
[0.450s]   Traceback (most recent call last):
[0.450s] 
[0.451s]     File "/usr/lib/python3.10/runpy.py", line 196, in _run_module_as_main
[0.451s]       return _run_code(code, main_globals, None,
[0.451s]     File "/usr/lib/python3.10/runpy.py", line 86, in _run_code
[0.451s]       exec(code, run_globals)
[0.451s]     File "/opt/ros/humble/local/lib/python3.10/dist-packages/rosidl_adapter/__main__.py", line 19, in <module>
[0.451s]       sys.exit(main())
[0.451s]     File "/opt/ros/humble/local/lib/python3.10/dist-packages/rosidl_adapter/main.py", line 53, in main
[0.451s]       abs_idl_file = convert_to_idl(
[0.451s]     File "/opt/ros/humble/local/lib/python3.10/dist-packages/rosidl_adapter/__init__.py", line 19, in convert_to_idl
[0.451s]       return convert_msg_to_idl(
[0.451s]     File "/opt/ros/humble/local/lib/python3.10/dist-packages/rosidl_adapter/msg/__init__.py", line 28, in convert_msg_to_idl
[0.451s]       msg = parse_message_string(package_name, input_file.stem, content)
[0.451s]     File "/opt/ros/humble/local/lib/python3.10/dist-packages/rosidl_adapter/parser.py", line 544, in parse_message_string
[0.451s]       msg = MessageSpecification(pkg_name, msg_name, fields, constants)
[0.452s]     File "/opt/ros/humble/local/lib/python3.10/dist-packages/rosidl_adapter/parser.py", line 388, in __init__
[0.452s]       self.base_type = BaseType(
[0.452s]     File "/opt/ros/humble/local/lib/python3.10/dist-packages/rosidl_adapter/parser.py", line 205, in __init__
[0.452s]       raise InvalidResourceName(
[0.452s] 
[0.452s]   rosidl_adapter.parser.InvalidResourceName: 'driver' is an invalid message
[0.452s]   name.  It should have the pattern '^[A-Z][A-Za-z0-9]*$'
[0.452s] 
[0.452s] Call Stack (most recent call first):
[0.452s]   /opt/ros/humble/share/rosidl_cmake/cmake/rosidl_generate_interfaces.cmake:130 (rosidl_adapt_interfaces)
[0.452s]   CMakeLists.txt:17 (rosidl_generate_interfaces)
[0.452s] 
[0.452s] [0m
[0.462s] -- Configuring incomplete, errors occurred!
[0.462s] See also "/home/pranav/ws/build/my_robot_interfaces/CMakeFiles/CMakeOutput.log".
[0.463s] Invoked command in '/home/pranav/ws/build/my_robot_interfaces' returned '1': CMAKE_PREFIX_PATH=/home/pranav/ws/install/mypkg:/home/pranav/learning_ws/install/mypkg:/opt/ros/humble /usr/bin/cmake /home/pranav/ws/src/my_robot_interfaces -DAMENT_CMAKE_SYMLINK_INSTALL=1 -DCMAKE_INSTALL_PREFIX=/home/pranav/ws/install/my_robot_interfaces
