[0.696s] Invoking command in '/home/pranav/ws/build/mypkg': PYTHONPATH=/home/pranav/ws/build/mypkg/prefix_override:/usr/lib/python3/dist-packages/colcon_core/task/python/colcon_distutils_commands:/home/pranav/ws/install/mypkg/lib/python3.10/site-packages:${PYTHONPATH} /usr/bin/python3 -W ignore:setup.py install is deprecated setup.py develop --editable --build-directory /home/pranav/ws/build/mypkg/build --no-deps symlink_data
[0.976s] running develop
[1.148s] running egg_info
[1.148s] writing mypkg.egg-info/PKG-INFO
[1.149s] writing dependency_links to mypkg.egg-info/dependency_links.txt
[1.149s] writing entry points to mypkg.egg-info/entry_points.txt
[1.149s] writing requirements to mypkg.egg-info/requires.txt
[1.150s] writing top-level names to mypkg.egg-info/top_level.txt
[1.152s] reading manifest file 'mypkg.egg-info/SOURCES.txt'
[1.153s] writing manifest file 'mypkg.egg-info/SOURCES.txt'
[1.156s] running build_ext
[1.156s] Creating /home/pranav/ws/install/mypkg/lib/python3.10/site-packages/mypkg.egg-link (link to .)
[1.157s] Installing circle script to /home/pranav/ws/install/mypkg/lib/mypkg
[1.157s] Installing pose_sub script to /home/pranav/ws/install/mypkg/lib/mypkg
[1.157s] Installing testnode script to /home/pranav/ws/install/mypkg/lib/mypkg
[1.157s] Installing turtle_controller script to /home/pranav/ws/install/mypkg/lib/mypkg
[1.158s] 
[1.158s] Installed /home/pranav/ws/build/mypkg
[1.158s] running symlink_data
[1.192s] Invoked command in '/home/pranav/ws/build/mypkg' returned '0': PYTHONPATH=/home/pranav/ws/build/mypkg/prefix_override:/usr/lib/python3/dist-packages/colcon_core/task/python/colcon_distutils_commands:/home/pranav/ws/install/mypkg/lib/python3.10/site-packages:${PYTHONPATH} /usr/bin/python3 -W ignore:setup.py install is deprecated setup.py develop --editable --build-directory /home/pranav/ws/build/mypkg/build --no-deps symlink_data
