/home/pranav/ws/install/mypkg/lib/python3.10/site-packages/mypkg/draw_circle.py
/home/pranav/ws/install/mypkg/lib/python3.10/site-packages/mypkg/turtle_controller.py
/home/pranav/ws/install/mypkg/lib/python3.10/site-packages/mypkg/template_python_node.py
/home/pranav/ws/install/mypkg/lib/python3.10/site-packages/mypkg/hw_status_pub.py
/home/pranav/ws/install/mypkg/lib/python3.10/site-packages/mypkg/test1.py
/home/pranav/ws/install/mypkg/lib/python3.10/site-packages/mypkg/pose_sub.py
/home/pranav/ws/install/mypkg/lib/python3.10/site-packages/mypkg/__init__.py
/home/pranav/ws/install/mypkg/lib/python3.10/site-packages/mypkg/__pycache__/draw_circle.cpython-310.pyc
/home/pranav/ws/install/mypkg/lib/python3.10/site-packages/mypkg/__pycache__/turtle_controller.cpython-310.pyc
/home/pranav/ws/install/mypkg/lib/python3.10/site-packages/mypkg/__pycache__/template_python_node.cpython-310.pyc
/home/pranav/ws/install/mypkg/lib/python3.10/site-packages/mypkg/__pycache__/hw_status_pub.cpython-310.pyc
/home/pranav/ws/install/mypkg/lib/python3.10/site-packages/mypkg/__pycache__/test1.cpython-310.pyc
/home/pranav/ws/install/mypkg/lib/python3.10/site-packages/mypkg/__pycache__/pose_sub.cpython-310.pyc
/home/pranav/ws/install/mypkg/lib/python3.10/site-packages/mypkg/__pycache__/__init__.cpython-310.pyc
/home/pranav/ws/install/mypkg/share/ament_index/resource_index/packages/mypkg
/home/pranav/ws/install/mypkg/share/mypkg/package.xml
/home/pranav/ws/install/mypkg/lib/python3.10/site-packages/mypkg-0.0.0-py3.10.egg-info/requires.txt
/home/pranav/ws/install/mypkg/lib/python3.10/site-packages/mypkg-0.0.0-py3.10.egg-info/dependency_links.txt
/home/pranav/ws/install/mypkg/lib/python3.10/site-packages/mypkg-0.0.0-py3.10.egg-info/zip-safe
/home/pranav/ws/install/mypkg/lib/python3.10/site-packages/mypkg-0.0.0-py3.10.egg-info/entry_points.txt
/home/pranav/ws/install/mypkg/lib/python3.10/site-packages/mypkg-0.0.0-py3.10.egg-info/top_level.txt
/home/pranav/ws/install/mypkg/lib/python3.10/site-packages/mypkg-0.0.0-py3.10.egg-info/SOURCES.txt
/home/pranav/ws/install/mypkg/lib/python3.10/site-packages/mypkg-0.0.0-py3.10.egg-info/PKG-INFO
/home/pranav/ws/install/mypkg/lib/mypkg/circle
/home/pranav/ws/install/mypkg/lib/mypkg/hw_status_pub
/home/pranav/ws/install/mypkg/lib/mypkg/pose_sub
/home/pranav/ws/install/mypkg/lib/mypkg/testnode
/home/pranav/ws/install/mypkg/lib/mypkg/turtle_controller
